[INFO] 16:57:03:194 Interbloqueo/(2351:2352): La cantidad de personajes es: 0 y de recursos es: 3
[INFO] 16:57:07:195 Interbloqueo/(2351:2352): ----------------------------------------------
[INFO] 16:57:07:195 Interbloqueo/(2351:2352): La cantidad de personajes es: 0 y de recursos es: 3
[INFO] 16:57:11:195 Interbloqueo/(2351:2352): ----------------------------------------------
[INFO] 16:57:11:195 Interbloqueo/(2351:2352): La cantidad de personajes es: 2 y de recursos es: 3
[INFO] 16:57:11:195 Interbloqueo/(2351:2352): El personajes: # ha sido marcado sin recursos
[INFO] 16:57:11:196 Interbloqueo/(2351:2352): El personajes: @ ha sido marcado con recursos
[INFO] 16:57:15:197 Interbloqueo/(2351:2352): ----------------------------------------------
[INFO] 16:57:15:197 Interbloqueo/(2351:2352): La cantidad de personajes es: 2 y de recursos es: 3
[INFO] 16:57:15:197 Interbloqueo/(2351:2352): El personajes: # ha sido marcado con recursos
[INFO] 16:57:15:197 Interbloqueo/(2351:2352): El personajes: @ ha sido marcado con recursos
[INFO] 16:57:19:199 Interbloqueo/(2351:2352): ----------------------------------------------
[INFO] 16:57:19:199 Interbloqueo/(2351:2352): La cantidad de personajes es: 2 y de recursos es: 3
[INFO] 16:57:19:199 Interbloqueo/(2351:2352): El personajes: # esta en deadlock
[INFO] 16:57:19:199 Interbloqueo/(2351:2352): El personajes: @ esta en deadlock
[INFO] 16:57:19:199 Interbloqueo/(2351:2352): Los personajes que estan en deadlock son: #@ 
[INFO] 16:57:23:201 Interbloqueo/(2351:2352): ----------------------------------------------
[INFO] 16:57:23:201 Interbloqueo/(2351:2352): La cantidad de personajes es: 0 y de recursos es: 3
[INFO] 16:57:27:201 Interbloqueo/(2351:2352): ----------------------------------------------
[INFO] 16:57:27:201 Interbloqueo/(2351:2352): La cantidad de personajes es: 0 y de recursos es: 3
