[INFO] 14:08:59:878 ProcesoPersonaje/(3231:3231): se conecta personaje MarioInterbloqueo a orquestador
[INFO] 14:08:59:879 ProcesoPersonaje/(3231:3231): personaje MarioInterbloqueo solicita al orquestador DATA_NIVEL del Nivel1
[INFO] 14:08:59:879 ProcesoPersonaje/(3231:3231): personaje MarioInterbloqueo cambia a estado 1
[INFO] 14:08:59:879 ProcesoPersonaje/(3231:3231): personaje MarioInterbloqueo solicita al orquestador DATA_NIVEL del Nivel1
[INFO] 14:08:59:879 ProcesoPersonaje/(3231:3231): personaje MarioInterbloqueo cambia a estado 1
[INFO] 14:08:59:879 ProcesoPersonaje/(3231:3231): IP: localhost, PORT: 20002
[INFO] 14:08:59:879 ProcesoPersonaje/(3231:3231): personaje MarioInterbloqueo se desconecta del orquestador
[INFO] 14:08:59:880 ProcesoPersonaje/(3231:3231): personaje MarioInterbloqueo se conecta a Nivel1
[INFO] 14:08:59:880 ProcesoPersonaje/(3231:3231): personaje MarioInterbloqueo se conecta a planificador de Nivel1
[INFO] 14:08:59:880 ProcesoPersonaje/(3231:3231): mande HANDSHAKE a Nivel1
[INFO] 14:08:59:881 ProcesoPersonaje/(3231:3231): mande HANDSHAKE a planificador
[INFO] 14:08:59:881 ProcesoPersonaje/(3231:3231): recurso del nivel: H
[INFO] 14:08:59:881 ProcesoPersonaje/(3231:3231): recurso del nivel: F
[INFO] 14:08:59:881 ProcesoPersonaje/(3231:3231): personaje MarioInterbloqueo cambia a estado 0
[INFO] 14:09:00:785 ProcesoPersonaje/(3231:3231): proximo recurso: H
[INFO] 14:09:00:785 ProcesoPersonaje/(3231:3231): personaje MarioInterbloqueo cambia a estado 2
[INFO] 14:09:00:948 ProcesoPersonaje/(3235:3235): se conecta personaje LuigiInterbloqueo a orquestador
[INFO] 14:09:00:948 ProcesoPersonaje/(3235:3235): personaje LuigiInterbloqueo solicita al orquestador DATA_NIVEL del Nivel1
[INFO] 14:09:00:948 ProcesoPersonaje/(3235:3235): personaje LuigiInterbloqueo cambia a estado 1
[INFO] 14:09:00:948 ProcesoPersonaje/(3235:3235): personaje LuigiInterbloqueo solicita al orquestador DATA_NIVEL del Nivel1
[INFO] 14:09:00:948 ProcesoPersonaje/(3235:3235): personaje LuigiInterbloqueo cambia a estado 1
[INFO] 14:09:00:949 ProcesoPersonaje/(3235:3235): IP: localhost, PORT: 20002
[INFO] 14:09:00:950 ProcesoPersonaje/(3235:3235): personaje LuigiInterbloqueo se desconecta del orquestador
[INFO] 14:09:00:951 ProcesoPersonaje/(3235:3235): personaje LuigiInterbloqueo se conecta a Nivel1
[INFO] 14:09:00:951 ProcesoPersonaje/(3235:3235): personaje LuigiInterbloqueo se conecta a planificador de Nivel1
[INFO] 14:09:00:952 ProcesoPersonaje/(3235:3235): mande HANDSHAKE a Nivel1
[INFO] 14:09:00:952 ProcesoPersonaje/(3235:3235): mande HANDSHAKE a planificador
[INFO] 14:09:00:952 ProcesoPersonaje/(3235:3235): recurso del nivel: F
[INFO] 14:09:00:952 ProcesoPersonaje/(3235:3235): recurso del nivel: H
[INFO] 14:09:00:953 ProcesoPersonaje/(3235:3235): personaje LuigiInterbloqueo cambia a estado 0
[INFO] 14:09:01:195 ProcesoPersonaje/(3235:3235): proximo recurso: F
[INFO] 14:09:01:196 ProcesoPersonaje/(3235:3235): personaje LuigiInterbloqueo cambia a estado 2
[INFO] 14:09:03:856 ProcesoPersonaje/(3231:3231): personaje MarioInterbloqueo obtuvo recurso H en Nivel1
[INFO] 14:09:03:856 ProcesoPersonaje/(3231:3231): personaje MarioInterbloqueo cambia a estado 0
[INFO] 14:09:03:857 ProcesoPersonaje/(3231:3231): proximo recurso: F
[INFO] 14:09:03:857 ProcesoPersonaje/(3231:3231): personaje MarioInterbloqueo cambia a estado 2
[INFO] 14:09:04:470 ProcesoPersonaje/(3235:3235): personaje LuigiInterbloqueo obtuvo recurso F en Nivel1
[INFO] 14:09:04:471 ProcesoPersonaje/(3235:3235): personaje LuigiInterbloqueo cambia a estado 0
[INFO] 14:09:04:471 ProcesoPersonaje/(3235:3235): proximo recurso: H
[INFO] 14:09:04:471 ProcesoPersonaje/(3235:3235): personaje LuigiInterbloqueo cambia a estado 2
[INFO] 14:09:08:770 ProcesoPersonaje/(3231:3231): personaje MarioInterbloqueo se encuentra bloqueado por el recurso F en el Nivel1
[INFO] 14:09:08:770 ProcesoPersonaje/(3231:3231): personaje MarioInterbloqueo cambia a estado 0
[INFO] 14:09:09:350 ProcesoPersonaje/(3235:3235): personaje LuigiInterbloqueo se encuentra bloqueado por el recurso H en el Nivel1
[INFO] 14:09:09:351 ProcesoPersonaje/(3235:3235): personaje LuigiInterbloqueo cambia a estado 0
[INFO] 14:09:12:624 ProcesoPersonaje/(3235:3235): vidas restantes del personaje LuigiInterbloqueo: 4
[INFO] 14:09:12:624 ProcesoPersonaje/(3235:3235): personaje LuigiInterbloqueo se conecta a Nivel1
[INFO] 14:09:12:624 ProcesoPersonaje/(3235:3235): personaje LuigiInterbloqueo se conecta a planificador de Nivel1
[INFO] 14:09:12:625 ProcesoPersonaje/(3235:3235): mande HANDSHAKE a Nivel1
[INFO] 14:09:12:625 ProcesoPersonaje/(3235:3235): mande HANDSHAKE a planificador
[INFO] 14:09:12:625 ProcesoPersonaje/(3235:3235): personaje LuigiInterbloqueo reinicio el Nivel1
[INFO] 14:09:12:625 ProcesoPersonaje/(3235:3235): personaje LuigiInterbloqueo murio por interbloqueo en Nivel1
[INFO] 14:09:13:532 ProcesoPersonaje/(3231:3231): personaje MarioInterbloqueo obtuvo recurso F en Nivel1
[INFO] 14:09:13:532 ProcesoPersonaje/(3231:3231): personaje MarioInterbloqueo avisa a Nivel1 que lo termino
[INFO] 14:09:13:532 ProcesoPersonaje/(3231:3231): personaje MarioInterbloqueo avisa al planificador de Nivel1 que lo termino
[INFO] 14:09:13:533 ProcesoPersonaje/(3231:3231): personaje MarioInterbloqueo termino Nivel1
[INFO] 14:09:13:533 ProcesoPersonaje/(3231:3231): personaje MarioInterbloqueo se desconecta del Nivel1
[INFO] 14:09:13:533 ProcesoPersonaje/(3231:3231): personaje MarioInterbloqueo se desconecta del planificador de Nivel1
[INFO] 14:09:13:533 ProcesoPersonaje/(3231:3231): personaje MarioInterbloqueo cambia a estado 4
[INFO] 14:09:14:270 ProcesoPersonaje/(3235:3235): proximo recurso: F
[INFO] 14:09:14:270 ProcesoPersonaje/(3235:3235): personaje LuigiInterbloqueo cambia a estado 2
[INFO] 14:09:15:909 ProcesoPersonaje/(3235:3235): personaje LuigiInterbloqueo obtuvo recurso F en Nivel1
[INFO] 14:09:15:909 ProcesoPersonaje/(3235:3235): personaje LuigiInterbloqueo cambia a estado 0
[INFO] 14:09:16:111 ProcesoPersonaje/(3235:3235): proximo recurso: H
[INFO] 14:09:16:111 ProcesoPersonaje/(3235:3235): personaje LuigiInterbloqueo cambia a estado 2
[INFO] 14:09:18:571 ProcesoPersonaje/(3235:3235): personaje LuigiInterbloqueo obtuvo recurso H en Nivel1
[INFO] 14:09:18:571 ProcesoPersonaje/(3235:3235): personaje LuigiInterbloqueo avisa a Nivel1 que lo termino
[INFO] 14:09:18:571 ProcesoPersonaje/(3235:3235): personaje LuigiInterbloqueo avisa al planificador de Nivel1 que lo termino
[INFO] 14:09:18:571 ProcesoPersonaje/(3235:3235): personaje LuigiInterbloqueo termino Nivel1
[INFO] 14:09:18:571 ProcesoPersonaje/(3235:3235): personaje LuigiInterbloqueo se desconecta del Nivel1
[INFO] 14:09:18:572 ProcesoPersonaje/(3235:3235): personaje LuigiInterbloqueo se desconecta del planificador de Nivel1
[INFO] 14:09:18:572 ProcesoPersonaje/(3235:3235): personaje LuigiInterbloqueo cambia a estado 4
[INFO] 14:09:18:572 ProcesoPersonaje/(3235:3235): se conecta personaje LuigiInterbloqueo a orquestador
[INFO] 14:09:18:573 ProcesoPersonaje/(3235:3235): personaje LuigiInterbloqueo cambia a estado 5
[INFO] 14:09:18:573 ProcesoPersonaje/(3235:3235): personaje LuigiInterbloqueo gano su plan de niveles!
[INFO] 14:09:18:573 ProcesoPersonaje/(3235:3235): personaje LuigiInterbloqueo informo al orquestador que gano
[INFO] 14:28:31:286 ProcesoPersonaje/(3621:3621): se conecta personaje Mario a orquestador
[INFO] 14:28:31:286 ProcesoPersonaje/(3621:3621): personaje Mario solicita al orquestador DATA_NIVEL del Nivel1
[INFO] 14:28:31:286 ProcesoPersonaje/(3621:3621): personaje Mario cambia a estado 1
[INFO] 14:28:31:286 ProcesoPersonaje/(3621:3621): personaje Mario solicita al orquestador DATA_NIVEL del Nivel1
[INFO] 14:28:31:286 ProcesoPersonaje/(3621:3621): personaje Mario cambia a estado 1
[INFO] 14:28:31:287 ProcesoPersonaje/(3621:3621): IP: localhost, PORT: 20004
[INFO] 14:28:31:287 ProcesoPersonaje/(3621:3621): personaje Mario se desconecta del orquestador
[INFO] 14:28:31:288 ProcesoPersonaje/(3621:3621): personaje Mario se conecta a Nivel1
[INFO] 14:28:31:288 ProcesoPersonaje/(3621:3621): personaje Mario se conecta a planificador de Nivel1
[INFO] 14:28:31:288 ProcesoPersonaje/(3621:3621): mande HANDSHAKE a Nivel1
[INFO] 14:28:31:288 ProcesoPersonaje/(3621:3621): mande HANDSHAKE a planificador
[INFO] 14:28:31:288 ProcesoPersonaje/(3621:3621): recurso del nivel: F
[INFO] 14:28:31:288 ProcesoPersonaje/(3621:3621): personaje Mario cambia a estado 0
[INFO] 14:28:32:193 ProcesoPersonaje/(3621:3621): proximo recurso: F
[INFO] 14:28:32:193 ProcesoPersonaje/(3621:3621): personaje Mario cambia a estado 2
[INFO] 14:28:33:828 ProcesoPersonaje/(3621:3621): personaje Mario obtuvo recurso F en Nivel1
[INFO] 14:28:33:829 ProcesoPersonaje/(3621:3621): personaje Mario avisa a Nivel1 que lo termino
[INFO] 14:28:33:829 ProcesoPersonaje/(3621:3621): personaje Mario avisa al planificador de Nivel1 que lo termino
[INFO] 14:28:33:829 ProcesoPersonaje/(3621:3621): personaje Mario termino Nivel1
[INFO] 14:28:33:829 ProcesoPersonaje/(3621:3621): personaje Mario se desconecta del Nivel1
[INFO] 14:28:33:829 ProcesoPersonaje/(3621:3621): personaje Mario se desconecta del planificador de Nivel1
[INFO] 14:28:33:829 ProcesoPersonaje/(3621:3621): personaje Mario cambia a estado 4
[INFO] 14:28:33:830 ProcesoPersonaje/(3621:3621): se conecta personaje Mario a orquestador
[INFO] 14:28:33:831 ProcesoPersonaje/(3621:3621): personaje Mario solicita al orquestador DATA_NIVEL del Nivel3
[INFO] 14:28:33:831 ProcesoPersonaje/(3621:3621): personaje Mario cambia a estado 1
[INFO] 14:28:33:831 ProcesoPersonaje/(3621:3621): personaje Mario solicita al orquestador DATA_NIVEL del Nivel3
[INFO] 14:28:33:832 ProcesoPersonaje/(3621:3621): personaje Mario cambia a estado 1
[INFO] 14:28:33:832 ProcesoPersonaje/(3621:3621): IP: localhost, PORT: 20020
[INFO] 14:28:33:833 ProcesoPersonaje/(3621:3621): personaje Mario se desconecta del orquestador
[INFO] 14:28:33:834 ProcesoPersonaje/(3621:3621): personaje Mario se conecta a Nivel3
[INFO] 14:28:33:834 ProcesoPersonaje/(3621:3621): personaje Mario se conecta a planificador de Nivel3
[INFO] 14:28:33:835 ProcesoPersonaje/(3621:3621): mande HANDSHAKE a Nivel3
[INFO] 14:28:33:835 ProcesoPersonaje/(3621:3621): mande HANDSHAKE a planificador
[INFO] 14:28:33:835 ProcesoPersonaje/(3621:3621): recurso del nivel: M
[INFO] 14:28:33:835 ProcesoPersonaje/(3621:3621): recurso del nivel: H
[INFO] 14:28:33:835 ProcesoPersonaje/(3621:3621): recurso del nivel: F
[INFO] 14:28:33:835 ProcesoPersonaje/(3621:3621): recurso del nivel: M
[INFO] 14:28:33:835 ProcesoPersonaje/(3621:3621): recurso del nivel: F
[INFO] 14:28:33:835 ProcesoPersonaje/(3621:3621): personaje Mario cambia a estado 0
[INFO] 14:28:34:740 ProcesoPersonaje/(3621:3621): proximo recurso: M
[INFO] 14:28:34:740 ProcesoPersonaje/(3621:3621): personaje Mario cambia a estado 2
[INFO] 14:28:35:971 ProcesoPersonaje/(3621:3621): personaje Mario obtuvo recurso M en Nivel3
[INFO] 14:28:35:971 ProcesoPersonaje/(3621:3621): personaje Mario cambia a estado 0
[INFO] 14:28:36:172 ProcesoPersonaje/(3621:3621): proximo recurso: H
[INFO] 14:28:36:172 ProcesoPersonaje/(3621:3621): personaje Mario cambia a estado 2
[INFO] 14:28:37:607 ProcesoPersonaje/(3621:3621): personaje Mario obtuvo recurso H en Nivel3
[INFO] 14:28:37:607 ProcesoPersonaje/(3621:3621): personaje Mario cambia a estado 0
[INFO] 14:28:37:608 ProcesoPersonaje/(3621:3621): proximo recurso: F
[INFO] 14:28:37:608 ProcesoPersonaje/(3621:3621): personaje Mario cambia a estado 2
[INFO] 14:28:38:831 ProcesoPersonaje/(3621:3621): personaje Mario obtuvo recurso F en Nivel3
[INFO] 14:28:38:831 ProcesoPersonaje/(3621:3621): personaje Mario cambia a estado 0
[INFO] 14:28:38:832 ProcesoPersonaje/(3621:3621): proximo recurso: M
[INFO] 14:28:38:832 ProcesoPersonaje/(3621:3621): personaje Mario cambia a estado 2
[INFO] 14:28:39:857 ProcesoPersonaje/(3621:3621): personaje Mario obtuvo recurso M en Nivel3
[INFO] 14:28:39:857 ProcesoPersonaje/(3621:3621): personaje Mario cambia a estado 0
[INFO] 14:28:39:858 ProcesoPersonaje/(3621:3621): proximo recurso: F
[INFO] 14:28:39:858 ProcesoPersonaje/(3621:3621): personaje Mario cambia a estado 2
[INFO] 14:28:40:880 ProcesoPersonaje/(3621:3621): personaje Mario obtuvo recurso F en Nivel3
[INFO] 14:28:40:880 ProcesoPersonaje/(3621:3621): personaje Mario avisa a Nivel3 que lo termino
[INFO] 14:28:40:880 ProcesoPersonaje/(3621:3621): personaje Mario avisa al planificador de Nivel3 que lo termino
[INFO] 14:28:40:881 ProcesoPersonaje/(3621:3621): personaje Mario termino Nivel3
[INFO] 14:28:40:881 ProcesoPersonaje/(3621:3621): personaje Mario se desconecta del Nivel3
[INFO] 14:28:40:881 ProcesoPersonaje/(3621:3621): personaje Mario se desconecta del planificador de Nivel3
[INFO] 14:28:40:881 ProcesoPersonaje/(3621:3621): personaje Mario cambia a estado 4
[INFO] 14:28:40:881 ProcesoPersonaje/(3621:3621): se conecta personaje Mario a orquestador
[INFO] 14:28:40:881 ProcesoPersonaje/(3621:3621): personaje Mario cambia a estado 5
[INFO] 14:28:40:881 ProcesoPersonaje/(3621:3621): personaje Mario gano su plan de niveles!
[INFO] 14:28:40:882 ProcesoPersonaje/(3621:3621): personaje Mario informo al orquestador que gano
[INFO] 14:34:26:768 ProcesoPersonaje/(3854:3854): intentando
[INFO] 14:34:26:769 ProcesoPersonaje/(3854:3854): se conecta personaje MarioInterbloqueo a orquestador
[INFO] 14:34:26:769 ProcesoPersonaje/(3854:3854): personaje MarioInterbloqueo solicita al orquestador DATA_NIVEL del Nivel1
[INFO] 14:34:26:771 ProcesoPersonaje/(3854:3854): personaje MarioInterbloqueo cambia a estado 1
[INFO] 14:34:26:771 ProcesoPersonaje/(3854:3854): personaje MarioInterbloqueo solicita al orquestador DATA_NIVEL del Nivel1
[INFO] 14:34:26:771 ProcesoPersonaje/(3854:3854): personaje MarioInterbloqueo cambia a estado 1
[INFO] 14:34:28:174 ProcesoPersonaje/(3855:3855): intentando
[INFO] 14:34:28:175 ProcesoPersonaje/(3855:3855): se conecta personaje LuigiInterbloqueo a orquestador
[INFO] 14:34:28:175 ProcesoPersonaje/(3855:3855): personaje LuigiInterbloqueo solicita al orquestador DATA_NIVEL del Nivel1
[INFO] 14:34:28:175 ProcesoPersonaje/(3855:3855): personaje LuigiInterbloqueo cambia a estado 1
[INFO] 14:34:28:175 ProcesoPersonaje/(3855:3855): personaje LuigiInterbloqueo solicita al orquestador DATA_NIVEL del Nivel1
[INFO] 14:34:28:175 ProcesoPersonaje/(3855:3855): personaje LuigiInterbloqueo cambia a estado 1
[INFO] 14:34:31:772 ProcesoPersonaje/(3854:3854): el personaje MarioInterbloqueo no recibio data de Nivel1
[INFO] 14:34:31:772 ProcesoPersonaje/(3854:3854): personaje MarioInterbloqueo solicita al orquestador DATA_NIVEL del Nivel1
[INFO] 14:34:31:772 ProcesoPersonaje/(3854:3854): personaje MarioInterbloqueo cambia a estado 1
[INFO] 14:34:33:178 ProcesoPersonaje/(3855:3855): el personaje LuigiInterbloqueo no recibio data de Nivel1
[INFO] 14:34:33:178 ProcesoPersonaje/(3855:3855): personaje LuigiInterbloqueo solicita al orquestador DATA_NIVEL del Nivel1
[INFO] 14:34:33:178 ProcesoPersonaje/(3855:3855): personaje LuigiInterbloqueo cambia a estado 1
[INFO] 14:34:36:773 ProcesoPersonaje/(3854:3854): el personaje MarioInterbloqueo no recibio data de Nivel1
[INFO] 14:34:36:774 ProcesoPersonaje/(3854:3854): personaje MarioInterbloqueo solicita al orquestador DATA_NIVEL del Nivel1
[INFO] 14:34:36:774 ProcesoPersonaje/(3854:3854): personaje MarioInterbloqueo cambia a estado 1
[INFO] 14:34:38:179 ProcesoPersonaje/(3855:3855): el personaje LuigiInterbloqueo no recibio data de Nivel1
[INFO] 14:34:38:179 ProcesoPersonaje/(3855:3855): personaje LuigiInterbloqueo solicita al orquestador DATA_NIVEL del Nivel1
[INFO] 14:34:38:179 ProcesoPersonaje/(3855:3855): personaje LuigiInterbloqueo cambia a estado 1
[INFO] 14:34:41:774 ProcesoPersonaje/(3854:3854): el personaje MarioInterbloqueo no recibio data de Nivel1
[INFO] 14:34:41:774 ProcesoPersonaje/(3854:3854): personaje MarioInterbloqueo solicita al orquestador DATA_NIVEL del Nivel1
[INFO] 14:34:41:774 ProcesoPersonaje/(3854:3854): personaje MarioInterbloqueo cambia a estado 1
[INFO] 14:34:43:179 ProcesoPersonaje/(3855:3855): el personaje LuigiInterbloqueo no recibio data de Nivel1
[INFO] 14:34:43:179 ProcesoPersonaje/(3855:3855): personaje LuigiInterbloqueo solicita al orquestador DATA_NIVEL del Nivel1
[INFO] 14:34:43:179 ProcesoPersonaje/(3855:3855): personaje LuigiInterbloqueo cambia a estado 1
[INFO] 14:34:46:775 ProcesoPersonaje/(3854:3854): el personaje MarioInterbloqueo no recibio data de Nivel1
[INFO] 14:34:46:775 ProcesoPersonaje/(3854:3854): personaje MarioInterbloqueo solicita al orquestador DATA_NIVEL del Nivel1
[INFO] 14:34:46:775 ProcesoPersonaje/(3854:3854): personaje MarioInterbloqueo cambia a estado 1
[INFO] 14:34:48:180 ProcesoPersonaje/(3855:3855): el personaje LuigiInterbloqueo no recibio data de Nivel1
[INFO] 14:34:48:180 ProcesoPersonaje/(3855:3855): personaje LuigiInterbloqueo solicita al orquestador DATA_NIVEL del Nivel1
[INFO] 14:34:48:180 ProcesoPersonaje/(3855:3855): personaje LuigiInterbloqueo cambia a estado 1
[INFO] 14:34:48:180 ProcesoPersonaje/(3855:3855): IP: localhost, PORT: 20006
[INFO] 14:34:48:180 ProcesoPersonaje/(3855:3855): personaje LuigiInterbloqueo se desconecta del orquestador
[INFO] 14:34:48:181 ProcesoPersonaje/(3855:3855): personaje LuigiInterbloqueo se conecta a Nivel1
[INFO] 14:34:48:181 ProcesoPersonaje/(3855:3855): personaje LuigiInterbloqueo se conecta a planificador de Nivel1
[INFO] 14:34:48:181 ProcesoPersonaje/(3855:3855): mande HANDSHAKE a Nivel1
[INFO] 14:34:48:181 ProcesoPersonaje/(3855:3855): mande HANDSHAKE a planificador
[INFO] 14:34:48:181 ProcesoPersonaje/(3855:3855): recurso del nivel: F
[INFO] 14:34:48:181 ProcesoPersonaje/(3855:3855): recurso del nivel: H
[INFO] 14:34:48:181 ProcesoPersonaje/(3855:3855): personaje LuigiInterbloqueo cambia a estado 0
[INFO] 14:34:49:117 ProcesoPersonaje/(3855:3855): proximo recurso: F
[INFO] 14:34:49:117 ProcesoPersonaje/(3855:3855): personaje LuigiInterbloqueo cambia a estado 2
[INFO] 14:34:50:745 ProcesoPersonaje/(3855:3855): personaje LuigiInterbloqueo obtuvo recurso F en Nivel1
[INFO] 14:34:50:745 ProcesoPersonaje/(3855:3855): personaje LuigiInterbloqueo cambia a estado 0
[INFO] 14:34:50:746 ProcesoPersonaje/(3855:3855): proximo recurso: H
[INFO] 14:34:50:746 ProcesoPersonaje/(3855:3855): personaje LuigiInterbloqueo cambia a estado 2
[INFO] 14:34:51:776 ProcesoPersonaje/(3854:3854): el personaje MarioInterbloqueo no recibio data de Nivel1
[INFO] 14:34:52:727 ProcesoPersonaje/(3854:3854): personaje MarioInterbloqueo solicita al orquestador DATA_NIVEL del Nivel1
[INFO] 14:34:52:728 ProcesoPersonaje/(3854:3854): personaje MarioInterbloqueo cambia a estado 1
[INFO] 14:34:52:728 ProcesoPersonaje/(3854:3854): IP: localhost, PORT: 20006
[INFO] 14:34:52:729 ProcesoPersonaje/(3854:3854): personaje MarioInterbloqueo se desconecta del orquestador
[INFO] 14:34:52:730 ProcesoPersonaje/(3854:3854): personaje MarioInterbloqueo se conecta a Nivel1
[INFO] 14:34:52:731 ProcesoPersonaje/(3854:3854): personaje MarioInterbloqueo se conecta a planificador de Nivel1
[INFO] 14:34:52:731 ProcesoPersonaje/(3854:3854): mande HANDSHAKE a Nivel1
[INFO] 14:34:52:731 ProcesoPersonaje/(3854:3854): mande HANDSHAKE a planificador
[INFO] 14:34:52:732 ProcesoPersonaje/(3854:3854): recurso del nivel: H
[INFO] 14:34:52:732 ProcesoPersonaje/(3854:3854): recurso del nivel: F
[INFO] 14:34:52:732 ProcesoPersonaje/(3854:3854): personaje MarioInterbloqueo cambia a estado 0
[INFO] 14:34:53:142 ProcesoPersonaje/(3854:3854): proximo recurso: H
[INFO] 14:34:53:142 ProcesoPersonaje/(3854:3854): personaje MarioInterbloqueo cambia a estado 2
[INFO] 14:34:55:812 ProcesoPersonaje/(3855:3855): personaje LuigiInterbloqueo obtuvo recurso H en Nivel1
[INFO] 14:34:55:813 ProcesoPersonaje/(3855:3855): personaje LuigiInterbloqueo avisa a Nivel1 que lo termino
[INFO] 14:34:55:813 ProcesoPersonaje/(3855:3855): personaje LuigiInterbloqueo avisa al planificador de Nivel1 que lo termino
[INFO] 14:34:55:813 ProcesoPersonaje/(3855:3855): personaje LuigiInterbloqueo termino Nivel1
[INFO] 14:34:55:813 ProcesoPersonaje/(3855:3855): personaje LuigiInterbloqueo se desconecta del Nivel1
[INFO] 14:34:55:813 ProcesoPersonaje/(3855:3855): personaje LuigiInterbloqueo se desconecta del planificador de Nivel1
[INFO] 14:34:55:813 ProcesoPersonaje/(3855:3855): personaje LuigiInterbloqueo cambia a estado 4
[INFO] 14:34:55:813 ProcesoPersonaje/(3855:3855): intentando
[INFO] 14:34:55:814 ProcesoPersonaje/(3855:3855): se conecta personaje LuigiInterbloqueo a orquestador
[INFO] 14:34:55:814 ProcesoPersonaje/(3855:3855): personaje LuigiInterbloqueo cambia a estado 5
[INFO] 14:34:55:814 ProcesoPersonaje/(3855:3855): personaje LuigiInterbloqueo gano su plan de niveles!
[INFO] 14:34:55:814 ProcesoPersonaje/(3855:3855): personaje LuigiInterbloqueo informo al orquestador que gano
[INFO] 14:34:56:222 ProcesoPersonaje/(3854:3854): personaje MarioInterbloqueo obtuvo recurso H en Nivel1
[INFO] 14:34:56:222 ProcesoPersonaje/(3854:3854): personaje MarioInterbloqueo cambia a estado 0
[INFO] 14:34:56:423 ProcesoPersonaje/(3854:3854): proximo recurso: F
[INFO] 14:34:56:424 ProcesoPersonaje/(3854:3854): personaje MarioInterbloqueo cambia a estado 2
[INFO] 14:34:59:26 ProcesoPersonaje/(3854:3854): personaje MarioInterbloqueo obtuvo recurso F en Nivel1
[INFO] 14:34:59:26 ProcesoPersonaje/(3854:3854): personaje MarioInterbloqueo avisa a Nivel1 que lo termino
[INFO] 14:34:59:26 ProcesoPersonaje/(3854:3854): personaje MarioInterbloqueo avisa al planificador de Nivel1 que lo termino
[INFO] 14:34:59:26 ProcesoPersonaje/(3854:3854): personaje MarioInterbloqueo termino Nivel1
[INFO] 14:34:59:27 ProcesoPersonaje/(3854:3854): personaje MarioInterbloqueo se desconecta del Nivel1
[INFO] 14:34:59:27 ProcesoPersonaje/(3854:3854): personaje MarioInterbloqueo se desconecta del planificador de Nivel1
[INFO] 14:34:59:27 ProcesoPersonaje/(3854:3854): personaje MarioInterbloqueo cambia a estado 4
[INFO] 14:34:59:27 ProcesoPersonaje/(3854:3854): intentando
[INFO] 14:34:59:28 ProcesoPersonaje/(3854:3854): se conecta personaje MarioInterbloqueo a orquestador
[INFO] 14:34:59:28 ProcesoPersonaje/(3854:3854): personaje MarioInterbloqueo cambia a estado 5
[INFO] 14:34:59:28 ProcesoPersonaje/(3854:3854): personaje MarioInterbloqueo gano su plan de niveles!
[INFO] 14:34:59:28 ProcesoPersonaje/(3854:3854): personaje MarioInterbloqueo informo al orquestador que gano
[INFO] 14:39:22:75 ProcesoPersonaje/(3903:3903): intentando
[INFO] 14:39:22:76 ProcesoPersonaje/(3903:3903): se conecta personaje MarioInterbloqueo a orquestador
[INFO] 14:39:22:76 ProcesoPersonaje/(3903:3903): personaje MarioInterbloqueo solicita al orquestador DATA_NIVEL del Nivel1
[INFO] 14:39:22:76 ProcesoPersonaje/(3903:3903): personaje MarioInterbloqueo cambia a estado 1
[INFO] 14:39:22:76 ProcesoPersonaje/(3903:3903): personaje MarioInterbloqueo solicita al orquestador DATA_NIVEL del Nivel1
[INFO] 14:39:22:76 ProcesoPersonaje/(3903:3903): personaje MarioInterbloqueo cambia a estado 1
[INFO] 14:39:22:77 ProcesoPersonaje/(3903:3903): IP: localhost, PORT: 20004
[INFO] 14:39:22:78 ProcesoPersonaje/(3903:3903): personaje MarioInterbloqueo se desconecta del orquestador
[INFO] 14:39:22:78 ProcesoPersonaje/(3903:3903): personaje MarioInterbloqueo se conecta a Nivel1
[INFO] 14:39:22:78 ProcesoPersonaje/(3903:3903): personaje MarioInterbloqueo se conecta a planificador de Nivel1
[INFO] 14:39:22:79 ProcesoPersonaje/(3903:3903): mande HANDSHAKE a Nivel1
[INFO] 14:39:22:79 ProcesoPersonaje/(3903:3903): mande HANDSHAKE a planificador
[INFO] 14:39:22:79 ProcesoPersonaje/(3903:3903): recurso del nivel: H
[INFO] 14:39:22:79 ProcesoPersonaje/(3903:3903): recurso del nivel: F
[INFO] 14:39:22:79 ProcesoPersonaje/(3903:3903): personaje MarioInterbloqueo cambia a estado 0
[INFO] 14:39:22:843 ProcesoPersonaje/(3904:3904): intentando
[INFO] 14:39:22:844 ProcesoPersonaje/(3904:3904): se conecta personaje LuigiInterbloqueo a orquestador
[INFO] 14:39:22:844 ProcesoPersonaje/(3904:3904): personaje LuigiInterbloqueo solicita al orquestador DATA_NIVEL del Nivel1
[INFO] 14:39:22:844 ProcesoPersonaje/(3904:3904): personaje LuigiInterbloqueo cambia a estado 1
[INFO] 14:39:22:845 ProcesoPersonaje/(3904:3904): personaje LuigiInterbloqueo solicita al orquestador DATA_NIVEL del Nivel1
[INFO] 14:39:22:845 ProcesoPersonaje/(3904:3904): personaje LuigiInterbloqueo cambia a estado 1
[INFO] 14:39:22:845 ProcesoPersonaje/(3904:3904): IP: localhost, PORT: 20004
[INFO] 14:39:22:845 ProcesoPersonaje/(3904:3904): personaje LuigiInterbloqueo se desconecta del orquestador
[INFO] 14:39:22:847 ProcesoPersonaje/(3904:3904): personaje LuigiInterbloqueo se conecta a Nivel1
[INFO] 14:39:22:847 ProcesoPersonaje/(3904:3904): personaje LuigiInterbloqueo se conecta a planificador de Nivel1
[INFO] 14:39:22:848 ProcesoPersonaje/(3904:3904): mande HANDSHAKE a Nivel1
[INFO] 14:39:22:848 ProcesoPersonaje/(3904:3904): mande HANDSHAKE a planificador
[INFO] 14:39:22:848 ProcesoPersonaje/(3904:3904): recurso del nivel: F
[INFO] 14:39:22:848 ProcesoPersonaje/(3904:3904): recurso del nivel: H
[INFO] 14:39:22:848 ProcesoPersonaje/(3904:3904): personaje LuigiInterbloqueo cambia a estado 0
[INFO] 14:39:22:983 ProcesoPersonaje/(3903:3903): proximo recurso: H
[INFO] 14:39:22:984 ProcesoPersonaje/(3903:3903): personaje MarioInterbloqueo cambia a estado 2
[INFO] 14:39:23:187 ProcesoPersonaje/(3904:3904): proximo recurso: F
[INFO] 14:39:23:188 ProcesoPersonaje/(3904:3904): personaje LuigiInterbloqueo cambia a estado 2
[INFO] 14:39:26:283 ProcesoPersonaje/(3903:3903): personaje MarioInterbloqueo obtuvo recurso H en Nivel1
[INFO] 14:39:26:283 ProcesoPersonaje/(3903:3903): personaje MarioInterbloqueo cambia a estado 0
[INFO] 14:39:26:284 ProcesoPersonaje/(3903:3903): proximo recurso: F
[INFO] 14:39:26:284 ProcesoPersonaje/(3903:3903): personaje MarioInterbloqueo cambia a estado 2
[INFO] 14:39:26:490 ProcesoPersonaje/(3904:3904): personaje LuigiInterbloqueo obtuvo recurso F en Nivel1
[INFO] 14:39:26:490 ProcesoPersonaje/(3904:3904): personaje LuigiInterbloqueo cambia a estado 0
[INFO] 14:39:26:491 ProcesoPersonaje/(3904:3904): proximo recurso: H
[INFO] 14:39:26:491 ProcesoPersonaje/(3904:3904): personaje LuigiInterbloqueo cambia a estado 2
[INFO] 14:39:31:194 ProcesoPersonaje/(3903:3903): personaje MarioInterbloqueo se encuentra bloqueado por el recurso F en el Nivel1
[INFO] 14:39:31:194 ProcesoPersonaje/(3903:3903): personaje MarioInterbloqueo cambia a estado 0
[INFO] 14:39:31:399 ProcesoPersonaje/(3904:3904): personaje LuigiInterbloqueo se encuentra bloqueado por el recurso H en el Nivel1
[INFO] 14:39:31:399 ProcesoPersonaje/(3904:3904): personaje LuigiInterbloqueo cambia a estado 0
[INFO] 14:39:35:88 ProcesoPersonaje/(3904:3904): vidas restantes del personaje LuigiInterbloqueo: 4
[INFO] 14:39:35:89 ProcesoPersonaje/(3904:3904): personaje LuigiInterbloqueo se conecta a Nivel1
[INFO] 14:39:35:89 ProcesoPersonaje/(3904:3904): personaje LuigiInterbloqueo se conecta a planificador de Nivel1
[INFO] 14:39:35:90 ProcesoPersonaje/(3904:3904): mande HANDSHAKE a Nivel1
[INFO] 14:39:35:90 ProcesoPersonaje/(3904:3904): mande HANDSHAKE a planificador
[INFO] 14:39:35:90 ProcesoPersonaje/(3904:3904): personaje LuigiInterbloqueo reinicio el Nivel1
[INFO] 14:39:35:90 ProcesoPersonaje/(3904:3904): personaje LuigiInterbloqueo murio por interbloqueo en Nivel1
[INFO] 14:39:35:813 ProcesoPersonaje/(3904:3904): proximo recurso: F
[INFO] 14:39:35:813 ProcesoPersonaje/(3904:3904): personaje LuigiInterbloqueo cambia a estado 2
[INFO] 14:39:36:18 ProcesoPersonaje/(3903:3903): personaje MarioInterbloqueo obtuvo recurso F en Nivel1
[INFO] 14:39:36:19 ProcesoPersonaje/(3903:3903): personaje MarioInterbloqueo avisa a Nivel1 que lo termino
[INFO] 14:39:36:19 ProcesoPersonaje/(3903:3903): personaje MarioInterbloqueo avisa al planificador de Nivel1 que lo termino
[INFO] 14:39:36:19 ProcesoPersonaje/(3903:3903): personaje MarioInterbloqueo termino Nivel1
[INFO] 14:39:36:19 ProcesoPersonaje/(3903:3903): personaje MarioInterbloqueo se desconecta del Nivel1
[INFO] 14:39:36:19 ProcesoPersonaje/(3903:3903): personaje MarioInterbloqueo se desconecta del planificador de Nivel1
[INFO] 14:39:36:19 ProcesoPersonaje/(3903:3903): personaje MarioInterbloqueo cambia a estado 4
[INFO] 14:39:38:159 ProcesoPersonaje/(3904:3904): personaje LuigiInterbloqueo obtuvo recurso F en Nivel1
[INFO] 14:39:38:159 ProcesoPersonaje/(3904:3904): personaje LuigiInterbloqueo cambia a estado 0
[INFO] 14:39:38:361 ProcesoPersonaje/(3904:3904): proximo recurso: H
[INFO] 14:39:38:362 ProcesoPersonaje/(3904:3904): personaje LuigiInterbloqueo cambia a estado 2
[INFO] 14:39:40:814 ProcesoPersonaje/(3904:3904): personaje LuigiInterbloqueo obtuvo recurso H en Nivel1
[INFO] 14:39:40:814 ProcesoPersonaje/(3904:3904): personaje LuigiInterbloqueo avisa a Nivel1 que lo termino
[INFO] 14:39:40:814 ProcesoPersonaje/(3904:3904): personaje LuigiInterbloqueo avisa al planificador de Nivel1 que lo termino
[INFO] 14:39:40:814 ProcesoPersonaje/(3904:3904): personaje LuigiInterbloqueo termino Nivel1
[INFO] 14:39:40:814 ProcesoPersonaje/(3904:3904): personaje LuigiInterbloqueo se desconecta del Nivel1
[INFO] 14:39:40:814 ProcesoPersonaje/(3904:3904): personaje LuigiInterbloqueo se desconecta del planificador de Nivel1
[INFO] 14:39:40:814 ProcesoPersonaje/(3904:3904): personaje LuigiInterbloqueo cambia a estado 4
[INFO] 14:39:40:814 ProcesoPersonaje/(3904:3904): intentando
[INFO] 14:39:40:815 ProcesoPersonaje/(3904:3904): se conecta personaje LuigiInterbloqueo a orquestador
[INFO] 14:39:40:815 ProcesoPersonaje/(3904:3904): personaje LuigiInterbloqueo cambia a estado 5
[INFO] 14:39:40:815 ProcesoPersonaje/(3904:3904): personaje LuigiInterbloqueo gano su plan de niveles!
[INFO] 14:39:40:815 ProcesoPersonaje/(3904:3904): personaje LuigiInterbloqueo informo al orquestador que gano
[INFO] 15:02:20:454 ProcesoPersonaje/(4362:4362): intentando
[INFO] 15:02:20:455 ProcesoPersonaje/(4362:4362): se conecta personaje MarioInterbloqueo a orquestador
[INFO] 15:02:20:455 ProcesoPersonaje/(4362:4362): personaje MarioInterbloqueo solicita al orquestador DATA_NIVEL del Nivel1
[INFO] 15:02:20:455 ProcesoPersonaje/(4362:4362): personaje MarioInterbloqueo cambia a estado 1
[INFO] 15:02:20:455 ProcesoPersonaje/(4362:4362): personaje MarioInterbloqueo solicita al orquestador DATA_NIVEL del Nivel1
[INFO] 15:02:20:456 ProcesoPersonaje/(4362:4362): personaje MarioInterbloqueo cambia a estado 1
[INFO] 15:02:20:456 ProcesoPersonaje/(4362:4362): IP: localhost, PORT: 20004
[INFO] 15:02:20:456 ProcesoPersonaje/(4362:4362): personaje MarioInterbloqueo se desconecta del orquestador
[INFO] 15:02:20:456 ProcesoPersonaje/(4362:4362): personaje MarioInterbloqueo se conecta a Nivel1
[INFO] 15:02:20:457 ProcesoPersonaje/(4362:4362): personaje MarioInterbloqueo se conecta a planificador de Nivel1
[INFO] 15:02:20:457 ProcesoPersonaje/(4362:4362): mande HANDSHAKE a Nivel1
[INFO] 15:02:20:457 ProcesoPersonaje/(4362:4362): mande HANDSHAKE a planificador
[INFO] 15:02:20:457 ProcesoPersonaje/(4362:4362): recurso del nivel: H
[INFO] 15:02:20:457 ProcesoPersonaje/(4362:4362): recurso del nivel: F
[INFO] 15:02:20:457 ProcesoPersonaje/(4362:4362): personaje MarioInterbloqueo cambia a estado 0
[INFO] 15:02:21:363 ProcesoPersonaje/(4362:4362): proximo recurso: H
[INFO] 15:02:21:364 ProcesoPersonaje/(4362:4362): personaje MarioInterbloqueo cambia a estado 2
[INFO] 15:02:21:545 ProcesoPersonaje/(4363:4363): intentando
[INFO] 15:02:21:547 ProcesoPersonaje/(4363:4363): se conecta personaje LuigiInterbloqueo a orquestador
[INFO] 15:02:21:547 ProcesoPersonaje/(4363:4363): personaje LuigiInterbloqueo solicita al orquestador DATA_NIVEL del Nivel1
[INFO] 15:02:21:547 ProcesoPersonaje/(4363:4363): personaje LuigiInterbloqueo cambia a estado 1
[INFO] 15:02:21:548 ProcesoPersonaje/(4363:4363): personaje LuigiInterbloqueo solicita al orquestador DATA_NIVEL del Nivel1
[INFO] 15:02:21:548 ProcesoPersonaje/(4363:4363): personaje LuigiInterbloqueo cambia a estado 1
[INFO] 15:02:21:548 ProcesoPersonaje/(4363:4363): IP: localhost, PORT: 20004
[INFO] 15:02:21:548 ProcesoPersonaje/(4363:4363): personaje LuigiInterbloqueo se desconecta del orquestador
[INFO] 15:02:21:549 ProcesoPersonaje/(4363:4363): personaje LuigiInterbloqueo se conecta a Nivel1
[INFO] 15:02:21:550 ProcesoPersonaje/(4363:4363): personaje LuigiInterbloqueo se conecta a planificador de Nivel1
[INFO] 15:02:21:550 ProcesoPersonaje/(4363:4363): mande HANDSHAKE a Nivel1
[INFO] 15:02:21:550 ProcesoPersonaje/(4363:4363): mande HANDSHAKE a planificador
[INFO] 15:02:21:551 ProcesoPersonaje/(4363:4363): recurso del nivel: F
[INFO] 15:02:21:551 ProcesoPersonaje/(4363:4363): recurso del nivel: H
[INFO] 15:02:21:551 ProcesoPersonaje/(4363:4363): personaje LuigiInterbloqueo cambia a estado 0
[INFO] 15:02:21:773 ProcesoPersonaje/(4363:4363): proximo recurso: F
[INFO] 15:02:21:773 ProcesoPersonaje/(4363:4363): personaje LuigiInterbloqueo cambia a estado 2
[INFO] 15:02:24:433 ProcesoPersonaje/(4362:4362): personaje MarioInterbloqueo obtuvo recurso H en Nivel1
[INFO] 15:02:24:433 ProcesoPersonaje/(4362:4362): personaje MarioInterbloqueo cambia a estado 0
[INFO] 15:02:24:434 ProcesoPersonaje/(4362:4362): proximo recurso: F
[INFO] 15:02:24:434 ProcesoPersonaje/(4362:4362): personaje MarioInterbloqueo cambia a estado 2
[INFO] 15:02:25:49 ProcesoPersonaje/(4363:4363): personaje LuigiInterbloqueo obtuvo recurso F en Nivel1
[INFO] 15:02:25:49 ProcesoPersonaje/(4363:4363): personaje LuigiInterbloqueo cambia a estado 0
[INFO] 15:02:25:50 ProcesoPersonaje/(4363:4363): proximo recurso: H
[INFO] 15:02:25:50 ProcesoPersonaje/(4363:4363): personaje LuigiInterbloqueo cambia a estado 2
[INFO] 15:02:29:391 ProcesoPersonaje/(4362:4362): personaje MarioInterbloqueo se encuentra bloqueado por el recurso F en el Nivel1
[INFO] 15:02:29:681 ProcesoPersonaje/(4362:4362): personaje MarioInterbloqueo cambia a estado 0
[INFO] 15:02:29:953 ProcesoPersonaje/(4363:4363): personaje LuigiInterbloqueo se encuentra bloqueado por el recurso H en el Nivel1
[INFO] 15:02:29:953 ProcesoPersonaje/(4363:4363): personaje LuigiInterbloqueo cambia a estado 0
[INFO] 15:02:33:215 ProcesoPersonaje/(4363:4363): vidas restantes del personaje LuigiInterbloqueo: 4
[INFO] 15:02:33:216 ProcesoPersonaje/(4363:4363): personaje LuigiInterbloqueo se conecta a Nivel1
[INFO] 15:02:33:216 ProcesoPersonaje/(4363:4363): personaje LuigiInterbloqueo se conecta a planificador de Nivel1
[INFO] 15:02:33:216 ProcesoPersonaje/(4363:4363): mande HANDSHAKE a Nivel1
[INFO] 15:02:33:216 ProcesoPersonaje/(4363:4363): mande HANDSHAKE a planificador
[INFO] 15:02:33:216 ProcesoPersonaje/(4363:4363): personaje LuigiInterbloqueo reinicio el Nivel1
[INFO] 15:02:33:216 ProcesoPersonaje/(4363:4363): personaje LuigiInterbloqueo murio por interbloqueo en Nivel1
[INFO] 15:02:34:122 ProcesoPersonaje/(4362:4362): personaje MarioInterbloqueo obtuvo recurso F en Nivel1
[INFO] 15:02:34:122 ProcesoPersonaje/(4362:4362): personaje MarioInterbloqueo avisa a Nivel1 que lo termino
[INFO] 15:02:34:122 ProcesoPersonaje/(4362:4362): personaje MarioInterbloqueo avisa al planificador de Nivel1 que lo termino
[INFO] 15:02:34:122 ProcesoPersonaje/(4362:4362): personaje MarioInterbloqueo termino Nivel1
[INFO] 15:02:34:122 ProcesoPersonaje/(4362:4362): personaje MarioInterbloqueo se desconecta del Nivel1
[INFO] 15:02:34:123 ProcesoPersonaje/(4362:4362): personaje MarioInterbloqueo se desconecta del planificador de Nivel1
[INFO] 15:02:34:123 ProcesoPersonaje/(4362:4362): personaje MarioInterbloqueo cambia a estado 4
[INFO] 15:02:34:123 ProcesoPersonaje/(4362:4362): intentando
[INFO] 15:02:34:123 ProcesoPersonaje/(4362:4362): se conecta personaje MarioInterbloqueo a orquestador
[INFO] 15:02:34:123 ProcesoPersonaje/(4362:4362): personaje MarioInterbloqueo cambia a estado 5
[INFO] 15:02:34:123 ProcesoPersonaje/(4362:4362): personaje MarioInterbloqueo gano su plan de niveles!
[INFO] 15:02:34:123 ProcesoPersonaje/(4362:4362): personaje MarioInterbloqueo informo al orquestador que gano
[INFO] 15:02:34:828 ProcesoPersonaje/(4363:4363): proximo recurso: F
[INFO] 15:02:34:828 ProcesoPersonaje/(4363:4363): personaje LuigiInterbloqueo cambia a estado 2
[INFO] 15:02:36:465 ProcesoPersonaje/(4363:4363): personaje LuigiInterbloqueo obtuvo recurso F en Nivel1
[INFO] 15:02:36:466 ProcesoPersonaje/(4363:4363): personaje LuigiInterbloqueo cambia a estado 0
[INFO] 15:02:36:671 ProcesoPersonaje/(4363:4363): proximo recurso: H
[INFO] 15:02:36:671 ProcesoPersonaje/(4363:4363): personaje LuigiInterbloqueo cambia a estado 2
[INFO] 15:02:39:133 ProcesoPersonaje/(4363:4363): personaje LuigiInterbloqueo obtuvo recurso H en Nivel1
[INFO] 15:02:39:134 ProcesoPersonaje/(4363:4363): personaje LuigiInterbloqueo avisa a Nivel1 que lo termino
[INFO] 15:02:39:134 ProcesoPersonaje/(4363:4363): personaje LuigiInterbloqueo avisa al planificador de Nivel1 que lo termino
[INFO] 15:02:39:134 ProcesoPersonaje/(4363:4363): personaje LuigiInterbloqueo termino Nivel1
[INFO] 15:02:39:134 ProcesoPersonaje/(4363:4363): personaje LuigiInterbloqueo se desconecta del Nivel1
[INFO] 15:02:39:134 ProcesoPersonaje/(4363:4363): personaje LuigiInterbloqueo se desconecta del planificador de Nivel1
[INFO] 15:02:39:134 ProcesoPersonaje/(4363:4363): personaje LuigiInterbloqueo cambia a estado 4
[INFO] 15:02:39:134 ProcesoPersonaje/(4363:4363): intentando
[INFO] 15:02:39:134 ProcesoPersonaje/(4363:4363): se conecta personaje LuigiInterbloqueo a orquestador
[INFO] 15:02:39:134 ProcesoPersonaje/(4363:4363): personaje LuigiInterbloqueo cambia a estado 5
[INFO] 15:02:39:134 ProcesoPersonaje/(4363:4363): personaje LuigiInterbloqueo gano su plan de niveles!
[INFO] 15:02:39:135 ProcesoPersonaje/(4363:4363): personaje LuigiInterbloqueo informo al orquestador que gano
