[INFO] 16:56:58:318 ProcesoPlataforma/(2344:2344): ************************************************************************
[INFO] 16:56:58:318 ProcesoPlataforma/(2344:2344): Se inicia Proceso Plataforma.
[INFO] 16:56:58:318 ProcesoPlataforma/(2344:2344): Crea Thread Orquestador.
[ERROR] 16:56:58:319 ProcesoPlataforma/(2344:2346): No se pudo leer el archivo de configuracion de quantum! No se podra modificar en runtime.
[WARNING] 16:56:58:319 ProcesoPlataforma/(2344:2346): Valor de quantum seteado a default (3)
[INFO] 16:57:03:193 ProcesoPlataforma/(2344:2345): Recibe mensaje de conexion de nivel
[INFO] 16:57:03:193 ProcesoPlataforma/(2344:2345): Crea el Thread con la estructura de nivel (ID: Nivel1 - PUERTO NIVEL: 20000 - IP NIVEL: localhost).
[INFO] 16:57:03:193 ProcesoPlataforma/(2344:2353): Inicia Planificador.
[INFO] 16:57:03:193 ProcesoPlataforma/(2344:2353): Crea cola de Listos y lista de bloqueados.
[INFO] 16:57:03:193 ProcesoPlataforma/(2344:2353): Crea e inicializa las variables y colecciones necesarias del Planificador.
[INFO] 16:57:07:334 ProcesoPlataforma/(2344:2345): Recibe mensaje pidiendo informacion del nivel.
[INFO] 16:57:07:334 ProcesoPlataforma/(2344:2345): Envia mensaje con la informacion del nivel (NIVEL ID: Nivel1 - PLANIFICADOR ID: Pivlocalhost).
[INFO] 16:57:07:335 ProcesoPlataforma/(2344:2345): Recibe mensaje pidiendo informacion del nivel.
[INFO] 16:57:07:335 ProcesoPlataforma/(2344:2345): Envia mensaje con la informacion del nivel (NIVEL ID: Nivel1 - PLANIFICADOR ID: Pivlocalhost).
[INFO] 16:57:07:609 ProcesoPlataforma/(2344:2353): Recibe mensaje de conexion de Proceso Personaje.
[INFO] 16:57:07:609 ProcesoPlataforma/(2344:2353): Agrega personaje 'P@' a cola de listos.
[INFO] 16:57:07:609 ProcesoPlataforma/(2344:2353): ---LISTOS---
[INFO] 16:57:07:609 ProcesoPlataforma/(2344:2353): Personaje 'P@'
[INFO] 16:57:07:609 ProcesoPlataforma/(2344:2353): -----------
[INFO] 16:57:08:311 ProcesoPlataforma/(2344:2353): Quita personaje 'P@' de cola de listos.
[INFO] 16:57:08:312 ProcesoPlataforma/(2344:2353): ---LISTOS---
[INFO] 16:57:08:312 ProcesoPlataforma/(2344:2353): -----------
[INFO] 16:57:08:312 ProcesoPlataforma/(2344:2353): Envia mensaje indicando movimiento permitido (ID PERSONAJE: P@).
[INFO] 16:57:08:313 ProcesoPlataforma/(2344:2353): Recibe mensaje de finalizacion de turno.
[INFO] 16:57:08:313 ProcesoPlataforma/(2344:2353): Envia mensaje indicando movimiento permitido (ID PERSONAJE: P@).
[INFO] 16:57:08:314 ProcesoPlataforma/(2344:2353): Recibe mensaje de finalizacion de turno.
[INFO] 16:57:08:314 ProcesoPlataforma/(2344:2353): Envia mensaje indicando movimiento permitido (ID PERSONAJE: P@).
[INFO] 16:57:08:315 ProcesoPlataforma/(2344:2353): Recibe mensaje de finalizacion de turno.
[INFO] 16:57:08:315 ProcesoPlataforma/(2344:2353): Agrega personaje 'P@' a cola de listos.
[INFO] 16:57:08:315 ProcesoPlataforma/(2344:2353): ---LISTOS---
[INFO] 16:57:08:315 ProcesoPlataforma/(2344:2353): Personaje 'P@'
[INFO] 16:57:08:315 ProcesoPlataforma/(2344:2353): -----------
[INFO] 16:57:08:516 ProcesoPlataforma/(2344:2353): Quita personaje 'P@' de cola de listos.
[INFO] 16:57:08:517 ProcesoPlataforma/(2344:2353): ---LISTOS---
[INFO] 16:57:08:517 ProcesoPlataforma/(2344:2353): -----------
[INFO] 16:57:08:517 ProcesoPlataforma/(2344:2353): Envia mensaje indicando movimiento permitido (ID PERSONAJE: P@).
[INFO] 16:57:08:518 ProcesoPlataforma/(2344:2353): Recibe mensaje de finalizacion de turno.
[INFO] 16:57:08:518 ProcesoPlataforma/(2344:2353): Envia mensaje indicando movimiento permitido (ID PERSONAJE: P@).
[INFO] 16:57:08:519 ProcesoPlataforma/(2344:2353): Recibe mensaje de finalizacion de turno.
[INFO] 16:57:08:519 ProcesoPlataforma/(2344:2353): Envia mensaje indicando movimiento permitido (ID PERSONAJE: P@).
[INFO] 16:57:08:521 ProcesoPlataforma/(2344:2353): Recibe mensaje de finalizacion de turno.
[INFO] 16:57:08:521 ProcesoPlataforma/(2344:2353): Agrega personaje 'P@' a cola de listos.
[INFO] 16:57:08:521 ProcesoPlataforma/(2344:2353): ---LISTOS---
[INFO] 16:57:08:521 ProcesoPlataforma/(2344:2353): Personaje 'P@'
[INFO] 16:57:08:521 ProcesoPlataforma/(2344:2353): -----------
[INFO] 16:57:08:723 ProcesoPlataforma/(2344:2353): Quita personaje 'P@' de cola de listos.
[INFO] 16:57:08:723 ProcesoPlataforma/(2344:2353): ---LISTOS---
[INFO] 16:57:08:723 ProcesoPlataforma/(2344:2353): -----------
[INFO] 16:57:08:723 ProcesoPlataforma/(2344:2353): Envia mensaje indicando movimiento permitido (ID PERSONAJE: P@).
[INFO] 16:57:08:724 ProcesoPlataforma/(2344:2353): Recibe mensaje de finalizacion de turno.
[INFO] 16:57:08:724 ProcesoPlataforma/(2344:2353): Envia mensaje indicando movimiento permitido (ID PERSONAJE: P@).
[INFO] 16:57:08:725 ProcesoPlataforma/(2344:2353): Recibe mensaje de finalizacion de turno.
[INFO] 16:57:08:725 ProcesoPlataforma/(2344:2353): Envia mensaje indicando movimiento permitido (ID PERSONAJE: P@).
[INFO] 16:57:08:726 ProcesoPlataforma/(2344:2353): Recibe mensaje de finalizacion de turno.
[INFO] 16:57:08:726 ProcesoPlataforma/(2344:2353): Agrega personaje 'P@' a cola de listos.
[INFO] 16:57:08:726 ProcesoPlataforma/(2344:2353): ---LISTOS---
[INFO] 16:57:08:726 ProcesoPlataforma/(2344:2353): Personaje 'P@'
[INFO] 16:57:08:726 ProcesoPlataforma/(2344:2353): -----------
[INFO] 16:57:08:787 ProcesoPlataforma/(2344:2345): Recibe mensaje pidiendo informacion del nivel.
[INFO] 16:57:08:787 ProcesoPlataforma/(2344:2345): Envia mensaje con la informacion del nivel (NIVEL ID: Nivel1 - PLANIFICADOR ID: Pivlocalhost).
[INFO] 16:57:08:787 ProcesoPlataforma/(2344:2345): Recibe mensaje pidiendo informacion del nivel.
[INFO] 16:57:08:788 ProcesoPlataforma/(2344:2345): Envia mensaje con la informacion del nivel (NIVEL ID: Nivel1 - PLANIFICADOR ID: Pivlocalhost).
[INFO] 16:57:08:928 ProcesoPlataforma/(2344:2353): Quita personaje 'P@' de cola de listos.
[INFO] 16:57:08:928 ProcesoPlataforma/(2344:2353): ---LISTOS---
[INFO] 16:57:08:928 ProcesoPlataforma/(2344:2353): -----------
[INFO] 16:57:08:928 ProcesoPlataforma/(2344:2353): Envia mensaje indicando movimiento permitido (ID PERSONAJE: P@).
[INFO] 16:57:08:929 ProcesoPlataforma/(2344:2353): Recibe mensaje de finalizacion de turno.
[INFO] 16:57:08:929 ProcesoPlataforma/(2344:2353): Envia mensaje indicando movimiento permitido (ID PERSONAJE: P@).
[INFO] 16:57:08:929 ProcesoPlataforma/(2344:2353): Recibe mensaje de conexion de Proceso Personaje.
[INFO] 16:57:08:929 ProcesoPlataforma/(2344:2353): Agrega personaje 'P#' a cola de listos.
[INFO] 16:57:08:929 ProcesoPlataforma/(2344:2353): ---LISTOS---
[INFO] 16:57:08:929 ProcesoPlataforma/(2344:2353): Personaje 'P#'
[INFO] 16:57:08:929 ProcesoPlataforma/(2344:2353): -----------
[INFO] 16:57:08:930 ProcesoPlataforma/(2344:2353): Recibe mensaje de finalizacion de turno.
[INFO] 16:57:08:930 ProcesoPlataforma/(2344:2353): Envia mensaje indicando movimiento permitido (ID PERSONAJE: P@).
[INFO] 16:57:08:931 ProcesoPlataforma/(2344:2353): Recibe mensaje de finalizacion de turno.
[INFO] 16:57:08:931 ProcesoPlataforma/(2344:2353): Agrega personaje 'P@' a cola de listos.
[INFO] 16:57:08:931 ProcesoPlataforma/(2344:2353): ---LISTOS---
[INFO] 16:57:08:931 ProcesoPlataforma/(2344:2353): Personaje 'P#'
[INFO] 16:57:08:931 ProcesoPlataforma/(2344:2353): Personaje 'P@'
[INFO] 16:57:08:931 ProcesoPlataforma/(2344:2353): -----------
[INFO] 16:57:09:131 ProcesoPlataforma/(2344:2353): Quita personaje 'P#' de cola de listos.
[INFO] 16:57:09:132 ProcesoPlataforma/(2344:2353): ---LISTOS---
[INFO] 16:57:09:132 ProcesoPlataforma/(2344:2353): Personaje 'P@'
[INFO] 16:57:09:132 ProcesoPlataforma/(2344:2353): -----------
[INFO] 16:57:09:132 ProcesoPlataforma/(2344:2353): Envia mensaje indicando movimiento permitido (ID PERSONAJE: P#).
[INFO] 16:57:09:133 ProcesoPlataforma/(2344:2353): Recibe mensaje de finalizacion de turno.
[INFO] 16:57:09:134 ProcesoPlataforma/(2344:2353): Envia mensaje indicando movimiento permitido (ID PERSONAJE: P#).
[INFO] 16:57:09:134 ProcesoPlataforma/(2344:2353): Recibe mensaje de finalizacion de turno.
[INFO] 16:57:09:134 ProcesoPlataforma/(2344:2353): Envia mensaje indicando movimiento permitido (ID PERSONAJE: P#).
[INFO] 16:57:09:135 ProcesoPlataforma/(2344:2353): Recibe mensaje de finalizacion de turno.
[INFO] 16:57:09:135 ProcesoPlataforma/(2344:2353): Agrega personaje 'P#' a cola de listos.
[INFO] 16:57:09:135 ProcesoPlataforma/(2344:2353): ---LISTOS---
[INFO] 16:57:09:135 ProcesoPlataforma/(2344:2353): Personaje 'P@'
[INFO] 16:57:09:135 ProcesoPlataforma/(2344:2353): Personaje 'P#'
[INFO] 16:57:09:136 ProcesoPlataforma/(2344:2353): -----------
[INFO] 16:57:09:336 ProcesoPlataforma/(2344:2353): Quita personaje 'P@' de cola de listos.
[INFO] 16:57:09:336 ProcesoPlataforma/(2344:2353): ---LISTOS---
[INFO] 16:57:09:336 ProcesoPlataforma/(2344:2353): Personaje 'P#'
[INFO] 16:57:09:336 ProcesoPlataforma/(2344:2353): -----------
[INFO] 16:57:09:336 ProcesoPlataforma/(2344:2353): Envia mensaje indicando movimiento permitido (ID PERSONAJE: P@).
[INFO] 16:57:09:337 ProcesoPlataforma/(2344:2353): Recibe mensaje de finalizacion de turno.
[INFO] 16:57:09:337 ProcesoPlataforma/(2344:2353): Envia mensaje indicando movimiento permitido (ID PERSONAJE: P@).
[INFO] 16:57:09:338 ProcesoPlataforma/(2344:2353): Recibe mensaje de finalizacion de turno.
[INFO] 16:57:09:338 ProcesoPlataforma/(2344:2353): Envia mensaje indicando movimiento permitido (ID PERSONAJE: P@).
[INFO] 16:57:09:339 ProcesoPlataforma/(2344:2353): Recibe mensaje de finalizacion de turno.
[INFO] 16:57:09:339 ProcesoPlataforma/(2344:2353): Agrega personaje 'P@' a cola de listos.
[INFO] 16:57:09:339 ProcesoPlataforma/(2344:2353): ---LISTOS---
[INFO] 16:57:09:339 ProcesoPlataforma/(2344:2353): Personaje 'P#'
[INFO] 16:57:09:339 ProcesoPlataforma/(2344:2353): Personaje 'P@'
[INFO] 16:57:09:339 ProcesoPlataforma/(2344:2353): -----------
[INFO] 16:57:09:541 ProcesoPlataforma/(2344:2353): Quita personaje 'P#' de cola de listos.
[INFO] 16:57:09:541 ProcesoPlataforma/(2344:2353): ---LISTOS---
[INFO] 16:57:09:541 ProcesoPlataforma/(2344:2353): Personaje 'P@'
[INFO] 16:57:09:541 ProcesoPlataforma/(2344:2353): -----------
[INFO] 16:57:09:541 ProcesoPlataforma/(2344:2353): Envia mensaje indicando movimiento permitido (ID PERSONAJE: P#).
[INFO] 16:57:09:542 ProcesoPlataforma/(2344:2353): Recibe mensaje de finalizacion de turno.
[INFO] 16:57:09:542 ProcesoPlataforma/(2344:2353): Envia mensaje indicando movimiento permitido (ID PERSONAJE: P#).
[INFO] 16:57:09:543 ProcesoPlataforma/(2344:2353): Recibe mensaje de finalizacion de turno.
[INFO] 16:57:09:543 ProcesoPlataforma/(2344:2353): Envia mensaje indicando movimiento permitido (ID PERSONAJE: P#).
[INFO] 16:57:09:544 ProcesoPlataforma/(2344:2353): Recibe mensaje de finalizacion de turno.
[INFO] 16:57:09:544 ProcesoPlataforma/(2344:2353): Agrega personaje 'P#' a cola de listos.
[INFO] 16:57:09:544 ProcesoPlataforma/(2344:2353): ---LISTOS---
[INFO] 16:57:09:544 ProcesoPlataforma/(2344:2353): Personaje 'P@'
[INFO] 16:57:09:544 ProcesoPlataforma/(2344:2353): Personaje 'P#'
[INFO] 16:57:09:544 ProcesoPlataforma/(2344:2353): -----------
[INFO] 16:57:09:744 ProcesoPlataforma/(2344:2353): Quita personaje 'P@' de cola de listos.
[INFO] 16:57:09:745 ProcesoPlataforma/(2344:2353): ---LISTOS---
[INFO] 16:57:09:745 ProcesoPlataforma/(2344:2353): Personaje 'P#'
[INFO] 16:57:09:745 ProcesoPlataforma/(2344:2353): -----------
[INFO] 16:57:09:745 ProcesoPlataforma/(2344:2353): Envia mensaje indicando movimiento permitido (ID PERSONAJE: P@).
[INFO] 16:57:09:746 ProcesoPlataforma/(2344:2353): Recibe mensaje de finalizacion de turno.
[INFO] 16:57:09:746 ProcesoPlataforma/(2344:2353): Envia mensaje indicando movimiento permitido (ID PERSONAJE: P@).
[INFO] 16:57:09:747 ProcesoPlataforma/(2344:2353): Recibe mensaje de finalizacion de turno.
[INFO] 16:57:09:747 ProcesoPlataforma/(2344:2353): Envia mensaje indicando movimiento permitido (ID PERSONAJE: P@).
[INFO] 16:57:09:748 ProcesoPlataforma/(2344:2353): Recibe mensaje de finalizacion de turno.
[INFO] 16:57:09:748 ProcesoPlataforma/(2344:2353): Agrega personaje 'P@' a cola de listos.
[INFO] 16:57:09:748 ProcesoPlataforma/(2344:2353): ---LISTOS---
[INFO] 16:57:09:748 ProcesoPlataforma/(2344:2353): Personaje 'P#'
[INFO] 16:57:09:748 ProcesoPlataforma/(2344:2353): Personaje 'P@'
[INFO] 16:57:09:748 ProcesoPlataforma/(2344:2353): -----------
[INFO] 16:57:09:949 ProcesoPlataforma/(2344:2353): Quita personaje 'P#' de cola de listos.
[INFO] 16:57:09:949 ProcesoPlataforma/(2344:2353): ---LISTOS---
[INFO] 16:57:09:949 ProcesoPlataforma/(2344:2353): Personaje 'P@'
[INFO] 16:57:09:949 ProcesoPlataforma/(2344:2353): -----------
[INFO] 16:57:09:949 ProcesoPlataforma/(2344:2353): Envia mensaje indicando movimiento permitido (ID PERSONAJE: P#).
[INFO] 16:57:09:950 ProcesoPlataforma/(2344:2353): Recibe mensaje de finalizacion de turno.
[INFO] 16:57:09:951 ProcesoPlataforma/(2344:2353): Envia mensaje indicando movimiento permitido (ID PERSONAJE: P#).
[INFO] 16:57:09:952 ProcesoPlataforma/(2344:2353): Recibe mensaje de finalizacion de turno.
[INFO] 16:57:09:952 ProcesoPlataforma/(2344:2353): Envia mensaje indicando movimiento permitido (ID PERSONAJE: P#).
[INFO] 16:57:09:953 ProcesoPlataforma/(2344:2353): Recibe mensaje de finalizacion de turno.
[INFO] 16:57:09:953 ProcesoPlataforma/(2344:2353): Agrega personaje 'P#' a cola de listos.
[INFO] 16:57:09:953 ProcesoPlataforma/(2344:2353): ---LISTOS---
[INFO] 16:57:09:953 ProcesoPlataforma/(2344:2353): Personaje 'P@'
[INFO] 16:57:09:953 ProcesoPlataforma/(2344:2353): Personaje 'P#'
[INFO] 16:57:09:953 ProcesoPlataforma/(2344:2353): -----------
[INFO] 16:57:10:154 ProcesoPlataforma/(2344:2353): Quita personaje 'P@' de cola de listos.
[INFO] 16:57:10:154 ProcesoPlataforma/(2344:2353): ---LISTOS---
[INFO] 16:57:10:154 ProcesoPlataforma/(2344:2353): Personaje 'P#'
[INFO] 16:57:10:154 ProcesoPlataforma/(2344:2353): -----------
[INFO] 16:57:10:154 ProcesoPlataforma/(2344:2353): Envia mensaje indicando movimiento permitido (ID PERSONAJE: P@).
[INFO] 16:57:10:155 ProcesoPlataforma/(2344:2353): Recibe mensaje de finalizacion de turno.
[INFO] 16:57:10:155 ProcesoPlataforma/(2344:2353): Envia mensaje indicando movimiento permitido (ID PERSONAJE: P@).
[INFO] 16:57:10:156 ProcesoPlataforma/(2344:2353): Recibe mensaje de finalizacion de turno.
[INFO] 16:57:10:156 ProcesoPlataforma/(2344:2353): Envia mensaje indicando movimiento permitido (ID PERSONAJE: P@).
[INFO] 16:57:10:157 ProcesoPlataforma/(2344:2353): Recibe mensaje de finalizacion de turno.
[INFO] 16:57:10:157 ProcesoPlataforma/(2344:2353): Agrega personaje 'P@' a cola de listos.
[INFO] 16:57:10:157 ProcesoPlataforma/(2344:2353): ---LISTOS---
[INFO] 16:57:10:157 ProcesoPlataforma/(2344:2353): Personaje 'P#'
[INFO] 16:57:10:157 ProcesoPlataforma/(2344:2353): Personaje 'P@'
[INFO] 16:57:10:157 ProcesoPlataforma/(2344:2353): -----------
[INFO] 16:57:10:357 ProcesoPlataforma/(2344:2353): Quita personaje 'P#' de cola de listos.
[INFO] 16:57:10:357 ProcesoPlataforma/(2344:2353): ---LISTOS---
[INFO] 16:57:10:357 ProcesoPlataforma/(2344:2353): Personaje 'P@'
[INFO] 16:57:10:358 ProcesoPlataforma/(2344:2353): -----------
[INFO] 16:57:10:358 ProcesoPlataforma/(2344:2353): Envia mensaje indicando movimiento permitido (ID PERSONAJE: P#).
[INFO] 16:57:10:358 ProcesoPlataforma/(2344:2353): Recibe mensaje de finalizacion de turno.
[INFO] 16:57:10:358 ProcesoPlataforma/(2344:2353): Envia mensaje indicando movimiento permitido (ID PERSONAJE: P#).
[INFO] 16:57:10:359 ProcesoPlataforma/(2344:2353): Recibe mensaje de finalizacion de turno.
[INFO] 16:57:10:360 ProcesoPlataforma/(2344:2353): Envia mensaje indicando movimiento permitido (ID PERSONAJE: P#).
[INFO] 16:57:10:361 ProcesoPlataforma/(2344:2353): Recibe mensaje de finalizacion de turno.
[INFO] 16:57:10:361 ProcesoPlataforma/(2344:2353): Agrega personaje 'P#' a cola de listos.
[INFO] 16:57:10:361 ProcesoPlataforma/(2344:2353): ---LISTOS---
[INFO] 16:57:10:361 ProcesoPlataforma/(2344:2353): Personaje 'P@'
[INFO] 16:57:10:361 ProcesoPlataforma/(2344:2353): Personaje 'P#'
[INFO] 16:57:10:361 ProcesoPlataforma/(2344:2353): -----------
[INFO] 16:57:10:563 ProcesoPlataforma/(2344:2353): Quita personaje 'P@' de cola de listos.
[INFO] 16:57:10:563 ProcesoPlataforma/(2344:2353): ---LISTOS---
[INFO] 16:57:10:563 ProcesoPlataforma/(2344:2353): Personaje 'P#'
[INFO] 16:57:10:563 ProcesoPlataforma/(2344:2353): -----------
[INFO] 16:57:10:563 ProcesoPlataforma/(2344:2353): Envia mensaje indicando movimiento permitido (ID PERSONAJE: P@).
[INFO] 16:57:10:564 ProcesoPlataforma/(2344:2353): Recibe mensaje de finalizacion de turno.
[INFO] 16:57:10:565 ProcesoPlataforma/(2344:2353): Envia mensaje indicando movimiento permitido (ID PERSONAJE: P@).
[INFO] 16:57:10:565 ProcesoPlataforma/(2344:2353): Recibe mensaje de finalizacion de turno.
[INFO] 16:57:10:565 ProcesoPlataforma/(2344:2353): Envia mensaje indicando movimiento permitido (ID PERSONAJE: P@).
[INFO] 16:57:10:566 ProcesoPlataforma/(2344:2353): Recibe mensaje de finalizacion de turno.
[INFO] 16:57:10:566 ProcesoPlataforma/(2344:2353): Agrega personaje 'P@' a cola de listos.
[INFO] 16:57:10:566 ProcesoPlataforma/(2344:2353): ---LISTOS---
[INFO] 16:57:10:566 ProcesoPlataforma/(2344:2353): Personaje 'P#'
[INFO] 16:57:10:567 ProcesoPlataforma/(2344:2353): Personaje 'P@'
[INFO] 16:57:10:567 ProcesoPlataforma/(2344:2353): -----------
[INFO] 16:57:10:768 ProcesoPlataforma/(2344:2353): Quita personaje 'P#' de cola de listos.
[INFO] 16:57:10:768 ProcesoPlataforma/(2344:2353): ---LISTOS---
[INFO] 16:57:10:768 ProcesoPlataforma/(2344:2353): Personaje 'P@'
[INFO] 16:57:10:768 ProcesoPlataforma/(2344:2353): -----------
[INFO] 16:57:10:768 ProcesoPlataforma/(2344:2353): Envia mensaje indicando movimiento permitido (ID PERSONAJE: P#).
[INFO] 16:57:10:769 ProcesoPlataforma/(2344:2353): Recibe mensaje de finalizacion de turno.
[INFO] 16:57:10:769 ProcesoPlataforma/(2344:2353): Envia mensaje indicando movimiento permitido (ID PERSONAJE: P#).
[INFO] 16:57:10:770 ProcesoPlataforma/(2344:2353): Recibe mensaje de finalizacion de turno.
[INFO] 16:57:10:770 ProcesoPlataforma/(2344:2353): Envia mensaje indicando movimiento permitido (ID PERSONAJE: P#).
[INFO] 16:57:10:771 ProcesoPlataforma/(2344:2353): Recibe mensaje de finalizacion de turno.
[INFO] 16:57:10:771 ProcesoPlataforma/(2344:2353): Agrega personaje 'P#' a cola de listos.
[INFO] 16:57:10:771 ProcesoPlataforma/(2344:2353): ---LISTOS---
[INFO] 16:57:10:771 ProcesoPlataforma/(2344:2353): Personaje 'P@'
[INFO] 16:57:10:771 ProcesoPlataforma/(2344:2353): Personaje 'P#'
[INFO] 16:57:10:771 ProcesoPlataforma/(2344:2353): -----------
[INFO] 16:57:10:972 ProcesoPlataforma/(2344:2353): Quita personaje 'P@' de cola de listos.
[INFO] 16:57:10:973 ProcesoPlataforma/(2344:2353): ---LISTOS---
[INFO] 16:57:10:973 ProcesoPlataforma/(2344:2353): Personaje 'P#'
[INFO] 16:57:10:973 ProcesoPlataforma/(2344:2353): -----------
[INFO] 16:57:10:973 ProcesoPlataforma/(2344:2353): Envia mensaje indicando movimiento permitido (ID PERSONAJE: P@).
[INFO] 16:57:10:975 ProcesoPlataforma/(2344:2353): Recibe mensaje de finalizacion de turno.
[INFO] 16:57:10:976 ProcesoPlataforma/(2344:2353): Envia mensaje indicando movimiento permitido (ID PERSONAJE: P@).
[INFO] 16:57:10:978 ProcesoPlataforma/(2344:2353): Recibe mensaje de finalizacion de turno.
[INFO] 16:57:10:978 ProcesoPlataforma/(2344:2353): Envia mensaje indicando movimiento permitido (ID PERSONAJE: P@).
[INFO] 16:57:10:979 ProcesoPlataforma/(2344:2353): Recibe mensaje de finalizacion de turno.
[INFO] 16:57:10:979 ProcesoPlataforma/(2344:2353): Agrega personaje 'P@' a cola de listos.
[INFO] 16:57:10:979 ProcesoPlataforma/(2344:2353): ---LISTOS---
[INFO] 16:57:10:979 ProcesoPlataforma/(2344:2353): Personaje 'P#'
[INFO] 16:57:10:979 ProcesoPlataforma/(2344:2353): Personaje 'P@'
[INFO] 16:57:10:979 ProcesoPlataforma/(2344:2353): -----------
[INFO] 16:57:11:184 ProcesoPlataforma/(2344:2353): Quita personaje 'P#' de cola de listos.
[INFO] 16:57:11:184 ProcesoPlataforma/(2344:2353): ---LISTOS---
[INFO] 16:57:11:184 ProcesoPlataforma/(2344:2353): Personaje 'P@'
[INFO] 16:57:11:184 ProcesoPlataforma/(2344:2353): -----------
[INFO] 16:57:11:184 ProcesoPlataforma/(2344:2353): Envia mensaje indicando movimiento permitido (ID PERSONAJE: P#).
[INFO] 16:57:11:185 ProcesoPlataforma/(2344:2353): Recibe mensaje de finalizacion de turno.
[INFO] 16:57:11:185 ProcesoPlataforma/(2344:2353): Envia mensaje indicando movimiento permitido (ID PERSONAJE: P#).
[INFO] 16:57:11:186 ProcesoPlataforma/(2344:2353): Recibe mensaje de finalizacion de turno.
[INFO] 16:57:11:186 ProcesoPlataforma/(2344:2353): Envia mensaje indicando movimiento permitido (ID PERSONAJE: P#).
[INFO] 16:57:11:187 ProcesoPlataforma/(2344:2353): Recibe mensaje de finalizacion de turno.
[INFO] 16:57:11:187 ProcesoPlataforma/(2344:2353): Agrega personaje 'P#' a cola de listos.
[INFO] 16:57:11:187 ProcesoPlataforma/(2344:2353): ---LISTOS---
[INFO] 16:57:11:187 ProcesoPlataforma/(2344:2353): Personaje 'P@'
[INFO] 16:57:11:187 ProcesoPlataforma/(2344:2353): Personaje 'P#'
[INFO] 16:57:11:187 ProcesoPlataforma/(2344:2353): -----------
[INFO] 16:57:11:388 ProcesoPlataforma/(2344:2353): Quita personaje 'P@' de cola de listos.
[INFO] 16:57:11:388 ProcesoPlataforma/(2344:2353): ---LISTOS---
[INFO] 16:57:11:388 ProcesoPlataforma/(2344:2353): Personaje 'P#'
[INFO] 16:57:11:388 ProcesoPlataforma/(2344:2353): -----------
[INFO] 16:57:11:388 ProcesoPlataforma/(2344:2353): Envia mensaje indicando movimiento permitido (ID PERSONAJE: P@).
[INFO] 16:57:11:389 ProcesoPlataforma/(2344:2353): Recibe mensaje de finalizacion de turno.
[INFO] 16:57:11:389 ProcesoPlataforma/(2344:2353): Envia mensaje indicando movimiento permitido (ID PERSONAJE: P@).
[INFO] 16:57:11:390 ProcesoPlataforma/(2344:2353): Recibe mensaje de finalizacion de turno.
[INFO] 16:57:11:390 ProcesoPlataforma/(2344:2353): Envia mensaje indicando movimiento permitido (ID PERSONAJE: P@).
[INFO] 16:57:11:391 ProcesoPlataforma/(2344:2353): Recibe mensaje de finalizacion de turno.
[INFO] 16:57:11:391 ProcesoPlataforma/(2344:2353): Agrega personaje 'P@' a cola de listos.
[INFO] 16:57:11:391 ProcesoPlataforma/(2344:2353): ---LISTOS---
[INFO] 16:57:11:391 ProcesoPlataforma/(2344:2353): Personaje 'P#'
[INFO] 16:57:11:391 ProcesoPlataforma/(2344:2353): Personaje 'P@'
[INFO] 16:57:11:391 ProcesoPlataforma/(2344:2353): -----------
[INFO] 16:57:11:592 ProcesoPlataforma/(2344:2353): Quita personaje 'P#' de cola de listos.
[INFO] 16:57:11:592 ProcesoPlataforma/(2344:2353): ---LISTOS---
[INFO] 16:57:11:592 ProcesoPlataforma/(2344:2353): Personaje 'P@'
[INFO] 16:57:11:592 ProcesoPlataforma/(2344:2353): -----------
[INFO] 16:57:11:592 ProcesoPlataforma/(2344:2353): Envia mensaje indicando movimiento permitido (ID PERSONAJE: P#).
[INFO] 16:57:11:593 ProcesoPlataforma/(2344:2353): Recibe mensaje de finalizacion de turno.
[INFO] 16:57:11:593 ProcesoPlataforma/(2344:2353): Envia mensaje indicando movimiento permitido (ID PERSONAJE: P#).
[INFO] 16:57:11:594 ProcesoPlataforma/(2344:2353): Recibe mensaje de finalizacion de turno.
[INFO] 16:57:11:594 ProcesoPlataforma/(2344:2353): Envia mensaje indicando movimiento permitido (ID PERSONAJE: P#).
[INFO] 16:57:11:595 ProcesoPlataforma/(2344:2353): Recibe mensaje de finalizacion de turno.
[INFO] 16:57:11:595 ProcesoPlataforma/(2344:2353): Agrega personaje 'P#' a cola de listos.
[INFO] 16:57:11:595 ProcesoPlataforma/(2344:2353): ---LISTOS---
[INFO] 16:57:11:595 ProcesoPlataforma/(2344:2353): Personaje 'P@'
[INFO] 16:57:11:595 ProcesoPlataforma/(2344:2353): Personaje 'P#'
[INFO] 16:57:11:595 ProcesoPlataforma/(2344:2353): -----------
[INFO] 16:57:11:795 ProcesoPlataforma/(2344:2353): Quita personaje 'P@' de cola de listos.
[INFO] 16:57:11:796 ProcesoPlataforma/(2344:2353): ---LISTOS---
[INFO] 16:57:11:796 ProcesoPlataforma/(2344:2353): Personaje 'P#'
[INFO] 16:57:11:796 ProcesoPlataforma/(2344:2353): -----------
[INFO] 16:57:11:796 ProcesoPlataforma/(2344:2353): Envia mensaje indicando movimiento permitido (ID PERSONAJE: P@).
[INFO] 16:57:11:797 ProcesoPlataforma/(2344:2353): Recibe mensaje de finalizacion de turno.
[INFO] 16:57:11:797 ProcesoPlataforma/(2344:2353): Envia mensaje indicando movimiento permitido (ID PERSONAJE: P@).
[INFO] 16:57:11:798 ProcesoPlataforma/(2344:2353): Recibe mensaje de finalizacion de turno.
[INFO] 16:57:11:798 ProcesoPlataforma/(2344:2353): Envia mensaje indicando movimiento permitido (ID PERSONAJE: P@).
[INFO] 16:57:11:799 ProcesoPlataforma/(2344:2353): Recibe mensaje de finalizacion de turno.
[INFO] 16:57:11:799 ProcesoPlataforma/(2344:2353): Agrega personaje 'P@' a cola de listos.
[INFO] 16:57:11:799 ProcesoPlataforma/(2344:2353): ---LISTOS---
[INFO] 16:57:11:799 ProcesoPlataforma/(2344:2353): Personaje 'P#'
[INFO] 16:57:11:799 ProcesoPlataforma/(2344:2353): Personaje 'P@'
[INFO] 16:57:11:799 ProcesoPlataforma/(2344:2353): -----------
[INFO] 16:57:11:0 ProcesoPlataforma/(2344:2353): Quita personaje 'P#' de cola de listos.
[INFO] 16:57:11:0 ProcesoPlataforma/(2344:2353): ---LISTOS---
[INFO] 16:57:11:0 ProcesoPlataforma/(2344:2353): Personaje 'P@'
[INFO] 16:57:11:0 ProcesoPlataforma/(2344:2353): -----------
[INFO] 16:57:11:0 ProcesoPlataforma/(2344:2353): Envia mensaje indicando movimiento permitido (ID PERSONAJE: P#).
[INFO] 16:57:11:1 ProcesoPlataforma/(2344:2353): Recibe mensaje de finalizacion de turno.
[INFO] 16:57:11:1 ProcesoPlataforma/(2344:2353): Envia mensaje indicando movimiento permitido (ID PERSONAJE: P#).
[INFO] 16:57:11:2 ProcesoPlataforma/(2344:2353): Recibe mensaje de finalizacion de turno.
[INFO] 16:57:11:2 ProcesoPlataforma/(2344:2353): Envia mensaje indicando movimiento permitido (ID PERSONAJE: P#).
[INFO] 16:57:11:3 ProcesoPlataforma/(2344:2353): Recibe mensaje de finalizacion de turno.
[INFO] 16:57:11:3 ProcesoPlataforma/(2344:2353): Agrega personaje 'P#' a cola de listos.
[INFO] 16:57:11:3 ProcesoPlataforma/(2344:2353): ---LISTOS---
[INFO] 16:57:11:3 ProcesoPlataforma/(2344:2353): Personaje 'P@'
[INFO] 16:57:11:3 ProcesoPlataforma/(2344:2353): Personaje 'P#'
[INFO] 16:57:11:3 ProcesoPlataforma/(2344:2353): -----------
[INFO] 16:57:12:203 ProcesoPlataforma/(2344:2353): Quita personaje 'P@' de cola de listos.
[INFO] 16:57:12:204 ProcesoPlataforma/(2344:2353): ---LISTOS---
[INFO] 16:57:12:204 ProcesoPlataforma/(2344:2353): Personaje 'P#'
[INFO] 16:57:12:204 ProcesoPlataforma/(2344:2353): -----------
[INFO] 16:57:12:204 ProcesoPlataforma/(2344:2353): Envia mensaje indicando movimiento permitido (ID PERSONAJE: P@).
[INFO] 16:57:12:205 ProcesoPlataforma/(2344:2353): Recibe mensaje de finalizacion de turno.
[INFO] 16:57:12:205 ProcesoPlataforma/(2344:2353): Envia mensaje indicando movimiento permitido (ID PERSONAJE: P@).
[INFO] 16:57:12:206 ProcesoPlataforma/(2344:2353): Recibe mensaje de finalizacion de turno.
[INFO] 16:57:12:206 ProcesoPlataforma/(2344:2353): Envia mensaje indicando movimiento permitido (ID PERSONAJE: P@).
[INFO] 16:57:12:207 ProcesoPlataforma/(2344:2353): Recibe mensaje de finalizacion de turno.
[INFO] 16:57:12:207 ProcesoPlataforma/(2344:2353): Agrega personaje 'P@' a cola de listos.
[INFO] 16:57:12:207 ProcesoPlataforma/(2344:2353): ---LISTOS---
[INFO] 16:57:12:207 ProcesoPlataforma/(2344:2353): Personaje 'P#'
[INFO] 16:57:12:207 ProcesoPlataforma/(2344:2353): Personaje 'P@'
[INFO] 16:57:12:207 ProcesoPlataforma/(2344:2353): -----------
[INFO] 16:57:12:408 ProcesoPlataforma/(2344:2353): Quita personaje 'P#' de cola de listos.
[INFO] 16:57:12:408 ProcesoPlataforma/(2344:2353): ---LISTOS---
[INFO] 16:57:12:408 ProcesoPlataforma/(2344:2353): Personaje 'P@'
[INFO] 16:57:12:408 ProcesoPlataforma/(2344:2353): -----------
[INFO] 16:57:12:408 ProcesoPlataforma/(2344:2353): Envia mensaje indicando movimiento permitido (ID PERSONAJE: P#).
[INFO] 16:57:12:410 ProcesoPlataforma/(2344:2353): Recibe mensaje de finalizacion de turno.
[INFO] 16:57:12:410 ProcesoPlataforma/(2344:2353): Envia mensaje indicando movimiento permitido (ID PERSONAJE: P#).
[INFO] 16:57:12:412 ProcesoPlataforma/(2344:2353): Recibe mensaje de finalizacion de turno.
[INFO] 16:57:12:412 ProcesoPlataforma/(2344:2353): Envia mensaje indicando movimiento permitido (ID PERSONAJE: P#).
[INFO] 16:57:12:413 ProcesoPlataforma/(2344:2353): Recibe mensaje de finalizacion de turno.
[INFO] 16:57:12:413 ProcesoPlataforma/(2344:2353): Agrega personaje 'P#' a cola de listos.
[INFO] 16:57:12:413 ProcesoPlataforma/(2344:2353): ---LISTOS---
[INFO] 16:57:12:413 ProcesoPlataforma/(2344:2353): Personaje 'P@'
[INFO] 16:57:12:413 ProcesoPlataforma/(2344:2353): Personaje 'P#'
[INFO] 16:57:12:413 ProcesoPlataforma/(2344:2353): -----------
[INFO] 16:57:12:614 ProcesoPlataforma/(2344:2353): Quita personaje 'P@' de cola de listos.
[INFO] 16:57:12:614 ProcesoPlataforma/(2344:2353): ---LISTOS---
[INFO] 16:57:12:614 ProcesoPlataforma/(2344:2353): Personaje 'P#'
[INFO] 16:57:12:614 ProcesoPlataforma/(2344:2353): -----------
[INFO] 16:57:12:614 ProcesoPlataforma/(2344:2353): Envia mensaje indicando movimiento permitido (ID PERSONAJE: P@).
[INFO] 16:57:12:616 ProcesoPlataforma/(2344:2353): Recibe mensaje de finalizacion de turno.
[INFO] 16:57:12:617 ProcesoPlataforma/(2344:2353): Envia mensaje indicando movimiento permitido (ID PERSONAJE: P@).
[INFO] 16:57:12:618 ProcesoPlataforma/(2344:2353): Recibe mensaje de finalizacion de turno.
[INFO] 16:57:12:618 ProcesoPlataforma/(2344:2353): Envia mensaje indicando movimiento permitido (ID PERSONAJE: P@).
[INFO] 16:57:12:619 ProcesoPlataforma/(2344:2353): Recibe mensaje de finalizacion de turno.
[INFO] 16:57:12:619 ProcesoPlataforma/(2344:2353): Agrega personaje 'P@' a cola de listos.
[INFO] 16:57:12:619 ProcesoPlataforma/(2344:2353): ---LISTOS---
[INFO] 16:57:12:619 ProcesoPlataforma/(2344:2353): Personaje 'P#'
[INFO] 16:57:12:619 ProcesoPlataforma/(2344:2353): Personaje 'P@'
[INFO] 16:57:12:619 ProcesoPlataforma/(2344:2353): -----------
[INFO] 16:57:12:820 ProcesoPlataforma/(2344:2353): Quita personaje 'P#' de cola de listos.
[INFO] 16:57:12:821 ProcesoPlataforma/(2344:2353): ---LISTOS---
[INFO] 16:57:12:821 ProcesoPlataforma/(2344:2353): Personaje 'P@'
[INFO] 16:57:12:821 ProcesoPlataforma/(2344:2353): -----------
[INFO] 16:57:12:821 ProcesoPlataforma/(2344:2353): Envia mensaje indicando movimiento permitido (ID PERSONAJE: P#).
[INFO] 16:57:12:822 ProcesoPlataforma/(2344:2353): Recibe mensaje de finalizacion de turno.
[INFO] 16:57:12:822 ProcesoPlataforma/(2344:2353): Envia mensaje indicando movimiento permitido (ID PERSONAJE: P#).
[INFO] 16:57:12:823 ProcesoPlataforma/(2344:2353): Recibe mensaje de finalizacion de turno.
[INFO] 16:57:12:823 ProcesoPlataforma/(2344:2353): Envia mensaje indicando movimiento permitido (ID PERSONAJE: P#).
[INFO] 16:57:12:824 ProcesoPlataforma/(2344:2353): Recibe mensaje de finalizacion de turno.
[INFO] 16:57:12:824 ProcesoPlataforma/(2344:2353): Agrega personaje 'P#' a cola de listos.
[INFO] 16:57:12:824 ProcesoPlataforma/(2344:2353): ---LISTOS---
[INFO] 16:57:12:824 ProcesoPlataforma/(2344:2353): Personaje 'P@'
[INFO] 16:57:12:824 ProcesoPlataforma/(2344:2353): Personaje 'P#'
[INFO] 16:57:12:824 ProcesoPlataforma/(2344:2353): -----------
[INFO] 16:57:13:25 ProcesoPlataforma/(2344:2353): Quita personaje 'P@' de cola de listos.
[INFO] 16:57:13:25 ProcesoPlataforma/(2344:2353): ---LISTOS---
[INFO] 16:57:13:25 ProcesoPlataforma/(2344:2353): Personaje 'P#'
[INFO] 16:57:13:26 ProcesoPlataforma/(2344:2353): -----------
[INFO] 16:57:13:26 ProcesoPlataforma/(2344:2353): Envia mensaje indicando movimiento permitido (ID PERSONAJE: P@).
[INFO] 16:57:13:26 ProcesoPlataforma/(2344:2353): Recibe mensaje de finalizacion de turno.
[INFO] 16:57:13:26 ProcesoPlataforma/(2344:2353): Envia mensaje indicando movimiento permitido (ID PERSONAJE: P@).
[INFO] 16:57:13:26 ProcesoPlataforma/(2344:2353): Recibe mensaje de finalizacion de turno.
[INFO] 16:57:13:27 ProcesoPlataforma/(2344:2353): Envia mensaje indicando movimiento permitido (ID PERSONAJE: P@).
[INFO] 16:57:13:28 ProcesoPlataforma/(2344:2353): Recibe mensaje de finalizacion de turno.
[INFO] 16:57:13:28 ProcesoPlataforma/(2344:2353): Agrega personaje 'P@' a cola de listos.
[INFO] 16:57:13:28 ProcesoPlataforma/(2344:2353): ---LISTOS---
[INFO] 16:57:13:28 ProcesoPlataforma/(2344:2353): Personaje 'P#'
[INFO] 16:57:13:28 ProcesoPlataforma/(2344:2353): Personaje 'P@'
[INFO] 16:57:13:28 ProcesoPlataforma/(2344:2353): -----------
[INFO] 16:57:13:229 ProcesoPlataforma/(2344:2353): Quita personaje 'P#' de cola de listos.
[INFO] 16:57:13:229 ProcesoPlataforma/(2344:2353): ---LISTOS---
[INFO] 16:57:13:229 ProcesoPlataforma/(2344:2353): Personaje 'P@'
[INFO] 16:57:13:229 ProcesoPlataforma/(2344:2353): -----------
[INFO] 16:57:13:229 ProcesoPlataforma/(2344:2353): Envia mensaje indicando movimiento permitido (ID PERSONAJE: P#).
[INFO] 16:57:13:230 ProcesoPlataforma/(2344:2353): Recibe mensaje de finalizacion de turno.
[INFO] 16:57:13:230 ProcesoPlataforma/(2344:2353): Envia mensaje indicando movimiento permitido (ID PERSONAJE: P#).
[INFO] 16:57:13:231 ProcesoPlataforma/(2344:2353): Recibe mensaje de finalizacion de turno.
[INFO] 16:57:13:231 ProcesoPlataforma/(2344:2353): Envia mensaje indicando movimiento permitido (ID PERSONAJE: P#).
[INFO] 16:57:13:231 ProcesoPlataforma/(2344:2353): Recibe mensaje de finalizacion de turno.
[INFO] 16:57:13:231 ProcesoPlataforma/(2344:2353): Agrega personaje 'P#' a cola de listos.
[INFO] 16:57:13:232 ProcesoPlataforma/(2344:2353): ---LISTOS---
[INFO] 16:57:13:232 ProcesoPlataforma/(2344:2353): Personaje 'P@'
[INFO] 16:57:13:232 ProcesoPlataforma/(2344:2353): Personaje 'P#'
[INFO] 16:57:13:232 ProcesoPlataforma/(2344:2353): -----------
[INFO] 16:57:13:433 ProcesoPlataforma/(2344:2353): Quita personaje 'P@' de cola de listos.
[INFO] 16:57:13:433 ProcesoPlataforma/(2344:2353): ---LISTOS---
[INFO] 16:57:13:434 ProcesoPlataforma/(2344:2353): Personaje 'P#'
[INFO] 16:57:13:434 ProcesoPlataforma/(2344:2353): -----------
[INFO] 16:57:13:434 ProcesoPlataforma/(2344:2353): Envia mensaje indicando movimiento permitido (ID PERSONAJE: P@).
[INFO] 16:57:13:435 ProcesoPlataforma/(2344:2353): Recibe mensaje de finalizacion de turno.
[INFO] 16:57:13:435 ProcesoPlataforma/(2344:2353): Envia mensaje indicando movimiento permitido (ID PERSONAJE: P@).
[INFO] 16:57:13:436 ProcesoPlataforma/(2344:2353): Recibe mensaje de finalizacion de turno.
[INFO] 16:57:13:436 ProcesoPlataforma/(2344:2353): Envia mensaje indicando movimiento permitido (ID PERSONAJE: P@).
[INFO] 16:57:13:437 ProcesoPlataforma/(2344:2353): Recibe mensaje de finalizacion de turno.
[INFO] 16:57:13:437 ProcesoPlataforma/(2344:2353): Agrega personaje 'P@' a cola de listos.
[INFO] 16:57:13:437 ProcesoPlataforma/(2344:2353): ---LISTOS---
[INFO] 16:57:13:437 ProcesoPlataforma/(2344:2353): Personaje 'P#'
[INFO] 16:57:13:437 ProcesoPlataforma/(2344:2353): Personaje 'P@'
[INFO] 16:57:13:437 ProcesoPlataforma/(2344:2353): -----------
[INFO] 16:57:13:638 ProcesoPlataforma/(2344:2353): Quita personaje 'P#' de cola de listos.
[INFO] 16:57:13:638 ProcesoPlataforma/(2344:2353): ---LISTOS---
[INFO] 16:57:13:638 ProcesoPlataforma/(2344:2353): Personaje 'P@'
[INFO] 16:57:13:638 ProcesoPlataforma/(2344:2353): -----------
[INFO] 16:57:13:638 ProcesoPlataforma/(2344:2353): Envia mensaje indicando movimiento permitido (ID PERSONAJE: P#).
[INFO] 16:57:13:641 ProcesoPlataforma/(2344:2353): Recibe mensaje de finalizacion de turno.
[INFO] 16:57:13:641 ProcesoPlataforma/(2344:2353): Envia mensaje indicando movimiento permitido (ID PERSONAJE: P#).
[INFO] 16:57:13:642 ProcesoPlataforma/(2344:2353): Recibe mensaje de finalizacion de turno.
[INFO] 16:57:13:642 ProcesoPlataforma/(2344:2353): Envia mensaje indicando movimiento permitido (ID PERSONAJE: P#).
[INFO] 16:57:13:643 ProcesoPlataforma/(2344:2353): Recibe mensaje de finalizacion de turno.
[INFO] 16:57:13:643 ProcesoPlataforma/(2344:2353): Agrega personaje 'P#' a cola de listos.
[INFO] 16:57:13:643 ProcesoPlataforma/(2344:2353): ---LISTOS---
[INFO] 16:57:13:643 ProcesoPlataforma/(2344:2353): Personaje 'P@'
[INFO] 16:57:13:643 ProcesoPlataforma/(2344:2353): Personaje 'P#'
[INFO] 16:57:13:643 ProcesoPlataforma/(2344:2353): -----------
[INFO] 16:57:13:845 ProcesoPlataforma/(2344:2353): Quita personaje 'P@' de cola de listos.
[INFO] 16:57:13:845 ProcesoPlataforma/(2344:2353): ---LISTOS---
[INFO] 16:57:13:845 ProcesoPlataforma/(2344:2353): Personaje 'P#'
[INFO] 16:57:13:845 ProcesoPlataforma/(2344:2353): -----------
[INFO] 16:57:13:845 ProcesoPlataforma/(2344:2353): Envia mensaje indicando movimiento permitido (ID PERSONAJE: P@).
[INFO] 16:57:13:846 ProcesoPlataforma/(2344:2353): Recibe mensaje de finalizacion de turno.
[INFO] 16:57:13:846 ProcesoPlataforma/(2344:2353): Envia mensaje indicando movimiento permitido (ID PERSONAJE: P@).
[INFO] 16:57:13:848 ProcesoPlataforma/(2344:2353): Recibe mensaje de finalizacion de turno.
[INFO] 16:57:13:848 ProcesoPlataforma/(2344:2353): Envia mensaje indicando movimiento permitido (ID PERSONAJE: P@).
[INFO] 16:57:13:849 ProcesoPlataforma/(2344:2353): Recibe mensaje de finalizacion de turno.
[INFO] 16:57:13:849 ProcesoPlataforma/(2344:2353): Agrega personaje 'P@' a cola de listos.
[INFO] 16:57:13:849 ProcesoPlataforma/(2344:2353): ---LISTOS---
[INFO] 16:57:13:849 ProcesoPlataforma/(2344:2353): Personaje 'P#'
[INFO] 16:57:13:849 ProcesoPlataforma/(2344:2353): Personaje 'P@'
[INFO] 16:57:13:849 ProcesoPlataforma/(2344:2353): -----------
[INFO] 16:57:14:49 ProcesoPlataforma/(2344:2353): Quita personaje 'P#' de cola de listos.
[INFO] 16:57:14:50 ProcesoPlataforma/(2344:2353): ---LISTOS---
[INFO] 16:57:14:50 ProcesoPlataforma/(2344:2353): Personaje 'P@'
[INFO] 16:57:14:50 ProcesoPlataforma/(2344:2353): -----------
[INFO] 16:57:14:50 ProcesoPlataforma/(2344:2353): Envia mensaje indicando movimiento permitido (ID PERSONAJE: P#).
[INFO] 16:57:14:51 ProcesoPlataforma/(2344:2353): Recibe mensaje de finalizacion de turno.
[INFO] 16:57:14:51 ProcesoPlataforma/(2344:2353): Envia mensaje indicando movimiento permitido (ID PERSONAJE: P#).
[INFO] 16:57:14:52 ProcesoPlataforma/(2344:2353): Recibe mensaje de finalizacion de turno.
[INFO] 16:57:14:52 ProcesoPlataforma/(2344:2353): Envia mensaje indicando movimiento permitido (ID PERSONAJE: P#).
[INFO] 16:57:14:53 ProcesoPlataforma/(2344:2353): Recibe mensaje de finalizacion de turno.
[INFO] 16:57:14:53 ProcesoPlataforma/(2344:2353): Agrega personaje 'P#' a cola de listos.
[INFO] 16:57:14:53 ProcesoPlataforma/(2344:2353): ---LISTOS---
[INFO] 16:57:14:53 ProcesoPlataforma/(2344:2353): Personaje 'P@'
[INFO] 16:57:14:54 ProcesoPlataforma/(2344:2353): Personaje 'P#'
[INFO] 16:57:14:54 ProcesoPlataforma/(2344:2353): -----------
[INFO] 16:57:14:255 ProcesoPlataforma/(2344:2353): Quita personaje 'P@' de cola de listos.
[INFO] 16:57:14:255 ProcesoPlataforma/(2344:2353): ---LISTOS---
[INFO] 16:57:14:255 ProcesoPlataforma/(2344:2353): Personaje 'P#'
[INFO] 16:57:14:255 ProcesoPlataforma/(2344:2353): -----------
[INFO] 16:57:14:255 ProcesoPlataforma/(2344:2353): Envia mensaje indicando movimiento permitido (ID PERSONAJE: P@).
[INFO] 16:57:14:700 ProcesoPlataforma/(2344:2353): Recibe mensaje de finalizacion de turno.
[INFO] 16:57:14:700 ProcesoPlataforma/(2344:2353): Envia mensaje indicando movimiento permitido (ID PERSONAJE: P@).
[INFO] 16:57:14:702 ProcesoPlataforma/(2344:2353): Recibe mensaje de finalizacion de turno.
[INFO] 16:57:14:702 ProcesoPlataforma/(2344:2353): Envia mensaje indicando movimiento permitido (ID PERSONAJE: P@).
[INFO] 16:57:14:703 ProcesoPlataforma/(2344:2353): Recibe mensaje de finalizacion de turno.
[INFO] 16:57:14:703 ProcesoPlataforma/(2344:2353): Agrega personaje 'P@' a cola de listos.
[INFO] 16:57:14:703 ProcesoPlataforma/(2344:2353): ---LISTOS---
[INFO] 16:57:14:703 ProcesoPlataforma/(2344:2353): Personaje 'P#'
[INFO] 16:57:14:704 ProcesoPlataforma/(2344:2353): Personaje 'P@'
[INFO] 16:57:14:704 ProcesoPlataforma/(2344:2353): -----------
[INFO] 16:57:14:904 ProcesoPlataforma/(2344:2353): Quita personaje 'P#' de cola de listos.
[INFO] 16:57:14:904 ProcesoPlataforma/(2344:2353): ---LISTOS---
[INFO] 16:57:14:904 ProcesoPlataforma/(2344:2353): Personaje 'P@'
[INFO] 16:57:14:905 ProcesoPlataforma/(2344:2353): -----------
[INFO] 16:57:14:905 ProcesoPlataforma/(2344:2353): Envia mensaje indicando movimiento permitido (ID PERSONAJE: P#).
[INFO] 16:57:14:906 ProcesoPlataforma/(2344:2353): Recibe mensaje de finalizacion de turno.
[INFO] 16:57:14:906 ProcesoPlataforma/(2344:2353): Envia mensaje indicando movimiento permitido (ID PERSONAJE: P#).
[INFO] 16:57:14:906 ProcesoPlataforma/(2344:2353): Recibe mensaje de finalizacion de turno.
[INFO] 16:57:14:907 ProcesoPlataforma/(2344:2353): Envia mensaje indicando movimiento permitido (ID PERSONAJE: P#).
[INFO] 16:57:14:908 ProcesoPlataforma/(2344:2353): Recibe mensaje de finalizacion de turno.
[INFO] 16:57:14:908 ProcesoPlataforma/(2344:2353): Agrega personaje 'P#' a cola de listos.
[INFO] 16:57:14:908 ProcesoPlataforma/(2344:2353): ---LISTOS---
[INFO] 16:57:14:908 ProcesoPlataforma/(2344:2353): Personaje 'P@'
[INFO] 16:57:14:908 ProcesoPlataforma/(2344:2353): Personaje 'P#'
[INFO] 16:57:14:908 ProcesoPlataforma/(2344:2353): -----------
[INFO] 16:57:15:108 ProcesoPlataforma/(2344:2353): Quita personaje 'P@' de cola de listos.
[INFO] 16:57:15:109 ProcesoPlataforma/(2344:2353): ---LISTOS---
[INFO] 16:57:15:109 ProcesoPlataforma/(2344:2353): Personaje 'P#'
[INFO] 16:57:15:109 ProcesoPlataforma/(2344:2353): -----------
[INFO] 16:57:15:109 ProcesoPlataforma/(2344:2353): Envia mensaje indicando movimiento permitido (ID PERSONAJE: P@).
[INFO] 16:57:15:110 ProcesoPlataforma/(2344:2353): Recibe mensaje de finalizacion de turno.
[INFO] 16:57:15:110 ProcesoPlataforma/(2344:2353): Envia mensaje indicando movimiento permitido (ID PERSONAJE: P@).
[INFO] 16:57:15:111 ProcesoPlataforma/(2344:2353): Recibe mensaje de finalizacion de turno.
[INFO] 16:57:15:111 ProcesoPlataforma/(2344:2353): Envia mensaje indicando movimiento permitido (ID PERSONAJE: P@).
[INFO] 16:57:15:112 ProcesoPlataforma/(2344:2353): Recibe mensaje de finalizacion de turno.
[INFO] 16:57:15:112 ProcesoPlataforma/(2344:2353): Agrega personaje 'P@' a cola de listos.
[INFO] 16:57:15:112 ProcesoPlataforma/(2344:2353): ---LISTOS---
[INFO] 16:57:15:113 ProcesoPlataforma/(2344:2353): Personaje 'P#'
[INFO] 16:57:15:113 ProcesoPlataforma/(2344:2353): Personaje 'P@'
[INFO] 16:57:15:113 ProcesoPlataforma/(2344:2353): -----------
[INFO] 16:57:15:313 ProcesoPlataforma/(2344:2353): Quita personaje 'P#' de cola de listos.
[INFO] 16:57:15:313 ProcesoPlataforma/(2344:2353): ---LISTOS---
[INFO] 16:57:15:314 ProcesoPlataforma/(2344:2353): Personaje 'P@'
[INFO] 16:57:15:314 ProcesoPlataforma/(2344:2353): -----------
[INFO] 16:57:15:314 ProcesoPlataforma/(2344:2353): Envia mensaje indicando movimiento permitido (ID PERSONAJE: P#).
[INFO] 16:57:15:315 ProcesoPlataforma/(2344:2353): Recibe mensaje de finalizacion de turno.
[INFO] 16:57:15:315 ProcesoPlataforma/(2344:2353): Envia mensaje indicando movimiento permitido (ID PERSONAJE: P#).
[INFO] 16:57:15:316 ProcesoPlataforma/(2344:2353): Recibe mensaje de finalizacion de turno.
[INFO] 16:57:15:316 ProcesoPlataforma/(2344:2353): Envia mensaje indicando movimiento permitido (ID PERSONAJE: P#).
[INFO] 16:57:15:317 ProcesoPlataforma/(2344:2353): Recibe mensaje de finalizacion de turno.
[INFO] 16:57:15:317 ProcesoPlataforma/(2344:2353): Agrega personaje 'P#' a cola de listos.
[INFO] 16:57:15:317 ProcesoPlataforma/(2344:2353): ---LISTOS---
[INFO] 16:57:15:317 ProcesoPlataforma/(2344:2353): Personaje 'P@'
[INFO] 16:57:15:317 ProcesoPlataforma/(2344:2353): Personaje 'P#'
[INFO] 16:57:15:317 ProcesoPlataforma/(2344:2353): -----------
[INFO] 16:57:15:518 ProcesoPlataforma/(2344:2353): Quita personaje 'P@' de cola de listos.
[INFO] 16:57:15:518 ProcesoPlataforma/(2344:2353): ---LISTOS---
[INFO] 16:57:15:518 ProcesoPlataforma/(2344:2353): Personaje 'P#'
[INFO] 16:57:15:518 ProcesoPlataforma/(2344:2353): -----------
[INFO] 16:57:15:518 ProcesoPlataforma/(2344:2353): Envia mensaje indicando movimiento permitido (ID PERSONAJE: P@).
[INFO] 16:57:15:519 ProcesoPlataforma/(2344:2353): Recibe mensaje de finalizacion de turno.
[INFO] 16:57:15:519 ProcesoPlataforma/(2344:2353): Envia mensaje indicando movimiento permitido (ID PERSONAJE: P@).
[INFO] 16:57:15:520 ProcesoPlataforma/(2344:2353): Recibe mensaje de finalizacion de turno.
[INFO] 16:57:15:520 ProcesoPlataforma/(2344:2353): Envia mensaje indicando movimiento permitido (ID PERSONAJE: P@).
[INFO] 16:57:15:521 ProcesoPlataforma/(2344:2353): Recibe mensaje de finalizacion de turno.
[INFO] 16:57:15:521 ProcesoPlataforma/(2344:2353): Agrega personaje 'P@' a cola de listos.
[INFO] 16:57:15:521 ProcesoPlataforma/(2344:2353): ---LISTOS---
[INFO] 16:57:15:521 ProcesoPlataforma/(2344:2353): Personaje 'P#'
[INFO] 16:57:15:521 ProcesoPlataforma/(2344:2353): Personaje 'P@'
[INFO] 16:57:15:521 ProcesoPlataforma/(2344:2353): -----------
[INFO] 16:57:15:722 ProcesoPlataforma/(2344:2353): Quita personaje 'P#' de cola de listos.
[INFO] 16:57:15:722 ProcesoPlataforma/(2344:2353): ---LISTOS---
[INFO] 16:57:15:722 ProcesoPlataforma/(2344:2353): Personaje 'P@'
[INFO] 16:57:15:722 ProcesoPlataforma/(2344:2353): -----------
[INFO] 16:57:15:722 ProcesoPlataforma/(2344:2353): Envia mensaje indicando movimiento permitido (ID PERSONAJE: P#).
[INFO] 16:57:15:723 ProcesoPlataforma/(2344:2353): Recibe mensaje de finalizacion de turno.
[INFO] 16:57:15:723 ProcesoPlataforma/(2344:2353): Envia mensaje indicando movimiento permitido (ID PERSONAJE: P#).
[INFO] 16:57:15:724 ProcesoPlataforma/(2344:2353): Recibe mensaje de finalizacion de turno.
[INFO] 16:57:15:724 ProcesoPlataforma/(2344:2353): Envia mensaje indicando movimiento permitido (ID PERSONAJE: P#).
[INFO] 16:57:15:725 ProcesoPlataforma/(2344:2353): Recibe mensaje de finalizacion de turno.
[INFO] 16:57:15:725 ProcesoPlataforma/(2344:2353): Agrega personaje 'P#' a cola de listos.
[INFO] 16:57:15:725 ProcesoPlataforma/(2344:2353): ---LISTOS---
[INFO] 16:57:15:725 ProcesoPlataforma/(2344:2353): Personaje 'P@'
[INFO] 16:57:15:725 ProcesoPlataforma/(2344:2353): Personaje 'P#'
[INFO] 16:57:15:725 ProcesoPlataforma/(2344:2353): -----------
[INFO] 16:57:15:926 ProcesoPlataforma/(2344:2353): Quita personaje 'P@' de cola de listos.
[INFO] 16:57:15:926 ProcesoPlataforma/(2344:2353): ---LISTOS---
[INFO] 16:57:15:926 ProcesoPlataforma/(2344:2353): Personaje 'P#'
[INFO] 16:57:15:926 ProcesoPlataforma/(2344:2353): -----------
[INFO] 16:57:15:926 ProcesoPlataforma/(2344:2353): Envia mensaje indicando movimiento permitido (ID PERSONAJE: P@).
[INFO] 16:57:15:927 ProcesoPlataforma/(2344:2353): Recibe mensaje de finalizacion de turno.
[INFO] 16:57:15:927 ProcesoPlataforma/(2344:2353): Envia mensaje indicando movimiento permitido (ID PERSONAJE: P@).
[INFO] 16:57:15:928 ProcesoPlataforma/(2344:2353): Recibe mensaje de finalizacion de turno.
[INFO] 16:57:15:928 ProcesoPlataforma/(2344:2353): Envia mensaje indicando movimiento permitido (ID PERSONAJE: P@).
[INFO] 16:57:15:929 ProcesoPlataforma/(2344:2353): Recibe mensaje de finalizacion de turno.
[INFO] 16:57:15:929 ProcesoPlataforma/(2344:2353): Agrega personaje 'P@' a cola de listos.
[INFO] 16:57:15:929 ProcesoPlataforma/(2344:2353): ---LISTOS---
[INFO] 16:57:15:929 ProcesoPlataforma/(2344:2353): Personaje 'P#'
[INFO] 16:57:15:929 ProcesoPlataforma/(2344:2353): Personaje 'P@'
[INFO] 16:57:15:929 ProcesoPlataforma/(2344:2353): -----------
[INFO] 16:57:16:129 ProcesoPlataforma/(2344:2353): Quita personaje 'P#' de cola de listos.
[INFO] 16:57:16:130 ProcesoPlataforma/(2344:2353): ---LISTOS---
[INFO] 16:57:16:130 ProcesoPlataforma/(2344:2353): Personaje 'P@'
[INFO] 16:57:16:130 ProcesoPlataforma/(2344:2353): -----------
[INFO] 16:57:16:130 ProcesoPlataforma/(2344:2353): Envia mensaje indicando movimiento permitido (ID PERSONAJE: P#).
[INFO] 16:57:16:131 ProcesoPlataforma/(2344:2353): Recibe mensaje de finalizacion de turno.
[INFO] 16:57:16:131 ProcesoPlataforma/(2344:2353): Envia mensaje indicando movimiento permitido (ID PERSONAJE: P#).
[INFO] 16:57:16:132 ProcesoPlataforma/(2344:2353): Recibe mensaje de finalizacion de turno.
[INFO] 16:57:16:132 ProcesoPlataforma/(2344:2353): Envia mensaje indicando movimiento permitido (ID PERSONAJE: P#).
[INFO] 16:57:16:133 ProcesoPlataforma/(2344:2353): Recibe mensaje de finalizacion de turno.
[INFO] 16:57:16:133 ProcesoPlataforma/(2344:2353): Agrega personaje 'P#' a cola de listos.
[INFO] 16:57:16:133 ProcesoPlataforma/(2344:2353): ---LISTOS---
[INFO] 16:57:16:133 ProcesoPlataforma/(2344:2353): Personaje 'P@'
[INFO] 16:57:16:133 ProcesoPlataforma/(2344:2353): Personaje 'P#'
[INFO] 16:57:16:133 ProcesoPlataforma/(2344:2353): -----------
[INFO] 16:57:16:334 ProcesoPlataforma/(2344:2353): Quita personaje 'P@' de cola de listos.
[INFO] 16:57:16:334 ProcesoPlataforma/(2344:2353): ---LISTOS---
[INFO] 16:57:16:334 ProcesoPlataforma/(2344:2353): Personaje 'P#'
[INFO] 16:57:16:334 ProcesoPlataforma/(2344:2353): -----------
[INFO] 16:57:16:334 ProcesoPlataforma/(2344:2353): Envia mensaje indicando movimiento permitido (ID PERSONAJE: P@).
[INFO] 16:57:16:335 ProcesoPlataforma/(2344:2353): Recibe mensaje de finalizacion de turno.
[INFO] 16:57:16:335 ProcesoPlataforma/(2344:2353): Envia mensaje indicando movimiento permitido (ID PERSONAJE: P@).
[INFO] 16:57:16:336 ProcesoPlataforma/(2344:2353): Recibe mensaje de finalizacion de turno.
[INFO] 16:57:16:336 ProcesoPlataforma/(2344:2353): Envia mensaje indicando movimiento permitido (ID PERSONAJE: P@).
[INFO] 16:57:16:338 ProcesoPlataforma/(2344:2353): Recibe mensaje de personaje bloqueado.
[INFO] 16:57:16:338 ProcesoPlataforma/(2344:2353): Busco lista de bloqueados de recurs: F
[INFO] 16:57:16:338 ProcesoPlataforma/(2344:2353): Crea lista de bloqueados y agrega personaje 'P@' asignado al recurso 'F' a lista de bloqueados.
[INFO] 16:57:16:338 ProcesoPlataforma/(2344:2353): ---BLOQUEADOS---
[INFO] 16:57:16:338 ProcesoPlataforma/(2344:2353): Recurso: 'F' index 0
[INFO] 16:57:16:338 ProcesoPlataforma/(2344:2353): -> Personaje 'P@' indicelocal 0
[INFO] 16:57:16:338 ProcesoPlataforma/(2344:2353): ----------------
[INFO] 16:57:16:539 ProcesoPlataforma/(2344:2353): Quita personaje 'P#' de cola de listos.
[INFO] 16:57:16:539 ProcesoPlataforma/(2344:2353): ---LISTOS---
[INFO] 16:57:16:539 ProcesoPlataforma/(2344:2353): -----------
[INFO] 16:57:16:539 ProcesoPlataforma/(2344:2353): Envia mensaje indicando movimiento permitido (ID PERSONAJE: P#).
[INFO] 16:57:16:540 ProcesoPlataforma/(2344:2353): Recibe mensaje de finalizacion de turno.
[INFO] 16:57:16:541 ProcesoPlataforma/(2344:2353): Envia mensaje indicando movimiento permitido (ID PERSONAJE: P#).
[INFO] 16:57:16:541 ProcesoPlataforma/(2344:2353): Recibe mensaje de finalizacion de turno.
[INFO] 16:57:16:541 ProcesoPlataforma/(2344:2353): Envia mensaje indicando movimiento permitido (ID PERSONAJE: P#).
[INFO] 16:57:16:542 ProcesoPlataforma/(2344:2353): Recibe mensaje de finalizacion de turno.
[INFO] 16:57:16:542 ProcesoPlataforma/(2344:2353): Agrega personaje 'P#' a cola de listos.
[INFO] 16:57:16:542 ProcesoPlataforma/(2344:2353): ---LISTOS---
[INFO] 16:57:16:542 ProcesoPlataforma/(2344:2353): Personaje 'P#'
[INFO] 16:57:16:542 ProcesoPlataforma/(2344:2353): -----------
[INFO] 16:57:16:743 ProcesoPlataforma/(2344:2353): Quita personaje 'P#' de cola de listos.
[INFO] 16:57:16:743 ProcesoPlataforma/(2344:2353): ---LISTOS---
[INFO] 16:57:16:743 ProcesoPlataforma/(2344:2353): -----------
[INFO] 16:57:16:743 ProcesoPlataforma/(2344:2353): Envia mensaje indicando movimiento permitido (ID PERSONAJE: P#).
[INFO] 16:57:16:744 ProcesoPlataforma/(2344:2353): Recibe mensaje de finalizacion de turno.
[INFO] 16:57:16:744 ProcesoPlataforma/(2344:2353): Envia mensaje indicando movimiento permitido (ID PERSONAJE: P#).
[INFO] 16:57:16:745 ProcesoPlataforma/(2344:2353): Recibe mensaje de finalizacion de turno.
[INFO] 16:57:16:745 ProcesoPlataforma/(2344:2353): Envia mensaje indicando movimiento permitido (ID PERSONAJE: P#).
[INFO] 16:57:16:746 ProcesoPlataforma/(2344:2353): Recibe mensaje de finalizacion de turno.
[INFO] 16:57:16:746 ProcesoPlataforma/(2344:2353): Agrega personaje 'P#' a cola de listos.
[INFO] 16:57:16:746 ProcesoPlataforma/(2344:2353): ---LISTOS---
[INFO] 16:57:16:746 ProcesoPlataforma/(2344:2353): Personaje 'P#'
[INFO] 16:57:16:746 ProcesoPlataforma/(2344:2353): -----------
[INFO] 16:57:16:948 ProcesoPlataforma/(2344:2353): Quita personaje 'P#' de cola de listos.
[INFO] 16:57:16:948 ProcesoPlataforma/(2344:2353): ---LISTOS---
[INFO] 16:57:16:949 ProcesoPlataforma/(2344:2353): -----------
[INFO] 16:57:16:949 ProcesoPlataforma/(2344:2353): Envia mensaje indicando movimiento permitido (ID PERSONAJE: P#).
[INFO] 16:57:16:950 ProcesoPlataforma/(2344:2353): Recibe mensaje de finalizacion de turno.
[INFO] 16:57:16:950 ProcesoPlataforma/(2344:2353): Envia mensaje indicando movimiento permitido (ID PERSONAJE: P#).
[INFO] 16:57:16:951 ProcesoPlataforma/(2344:2353): Recibe mensaje de finalizacion de turno.
[INFO] 16:57:16:951 ProcesoPlataforma/(2344:2353): Envia mensaje indicando movimiento permitido (ID PERSONAJE: P#).
[INFO] 16:57:16:952 ProcesoPlataforma/(2344:2353): Recibe mensaje de finalizacion de turno.
[INFO] 16:57:16:952 ProcesoPlataforma/(2344:2353): Agrega personaje 'P#' a cola de listos.
[INFO] 16:57:16:952 ProcesoPlataforma/(2344:2353): ---LISTOS---
[INFO] 16:57:16:952 ProcesoPlataforma/(2344:2353): Personaje 'P#'
[INFO] 16:57:16:952 ProcesoPlataforma/(2344:2353): -----------
[INFO] 16:57:17:153 ProcesoPlataforma/(2344:2353): Quita personaje 'P#' de cola de listos.
[INFO] 16:57:17:153 ProcesoPlataforma/(2344:2353): ---LISTOS---
[INFO] 16:57:17:153 ProcesoPlataforma/(2344:2353): -----------
[INFO] 16:57:17:153 ProcesoPlataforma/(2344:2353): Envia mensaje indicando movimiento permitido (ID PERSONAJE: P#).
[INFO] 16:57:17:154 ProcesoPlataforma/(2344:2353): Recibe mensaje de finalizacion de turno.
[INFO] 16:57:17:154 ProcesoPlataforma/(2344:2353): Envia mensaje indicando movimiento permitido (ID PERSONAJE: P#).
[INFO] 16:57:17:155 ProcesoPlataforma/(2344:2353): Recibe mensaje de finalizacion de turno.
[INFO] 16:57:17:155 ProcesoPlataforma/(2344:2353): Envia mensaje indicando movimiento permitido (ID PERSONAJE: P#).
[INFO] 16:57:17:157 ProcesoPlataforma/(2344:2353): Recibe mensaje de personaje bloqueado.
[INFO] 16:57:17:157 ProcesoPlataforma/(2344:2353): Busco lista de bloqueados de recurs: H
[INFO] 16:57:17:157 ProcesoPlataforma/(2344:2353): comparo y tengo resultado 0
[INFO] 16:57:17:157 ProcesoPlataforma/(2344:2353): Crea lista de bloqueados y agrega personaje 'P#' asignado al recurso 'H' a lista de bloqueados.
[INFO] 16:57:17:157 ProcesoPlataforma/(2344:2353): ---BLOQUEADOS---
[INFO] 16:57:17:157 ProcesoPlataforma/(2344:2353): Recurso: 'F' index 0
[INFO] 16:57:17:157 ProcesoPlataforma/(2344:2353): -> Personaje 'P@' indicelocal 0
[INFO] 16:57:17:157 ProcesoPlataforma/(2344:2353): Recurso: 'H' index 1
[INFO] 16:57:17:158 ProcesoPlataforma/(2344:2353): -> Personaje 'P#' indicelocal 0
[INFO] 16:57:17:158 ProcesoPlataforma/(2344:2353): ----------------
[INFO] 16:57:19:200 ProcesoPlataforma/(2344:2345): Recibe mensaje de pedido de interbloqueo.
[INFO] 16:57:19:200 ProcesoPlataforma/(2344:2345): Envia mensaje indicando que murio el personaje
[INFO] 16:57:19:200 ProcesoPlataforma/(2344:2345): Mata al personaje (NOMBRE VICTIMA: P#)
[INFO] 16:57:19:200 ProcesoPlataforma/(2344:2345): Borro victima de lista de Bloqueados
[INFO] 16:57:19:200 ProcesoPlataforma/(2344:2345): ---BLOQUEADOS---
[INFO] 16:57:19:200 ProcesoPlataforma/(2344:2345): Recurso: 'F' index 0
[INFO] 16:57:19:200 ProcesoPlataforma/(2344:2345): -> Personaje 'P@' indicelocal 0
[INFO] 16:57:19:200 ProcesoPlataforma/(2344:2345): Recurso: 'H' index 1
[INFO] 16:57:19:200 ProcesoPlataforma/(2344:2345): ----------------
[INFO] 16:57:19:200 ProcesoPlataforma/(2344:2353): Personaje termino nivel
[INFO] 16:57:19:203 ProcesoPlataforma/(2344:2345): Recibe mensaje de recursos liberados.
[INFO] 16:57:19:203 ProcesoPlataforma/(2344:2345): Busco lista de bloqueados de recurs: F
[INFO] 16:57:19:203 ProcesoPlataforma/(2344:2345): comparo y tengo resultado 1
[INFO] 16:57:19:402 ProcesoPlataforma/(2344:2353): Recibe mensaje de conexion de Proceso Personaje.
[INFO] 16:57:19:402 ProcesoPlataforma/(2344:2345): Quita personaje 'P@' asignado al recurso 'F' de la lista de bloqueados.
[INFO] 16:57:19:402 ProcesoPlataforma/(2344:2345): ---BLOQUEADOS---
[INFO] 16:57:19:402 ProcesoPlataforma/(2344:2345): Recurso: 'F' index 0
[INFO] 16:57:19:402 ProcesoPlataforma/(2344:2345): Recurso: 'H' index 1
[INFO] 16:57:19:402 ProcesoPlataforma/(2344:2345): ----------------
[INFO] 16:57:19:402 ProcesoPlataforma/(2344:2345): Envia mensaje de recursos asignado (ID PERSONAJE: @ - ID RECURSO: F).
[INFO] 16:57:19:403 ProcesoPlataforma/(2344:2345): Agrega personaje 'P@' a cola de listos.
[INFO] 16:57:19:403 ProcesoPlataforma/(2344:2345): ---LISTOS---
[INFO] 16:57:19:403 ProcesoPlataforma/(2344:2345): Personaje 'P@'
[INFO] 16:57:19:403 ProcesoPlataforma/(2344:2345): -----------
[INFO] 16:57:19:403 ProcesoPlataforma/(2344:2345): Envia mensaje informando reasignacion finalizada.
[INFO] 16:57:19:403 ProcesoPlataforma/(2344:2353): Agrega personaje 'P#' a cola de listos.
[INFO] 16:57:19:403 ProcesoPlataforma/(2344:2353): ---LISTOS---
[INFO] 16:57:19:403 ProcesoPlataforma/(2344:2353): Personaje 'P@'
[INFO] 16:57:19:403 ProcesoPlataforma/(2344:2353): Personaje 'P#'
[INFO] 16:57:19:403 ProcesoPlataforma/(2344:2353): -----------
[INFO] 16:57:20:106 ProcesoPlataforma/(2344:2353): Quita personaje 'P@' de cola de listos.
[INFO] 16:57:20:106 ProcesoPlataforma/(2344:2353): ---LISTOS---
[INFO] 16:57:20:106 ProcesoPlataforma/(2344:2353): Personaje 'P#'
[INFO] 16:57:20:106 ProcesoPlataforma/(2344:2353): -----------
[INFO] 16:57:20:106 ProcesoPlataforma/(2344:2353): Envia mensaje indicando movimiento permitido (ID PERSONAJE: P@).
[INFO] 16:57:20:108 ProcesoPlataforma/(2344:2353): Personaje termino nivel
[INFO] 16:57:20:109 ProcesoPlataforma/(2344:2345): Recibe mensaje de recursos liberados.
[INFO] 16:57:20:109 ProcesoPlataforma/(2344:2345): Busco lista de bloqueados de recurs: F
[INFO] 16:57:20:109 ProcesoPlataforma/(2344:2345): comparo y tengo resultado 1
[INFO] 16:57:20:109 ProcesoPlataforma/(2344:2345): Envia mensaje informando reasignacion finalizada.
[INFO] 16:57:20:109 ProcesoPlataforma/(2344:2345): Recibe mensaje de que gano, hay 2 personajes jugando
[INFO] 16:57:20:109 ProcesoPlataforma/(2344:2345): Removi P@ de los personajes jugando
[INFO] 16:57:20:110 ProcesoPlataforma/(2344:2345): Recibe mensaje de recursos liberados.
[INFO] 16:57:20:111 ProcesoPlataforma/(2344:2345): Busco lista de bloqueados de recurs: H
[INFO] 16:57:20:111 ProcesoPlataforma/(2344:2345): comparo y tengo resultado 0
[INFO] 16:57:20:111 ProcesoPlataforma/(2344:2345): comparo y tengo resultado 1
[INFO] 16:57:20:111 ProcesoPlataforma/(2344:2345): Envia mensaje informando reasignacion finalizada.
[INFO] 16:57:20:809 ProcesoPlataforma/(2344:2353): Quita personaje 'P#' de cola de listos.
[INFO] 16:57:20:809 ProcesoPlataforma/(2344:2353): ---LISTOS---
[INFO] 16:57:20:809 ProcesoPlataforma/(2344:2353): -----------
[INFO] 16:57:20:809 ProcesoPlataforma/(2344:2353): Envia mensaje indicando movimiento permitido (ID PERSONAJE: P#).
[INFO] 16:57:20:811 ProcesoPlataforma/(2344:2353): Recibe mensaje de finalizacion de turno.
[INFO] 16:57:20:811 ProcesoPlataforma/(2344:2353): Envia mensaje indicando movimiento permitido (ID PERSONAJE: P#).
[INFO] 16:57:20:814 ProcesoPlataforma/(2344:2353): Recibe mensaje de finalizacion de turno.
[INFO] 16:57:20:814 ProcesoPlataforma/(2344:2353): Envia mensaje indicando movimiento permitido (ID PERSONAJE: P#).
[INFO] 16:57:20:815 ProcesoPlataforma/(2344:2353): Recibe mensaje de finalizacion de turno.
[INFO] 16:57:20:815 ProcesoPlataforma/(2344:2353): Agrega personaje 'P#' a cola de listos.
[INFO] 16:57:20:815 ProcesoPlataforma/(2344:2353): ---LISTOS---
[INFO] 16:57:20:815 ProcesoPlataforma/(2344:2353): Personaje 'P#'
[INFO] 16:57:20:815 ProcesoPlataforma/(2344:2353): -----------
[INFO] 16:57:21:16 ProcesoPlataforma/(2344:2353): Quita personaje 'P#' de cola de listos.
[INFO] 16:57:21:17 ProcesoPlataforma/(2344:2353): ---LISTOS---
[INFO] 16:57:21:17 ProcesoPlataforma/(2344:2353): -----------
[INFO] 16:57:21:17 ProcesoPlataforma/(2344:2353): Envia mensaje indicando movimiento permitido (ID PERSONAJE: P#).
[INFO] 16:57:21:18 ProcesoPlataforma/(2344:2353): Recibe mensaje de finalizacion de turno.
[INFO] 16:57:21:18 ProcesoPlataforma/(2344:2353): Envia mensaje indicando movimiento permitido (ID PERSONAJE: P#).
[INFO] 16:57:21:19 ProcesoPlataforma/(2344:2353): Recibe mensaje de finalizacion de turno.
[INFO] 16:57:21:19 ProcesoPlataforma/(2344:2353): Envia mensaje indicando movimiento permitido (ID PERSONAJE: P#).
[INFO] 16:57:21:20 ProcesoPlataforma/(2344:2353): Recibe mensaje de finalizacion de turno.
[INFO] 16:57:21:20 ProcesoPlataforma/(2344:2353): Agrega personaje 'P#' a cola de listos.
[INFO] 16:57:21:20 ProcesoPlataforma/(2344:2353): ---LISTOS---
[INFO] 16:57:21:20 ProcesoPlataforma/(2344:2353): Personaje 'P#'
[INFO] 16:57:21:20 ProcesoPlataforma/(2344:2353): -----------
[INFO] 16:57:21:220 ProcesoPlataforma/(2344:2353): Quita personaje 'P#' de cola de listos.
[INFO] 16:57:21:220 ProcesoPlataforma/(2344:2353): ---LISTOS---
[INFO] 16:57:21:221 ProcesoPlataforma/(2344:2353): -----------
[INFO] 16:57:21:221 ProcesoPlataforma/(2344:2353): Envia mensaje indicando movimiento permitido (ID PERSONAJE: P#).
[INFO] 16:57:21:221 ProcesoPlataforma/(2344:2353): Recibe mensaje de finalizacion de turno.
[INFO] 16:57:21:222 ProcesoPlataforma/(2344:2353): Envia mensaje indicando movimiento permitido (ID PERSONAJE: P#).
[INFO] 16:57:21:222 ProcesoPlataforma/(2344:2353): Recibe mensaje de finalizacion de turno.
[INFO] 16:57:21:222 ProcesoPlataforma/(2344:2353): Envia mensaje indicando movimiento permitido (ID PERSONAJE: P#).
[INFO] 16:57:21:223 ProcesoPlataforma/(2344:2353): Recibe mensaje de finalizacion de turno.
[INFO] 16:57:21:223 ProcesoPlataforma/(2344:2353): Agrega personaje 'P#' a cola de listos.
[INFO] 16:57:21:223 ProcesoPlataforma/(2344:2353): ---LISTOS---
[INFO] 16:57:21:223 ProcesoPlataforma/(2344:2353): Personaje 'P#'
[INFO] 16:57:21:223 ProcesoPlataforma/(2344:2353): -----------
[INFO] 16:57:21:424 ProcesoPlataforma/(2344:2353): Quita personaje 'P#' de cola de listos.
[INFO] 16:57:21:426 ProcesoPlataforma/(2344:2353): ---LISTOS---
[INFO] 16:57:21:426 ProcesoPlataforma/(2344:2353): -----------
[INFO] 16:57:21:426 ProcesoPlataforma/(2344:2353): Envia mensaje indicando movimiento permitido (ID PERSONAJE: P#).
[INFO] 16:57:21:426 ProcesoPlataforma/(2344:2353): Recibe mensaje de finalizacion de turno.
[INFO] 16:57:21:427 ProcesoPlataforma/(2344:2353): Envia mensaje indicando movimiento permitido (ID PERSONAJE: P#).
[INFO] 16:57:21:427 ProcesoPlataforma/(2344:2353): Recibe mensaje de finalizacion de turno.
[INFO] 16:57:21:428 ProcesoPlataforma/(2344:2353): Envia mensaje indicando movimiento permitido (ID PERSONAJE: P#).
[INFO] 16:57:21:429 ProcesoPlataforma/(2344:2353): Recibe mensaje de finalizacion de turno.
[INFO] 16:57:21:429 ProcesoPlataforma/(2344:2353): Agrega personaje 'P#' a cola de listos.
[INFO] 16:57:21:429 ProcesoPlataforma/(2344:2353): ---LISTOS---
[INFO] 16:57:21:429 ProcesoPlataforma/(2344:2353): Personaje 'P#'
[INFO] 16:57:21:429 ProcesoPlataforma/(2344:2353): -----------
[INFO] 16:57:21:629 ProcesoPlataforma/(2344:2353): Quita personaje 'P#' de cola de listos.
[INFO] 16:57:21:630 ProcesoPlataforma/(2344:2353): ---LISTOS---
[INFO] 16:57:21:630 ProcesoPlataforma/(2344:2353): -----------
[INFO] 16:57:21:630 ProcesoPlataforma/(2344:2353): Envia mensaje indicando movimiento permitido (ID PERSONAJE: P#).
[INFO] 16:57:21:631 ProcesoPlataforma/(2344:2353): Recibe mensaje de finalizacion de turno.
[INFO] 16:57:21:631 ProcesoPlataforma/(2344:2353): Envia mensaje indicando movimiento permitido (ID PERSONAJE: P#).
[INFO] 16:57:21:632 ProcesoPlataforma/(2344:2353): Recibe mensaje de finalizacion de turno.
[INFO] 16:57:21:632 ProcesoPlataforma/(2344:2353): Envia mensaje indicando movimiento permitido (ID PERSONAJE: P#).
[INFO] 16:57:21:633 ProcesoPlataforma/(2344:2353): Recibe mensaje de finalizacion de turno.
[INFO] 16:57:21:633 ProcesoPlataforma/(2344:2353): Agrega personaje 'P#' a cola de listos.
[INFO] 16:57:21:633 ProcesoPlataforma/(2344:2353): ---LISTOS---
[INFO] 16:57:21:633 ProcesoPlataforma/(2344:2353): Personaje 'P#'
[INFO] 16:57:21:633 ProcesoPlataforma/(2344:2353): -----------
[INFO] 16:57:21:834 ProcesoPlataforma/(2344:2353): Quita personaje 'P#' de cola de listos.
[INFO] 16:57:21:834 ProcesoPlataforma/(2344:2353): ---LISTOS---
[INFO] 16:57:21:834 ProcesoPlataforma/(2344:2353): -----------
[INFO] 16:57:21:834 ProcesoPlataforma/(2344:2353): Envia mensaje indicando movimiento permitido (ID PERSONAJE: P#).
[INFO] 16:57:21:835 ProcesoPlataforma/(2344:2353): Recibe mensaje de finalizacion de turno.
[INFO] 16:57:21:835 ProcesoPlataforma/(2344:2353): Envia mensaje indicando movimiento permitido (ID PERSONAJE: P#).
[INFO] 16:57:21:840 ProcesoPlataforma/(2344:2353): Recibe mensaje de finalizacion de turno.
[INFO] 16:57:21:840 ProcesoPlataforma/(2344:2353): Envia mensaje indicando movimiento permitido (ID PERSONAJE: P#).
[INFO] 16:57:21:841 ProcesoPlataforma/(2344:2353): Recibe mensaje de finalizacion de turno.
[INFO] 16:57:21:842 ProcesoPlataforma/(2344:2353): Agrega personaje 'P#' a cola de listos.
[INFO] 16:57:21:842 ProcesoPlataforma/(2344:2353): ---LISTOS---
[INFO] 16:57:21:842 ProcesoPlataforma/(2344:2353): Personaje 'P#'
[INFO] 16:57:21:842 ProcesoPlataforma/(2344:2353): -----------
[INFO] 16:57:22:42 ProcesoPlataforma/(2344:2353): Quita personaje 'P#' de cola de listos.
[INFO] 16:57:22:43 ProcesoPlataforma/(2344:2353): ---LISTOS---
[INFO] 16:57:22:43 ProcesoPlataforma/(2344:2353): -----------
[INFO] 16:57:22:43 ProcesoPlataforma/(2344:2353): Envia mensaje indicando movimiento permitido (ID PERSONAJE: P#).
[INFO] 16:57:22:44 ProcesoPlataforma/(2344:2353): Recibe mensaje de finalizacion de turno.
[INFO] 16:57:22:44 ProcesoPlataforma/(2344:2353): Envia mensaje indicando movimiento permitido (ID PERSONAJE: P#).
[INFO] 16:57:22:45 ProcesoPlataforma/(2344:2353): Recibe mensaje de finalizacion de turno.
[INFO] 16:57:22:45 ProcesoPlataforma/(2344:2353): Envia mensaje indicando movimiento permitido (ID PERSONAJE: P#).
[INFO] 16:57:22:46 ProcesoPlataforma/(2344:2353): Recibe mensaje de finalizacion de turno.
[INFO] 16:57:22:46 ProcesoPlataforma/(2344:2353): Agrega personaje 'P#' a cola de listos.
[INFO] 16:57:22:46 ProcesoPlataforma/(2344:2353): ---LISTOS---
[INFO] 16:57:22:46 ProcesoPlataforma/(2344:2353): Personaje 'P#'
[INFO] 16:57:22:46 ProcesoPlataforma/(2344:2353): -----------
[INFO] 16:57:22:247 ProcesoPlataforma/(2344:2353): Quita personaje 'P#' de cola de listos.
[INFO] 16:57:22:247 ProcesoPlataforma/(2344:2353): ---LISTOS---
[INFO] 16:57:22:247 ProcesoPlataforma/(2344:2353): -----------
[INFO] 16:57:22:247 ProcesoPlataforma/(2344:2353): Envia mensaje indicando movimiento permitido (ID PERSONAJE: P#).
[INFO] 16:57:22:248 ProcesoPlataforma/(2344:2353): Recibe mensaje de finalizacion de turno.
[INFO] 16:57:22:248 ProcesoPlataforma/(2344:2353): Envia mensaje indicando movimiento permitido (ID PERSONAJE: P#).
[INFO] 16:57:22:249 ProcesoPlataforma/(2344:2353): Recibe mensaje de finalizacion de turno.
[INFO] 16:57:22:249 ProcesoPlataforma/(2344:2353): Envia mensaje indicando movimiento permitido (ID PERSONAJE: P#).
[INFO] 16:57:22:250 ProcesoPlataforma/(2344:2353): Recibe mensaje de finalizacion de turno.
[INFO] 16:57:22:250 ProcesoPlataforma/(2344:2353): Agrega personaje 'P#' a cola de listos.
[INFO] 16:57:22:250 ProcesoPlataforma/(2344:2353): ---LISTOS---
[INFO] 16:57:22:250 ProcesoPlataforma/(2344:2353): Personaje 'P#'
[INFO] 16:57:22:250 ProcesoPlataforma/(2344:2353): -----------
[INFO] 16:57:22:451 ProcesoPlataforma/(2344:2353): Quita personaje 'P#' de cola de listos.
[INFO] 16:57:22:451 ProcesoPlataforma/(2344:2353): ---LISTOS---
[INFO] 16:57:22:451 ProcesoPlataforma/(2344:2353): -----------
[INFO] 16:57:22:451 ProcesoPlataforma/(2344:2353): Envia mensaje indicando movimiento permitido (ID PERSONAJE: P#).
[INFO] 16:57:22:453 ProcesoPlataforma/(2344:2353): Recibe mensaje de finalizacion de turno.
[INFO] 16:57:22:453 ProcesoPlataforma/(2344:2353): Envia mensaje indicando movimiento permitido (ID PERSONAJE: P#).
[INFO] 16:57:22:455 ProcesoPlataforma/(2344:2353): Recibe mensaje de finalizacion de turno.
[INFO] 16:57:22:455 ProcesoPlataforma/(2344:2353): Envia mensaje indicando movimiento permitido (ID PERSONAJE: P#).
[INFO] 16:57:22:456 ProcesoPlataforma/(2344:2353): Recibe mensaje de finalizacion de turno.
[INFO] 16:57:22:456 ProcesoPlataforma/(2344:2353): Agrega personaje 'P#' a cola de listos.
[INFO] 16:57:22:456 ProcesoPlataforma/(2344:2353): ---LISTOS---
[INFO] 16:57:22:456 ProcesoPlataforma/(2344:2353): Personaje 'P#'
[INFO] 16:57:22:456 ProcesoPlataforma/(2344:2353): -----------
[INFO] 16:57:22:658 ProcesoPlataforma/(2344:2353): Quita personaje 'P#' de cola de listos.
[INFO] 16:57:22:658 ProcesoPlataforma/(2344:2353): ---LISTOS---
[INFO] 16:57:22:658 ProcesoPlataforma/(2344:2353): -----------
[INFO] 16:57:22:659 ProcesoPlataforma/(2344:2353): Envia mensaje indicando movimiento permitido (ID PERSONAJE: P#).
[INFO] 16:57:22:661 ProcesoPlataforma/(2344:2353): Personaje termino nivel
[INFO] 16:57:22:663 ProcesoPlataforma/(2344:2345): Recibe mensaje de recursos liberados.
[INFO] 16:57:22:663 ProcesoPlataforma/(2344:2345): Busco lista de bloqueados de recurs: F
[INFO] 16:57:22:663 ProcesoPlataforma/(2344:2345): comparo y tengo resultado 1
[INFO] 16:57:22:663 ProcesoPlataforma/(2344:2345): Envia mensaje informando reasignacion finalizada.
[INFO] 16:57:22:663 ProcesoPlataforma/(2344:2345): Recibe mensaje de que gano, hay 1 personajes jugando
[INFO] 16:57:22:663 ProcesoPlataforma/(2344:2345): Removi P# de los personajes jugando
[INFO] 16:57:22:663 ProcesoPlataforma/(2344:2345): Ganaron todos. NIVEL FINAL -- KOOPA
