[INFO] 16:57:03:191 ProcesoNivel/(2351:2351): El nivel se conecto al puerto: 5000
[INFO] 16:57:03:191 ProcesoNivel/(2351:2351): El nivel: Nivel1 le hizo HANDSHAKE al socket: 7
[INFO] 16:57:03:192 ProcesoNivel/(2351:2351): El recovery esta activado
[INFO] 16:57:03:194 ProcesoNivel/(2351:2351): Esperando Mensaje
[INFO] 16:57:07:337 ProcesoNivel/(2351:2351): Recibi HANDSHAKE del personaje: P@
[INFO] 16:57:07:337 ProcesoNivel/(2351:2351): Se dibujo el personaje: @ en la pos (0,0)
[INFO] 16:57:07:337 ProcesoNivel/(2351:2351): ----------------------------------------------
[INFO] 16:57:07:337 ProcesoNivel/(2351:2351): Esperando Mensaje
[INFO] 16:57:08:312 ProcesoNivel/(2351:2351): Recibi REQUEST_POS_RECURSO
[INFO] 16:57:08:312 ProcesoNivel/(2351:2351): El recurso pedido es: H
[INFO] 16:57:08:313 ProcesoNivel/(2351:2351): Mando la posicion del recurso H: (4,23)
[INFO] 16:57:08:313 ProcesoNivel/(2351:2351): Mande la posicion del recurso: H al personaje: @
[INFO] 16:57:08:313 ProcesoNivel/(2351:2351): ----------------------------------------------
[INFO] 16:57:08:313 ProcesoNivel/(2351:2351): Esperando Mensaje
[INFO] 16:57:08:313 ProcesoNivel/(2351:2351): Recibi REQUEST_MOVIMIENTO
[INFO] 16:57:08:313 ProcesoNivel/(2351:2351): Modifico posicion personaje: @ en posicion (2,1)
[INFO] 16:57:08:313 ProcesoNivel/(2351:2351): Movi el personaje: @ a la posicion:(2,1)
[INFO] 16:57:08:314 ProcesoNivel/(2351:2351): ----------------------------------------------
[INFO] 16:57:08:314 ProcesoNivel/(2351:2351): Esperando Mensaje
[INFO] 16:57:08:411 ProcesoNivel/(2351:2351): Recibi REQUEST_MOVIMIENTO
[INFO] 16:57:08:412 ProcesoNivel/(2351:2351): Modifico posicion personaje: @ en posicion (3,1)
[INFO] 16:57:08:412 ProcesoNivel/(2351:2351): Movi el personaje: @ a la posicion:(3,1)
[INFO] 16:57:08:412 ProcesoNivel/(2351:2351): ----------------------------------------------
[INFO] 16:57:08:412 ProcesoNivel/(2351:2351): Esperando Mensaje
[INFO] 16:57:08:412 ProcesoNivel/(2351:2351): Recibi REQUEST_MOVIMIENTO
[INFO] 16:57:08:412 ProcesoNivel/(2351:2351): Modifico posicion personaje: @ en posicion (4,1)
[INFO] 16:57:08:412 ProcesoNivel/(2351:2351): Movi el personaje: @ a la posicion:(4,1)
[INFO] 16:57:08:412 ProcesoNivel/(2351:2351): ----------------------------------------------
[INFO] 16:57:08:412 ProcesoNivel/(2351:2351): Esperando Mensaje
[INFO] 16:57:08:518 ProcesoNivel/(2351:2351): Recibi REQUEST_MOVIMIENTO
[INFO] 16:57:08:518 ProcesoNivel/(2351:2351): Modifico posicion personaje: @ en posicion (4,2)
[INFO] 16:57:08:518 ProcesoNivel/(2351:2351): Movi el personaje: @ a la posicion:(4,2)
[INFO] 16:57:08:518 ProcesoNivel/(2351:2351): ----------------------------------------------
[INFO] 16:57:08:518 ProcesoNivel/(2351:2351): Esperando Mensaje
[INFO] 16:57:08:519 ProcesoNivel/(2351:2351): Recibi REQUEST_MOVIMIENTO
[INFO] 16:57:08:519 ProcesoNivel/(2351:2351): Modifico posicion personaje: @ en posicion (4,3)
[INFO] 16:57:08:519 ProcesoNivel/(2351:2351): Movi el personaje: @ a la posicion:(4,3)
[INFO] 16:57:08:519 ProcesoNivel/(2351:2351): ----------------------------------------------
[INFO] 16:57:08:519 ProcesoNivel/(2351:2351): Esperando Mensaje
[INFO] 16:57:08:520 ProcesoNivel/(2351:2351): Recibi REQUEST_MOVIMIENTO
[INFO] 16:57:08:521 ProcesoNivel/(2351:2351): Modifico posicion personaje: @ en posicion (4,4)
[INFO] 16:57:08:521 ProcesoNivel/(2351:2351): Movi el personaje: @ a la posicion:(4,4)
[INFO] 16:57:08:521 ProcesoNivel/(2351:2351): ----------------------------------------------
[INFO] 16:57:08:521 ProcesoNivel/(2351:2351): Esperando Mensaje
[INFO] 16:57:08:724 ProcesoNivel/(2351:2351): Recibi REQUEST_MOVIMIENTO
[INFO] 16:57:08:724 ProcesoNivel/(2351:2351): Modifico posicion personaje: @ en posicion (4,5)
[INFO] 16:57:08:725 ProcesoNivel/(2351:2351): Movi el personaje: @ a la posicion:(4,5)
[INFO] 16:57:08:725 ProcesoNivel/(2351:2351): ----------------------------------------------
[INFO] 16:57:08:725 ProcesoNivel/(2351:2351): Esperando Mensaje
[INFO] 16:57:08:725 ProcesoNivel/(2351:2351): Recibi REQUEST_MOVIMIENTO
[INFO] 16:57:08:725 ProcesoNivel/(2351:2351): Modifico posicion personaje: @ en posicion (4,6)
[INFO] 16:57:08:726 ProcesoNivel/(2351:2351): Movi el personaje: @ a la posicion:(4,6)
[INFO] 16:57:08:726 ProcesoNivel/(2351:2351): ----------------------------------------------
[INFO] 16:57:08:726 ProcesoNivel/(2351:2351): Esperando Mensaje
[INFO] 16:57:08:726 ProcesoNivel/(2351:2351): Recibi REQUEST_MOVIMIENTO
[INFO] 16:57:08:726 ProcesoNivel/(2351:2351): Modifico posicion personaje: @ en posicion (4,7)
[INFO] 16:57:08:727 ProcesoNivel/(2351:2351): Movi el personaje: @ a la posicion:(4,7)
[INFO] 16:57:08:727 ProcesoNivel/(2351:2351): ----------------------------------------------
[INFO] 16:57:08:727 ProcesoNivel/(2351:2351): Esperando Mensaje
[INFO] 16:57:08:789 ProcesoNivel/(2351:2351): Recibi HANDSHAKE del personaje: P#
[INFO] 16:57:08:789 ProcesoNivel/(2351:2351): Se dibujo el personaje: # en la pos (0,0)
[INFO] 16:57:08:789 ProcesoNivel/(2351:2351): ----------------------------------------------
[INFO] 16:57:08:789 ProcesoNivel/(2351:2351): Esperando Mensaje
[INFO] 16:57:08:929 ProcesoNivel/(2351:2351): Recibi REQUEST_MOVIMIENTO
[INFO] 16:57:08:929 ProcesoNivel/(2351:2351): Modifico posicion personaje: @ en posicion (4,8)
[INFO] 16:57:08:929 ProcesoNivel/(2351:2351): Movi el personaje: @ a la posicion:(4,8)
[INFO] 16:57:08:929 ProcesoNivel/(2351:2351): ----------------------------------------------
[INFO] 16:57:08:929 ProcesoNivel/(2351:2351): Esperando Mensaje
[INFO] 16:57:08:930 ProcesoNivel/(2351:2351): Recibi REQUEST_MOVIMIENTO
[INFO] 16:57:08:930 ProcesoNivel/(2351:2351): Modifico posicion personaje: @ en posicion (4,9)
[INFO] 16:57:08:930 ProcesoNivel/(2351:2351): Movi el personaje: @ a la posicion:(4,9)
[INFO] 16:57:08:930 ProcesoNivel/(2351:2351): ----------------------------------------------
[INFO] 16:57:08:930 ProcesoNivel/(2351:2351): Esperando Mensaje
[INFO] 16:57:08:931 ProcesoNivel/(2351:2351): Recibi REQUEST_MOVIMIENTO
[INFO] 16:57:08:931 ProcesoNivel/(2351:2351): Modifico posicion personaje: @ en posicion (4,10)
[INFO] 16:57:08:931 ProcesoNivel/(2351:2351): Movi el personaje: @ a la posicion:(4,10)
[INFO] 16:57:08:931 ProcesoNivel/(2351:2351): ----------------------------------------------
[INFO] 16:57:08:931 ProcesoNivel/(2351:2351): Esperando Mensaje
[INFO] 16:57:09:132 ProcesoNivel/(2351:2351): Recibi REQUEST_POS_RECURSO
[INFO] 16:57:09:133 ProcesoNivel/(2351:2351): El recurso pedido es: F
[INFO] 16:57:09:133 ProcesoNivel/(2351:2351): Mando la posicion del recurso F: (23,4)
[INFO] 16:57:09:133 ProcesoNivel/(2351:2351): Mande la posicion del recurso: F al personaje: #
[INFO] 16:57:09:133 ProcesoNivel/(2351:2351): ----------------------------------------------
[INFO] 16:57:09:133 ProcesoNivel/(2351:2351): Esperando Mensaje
[INFO] 16:57:09:133 ProcesoNivel/(2351:2351): Recibi REQUEST_MOVIMIENTO
[INFO] 16:57:09:134 ProcesoNivel/(2351:2351): Modifico posicion personaje: # en posicion (2,1)
[INFO] 16:57:09:134 ProcesoNivel/(2351:2351): Movi el personaje: # a la posicion:(2,1)
[INFO] 16:57:09:134 ProcesoNivel/(2351:2351): ----------------------------------------------
[INFO] 16:57:09:134 ProcesoNivel/(2351:2351): Esperando Mensaje
[INFO] 16:57:09:172 ProcesoNivel/(2351:2351): Recibi REQUEST_MOVIMIENTO
[INFO] 16:57:09:172 ProcesoNivel/(2351:2351): Modifico posicion personaje: # en posicion (3,1)
[INFO] 16:57:09:172 ProcesoNivel/(2351:2351): Movi el personaje: # a la posicion:(3,1)
[INFO] 16:57:09:172 ProcesoNivel/(2351:2351): ----------------------------------------------
[INFO] 16:57:09:172 ProcesoNivel/(2351:2351): Esperando Mensaje
[INFO] 16:57:09:172 ProcesoNivel/(2351:2351): Recibi REQUEST_MOVIMIENTO
[INFO] 16:57:09:173 ProcesoNivel/(2351:2351): Modifico posicion personaje: # en posicion (4,1)
[INFO] 16:57:09:173 ProcesoNivel/(2351:2351): Movi el personaje: # a la posicion:(4,1)
[INFO] 16:57:09:173 ProcesoNivel/(2351:2351): ----------------------------------------------
[INFO] 16:57:09:173 ProcesoNivel/(2351:2351): Esperando Mensaje
[INFO] 16:57:09:338 ProcesoNivel/(2351:2351): Recibi REQUEST_MOVIMIENTO
[INFO] 16:57:09:338 ProcesoNivel/(2351:2351): Modifico posicion personaje: @ en posicion (4,11)
[INFO] 16:57:09:338 ProcesoNivel/(2351:2351): Movi el personaje: @ a la posicion:(4,11)
[INFO] 16:57:09:338 ProcesoNivel/(2351:2351): ----------------------------------------------
[INFO] 16:57:09:338 ProcesoNivel/(2351:2351): Esperando Mensaje
[INFO] 16:57:09:338 ProcesoNivel/(2351:2351): Recibi REQUEST_MOVIMIENTO
[INFO] 16:57:09:338 ProcesoNivel/(2351:2351): Modifico posicion personaje: @ en posicion (4,12)
[INFO] 16:57:09:338 ProcesoNivel/(2351:2351): Movi el personaje: @ a la posicion:(4,12)
[INFO] 16:57:09:338 ProcesoNivel/(2351:2351): ----------------------------------------------
[INFO] 16:57:09:338 ProcesoNivel/(2351:2351): Esperando Mensaje
[INFO] 16:57:09:339 ProcesoNivel/(2351:2351): Recibi REQUEST_MOVIMIENTO
[INFO] 16:57:09:339 ProcesoNivel/(2351:2351): Modifico posicion personaje: @ en posicion (4,13)
[INFO] 16:57:09:339 ProcesoNivel/(2351:2351): Movi el personaje: @ a la posicion:(4,13)
[INFO] 16:57:09:339 ProcesoNivel/(2351:2351): ----------------------------------------------
[INFO] 16:57:09:339 ProcesoNivel/(2351:2351): Esperando Mensaje
[INFO] 16:57:09:542 ProcesoNivel/(2351:2351): Recibi REQUEST_MOVIMIENTO
[INFO] 16:57:09:542 ProcesoNivel/(2351:2351): Modifico posicion personaje: # en posicion (5,1)
[INFO] 16:57:09:542 ProcesoNivel/(2351:2351): Movi el personaje: # a la posicion:(5,1)
[INFO] 16:57:09:542 ProcesoNivel/(2351:2351): ----------------------------------------------
[INFO] 16:57:09:542 ProcesoNivel/(2351:2351): Esperando Mensaje
[INFO] 16:57:09:543 ProcesoNivel/(2351:2351): Recibi REQUEST_MOVIMIENTO
[INFO] 16:57:09:543 ProcesoNivel/(2351:2351): Modifico posicion personaje: # en posicion (6,1)
[INFO] 16:57:09:543 ProcesoNivel/(2351:2351): Movi el personaje: # a la posicion:(6,1)
[INFO] 16:57:09:543 ProcesoNivel/(2351:2351): ----------------------------------------------
[INFO] 16:57:09:543 ProcesoNivel/(2351:2351): Esperando Mensaje
[INFO] 16:57:09:544 ProcesoNivel/(2351:2351): Recibi REQUEST_MOVIMIENTO
[INFO] 16:57:09:544 ProcesoNivel/(2351:2351): Modifico posicion personaje: # en posicion (7,1)
[INFO] 16:57:09:544 ProcesoNivel/(2351:2351): Movi el personaje: # a la posicion:(7,1)
[INFO] 16:57:09:544 ProcesoNivel/(2351:2351): ----------------------------------------------
[INFO] 16:57:09:544 ProcesoNivel/(2351:2351): Esperando Mensaje
[INFO] 16:57:09:746 ProcesoNivel/(2351:2351): Recibi REQUEST_MOVIMIENTO
[INFO] 16:57:09:746 ProcesoNivel/(2351:2351): Modifico posicion personaje: @ en posicion (4,14)
[INFO] 16:57:09:746 ProcesoNivel/(2351:2351): Movi el personaje: @ a la posicion:(4,14)
[INFO] 16:57:09:746 ProcesoNivel/(2351:2351): ----------------------------------------------
[INFO] 16:57:09:746 ProcesoNivel/(2351:2351): Esperando Mensaje
[INFO] 16:57:09:747 ProcesoNivel/(2351:2351): Recibi REQUEST_MOVIMIENTO
[INFO] 16:57:09:747 ProcesoNivel/(2351:2351): Modifico posicion personaje: @ en posicion (4,15)
[INFO] 16:57:09:747 ProcesoNivel/(2351:2351): Movi el personaje: @ a la posicion:(4,15)
[INFO] 16:57:09:747 ProcesoNivel/(2351:2351): ----------------------------------------------
[INFO] 16:57:09:747 ProcesoNivel/(2351:2351): Esperando Mensaje
[INFO] 16:57:09:748 ProcesoNivel/(2351:2351): Recibi REQUEST_MOVIMIENTO
[INFO] 16:57:09:748 ProcesoNivel/(2351:2351): Modifico posicion personaje: @ en posicion (4,16)
[INFO] 16:57:09:748 ProcesoNivel/(2351:2351): Movi el personaje: @ a la posicion:(4,16)
[INFO] 16:57:09:748 ProcesoNivel/(2351:2351): ----------------------------------------------
[INFO] 16:57:09:748 ProcesoNivel/(2351:2351): Esperando Mensaje
[INFO] 16:57:09:950 ProcesoNivel/(2351:2351): Recibi REQUEST_MOVIMIENTO
[INFO] 16:57:09:951 ProcesoNivel/(2351:2351): Modifico posicion personaje: # en posicion (8,1)
[INFO] 16:57:09:951 ProcesoNivel/(2351:2351): Movi el personaje: # a la posicion:(8,1)
[INFO] 16:57:09:951 ProcesoNivel/(2351:2351): ----------------------------------------------
[INFO] 16:57:09:951 ProcesoNivel/(2351:2351): Esperando Mensaje
[INFO] 16:57:09:951 ProcesoNivel/(2351:2351): Recibi REQUEST_MOVIMIENTO
[INFO] 16:57:09:952 ProcesoNivel/(2351:2351): Modifico posicion personaje: # en posicion (9,1)
[INFO] 16:57:09:952 ProcesoNivel/(2351:2351): Movi el personaje: # a la posicion:(9,1)
[INFO] 16:57:09:952 ProcesoNivel/(2351:2351): ----------------------------------------------
[INFO] 16:57:09:952 ProcesoNivel/(2351:2351): Esperando Mensaje
[INFO] 16:57:09:953 ProcesoNivel/(2351:2351): Recibi REQUEST_MOVIMIENTO
[INFO] 16:57:09:953 ProcesoNivel/(2351:2351): Modifico posicion personaje: # en posicion (10,1)
[INFO] 16:57:09:953 ProcesoNivel/(2351:2351): Movi el personaje: # a la posicion:(10,1)
[INFO] 16:57:09:953 ProcesoNivel/(2351:2351): ----------------------------------------------
[INFO] 16:57:09:953 ProcesoNivel/(2351:2351): Esperando Mensaje
[INFO] 16:57:10:155 ProcesoNivel/(2351:2351): Recibi REQUEST_MOVIMIENTO
[INFO] 16:57:10:155 ProcesoNivel/(2351:2351): Modifico posicion personaje: @ en posicion (4,17)
[INFO] 16:57:10:155 ProcesoNivel/(2351:2351): Movi el personaje: @ a la posicion:(4,17)
[INFO] 16:57:10:155 ProcesoNivel/(2351:2351): ----------------------------------------------
[INFO] 16:57:10:155 ProcesoNivel/(2351:2351): Esperando Mensaje
[INFO] 16:57:10:155 ProcesoNivel/(2351:2351): Recibi REQUEST_MOVIMIENTO
[INFO] 16:57:10:156 ProcesoNivel/(2351:2351): Modifico posicion personaje: @ en posicion (4,18)
[INFO] 16:57:10:156 ProcesoNivel/(2351:2351): Movi el personaje: @ a la posicion:(4,18)
[INFO] 16:57:10:156 ProcesoNivel/(2351:2351): ----------------------------------------------
[INFO] 16:57:10:156 ProcesoNivel/(2351:2351): Esperando Mensaje
[INFO] 16:57:10:156 ProcesoNivel/(2351:2351): Recibi REQUEST_MOVIMIENTO
[INFO] 16:57:10:157 ProcesoNivel/(2351:2351): Modifico posicion personaje: @ en posicion (4,19)
[INFO] 16:57:10:157 ProcesoNivel/(2351:2351): Movi el personaje: @ a la posicion:(4,19)
[INFO] 16:57:10:157 ProcesoNivel/(2351:2351): ----------------------------------------------
[INFO] 16:57:10:157 ProcesoNivel/(2351:2351): Esperando Mensaje
[INFO] 16:57:10:358 ProcesoNivel/(2351:2351): Recibi REQUEST_MOVIMIENTO
[INFO] 16:57:10:359 ProcesoNivel/(2351:2351): Modifico posicion personaje: # en posicion (11,1)
[INFO] 16:57:10:359 ProcesoNivel/(2351:2351): Movi el personaje: # a la posicion:(11,1)
[INFO] 16:57:10:359 ProcesoNivel/(2351:2351): ----------------------------------------------
[INFO] 16:57:10:359 ProcesoNivel/(2351:2351): Esperando Mensaje
[INFO] 16:57:10:359 ProcesoNivel/(2351:2351): Recibi REQUEST_MOVIMIENTO
[INFO] 16:57:10:360 ProcesoNivel/(2351:2351): Modifico posicion personaje: # en posicion (12,1)
[INFO] 16:57:10:360 ProcesoNivel/(2351:2351): Movi el personaje: # a la posicion:(12,1)
[INFO] 16:57:10:360 ProcesoNivel/(2351:2351): ----------------------------------------------
[INFO] 16:57:10:360 ProcesoNivel/(2351:2351): Esperando Mensaje
[INFO] 16:57:10:361 ProcesoNivel/(2351:2351): Recibi REQUEST_MOVIMIENTO
[INFO] 16:57:10:361 ProcesoNivel/(2351:2351): Modifico posicion personaje: # en posicion (13,1)
[INFO] 16:57:10:361 ProcesoNivel/(2351:2351): Movi el personaje: # a la posicion:(13,1)
[INFO] 16:57:10:361 ProcesoNivel/(2351:2351): ----------------------------------------------
[INFO] 16:57:10:361 ProcesoNivel/(2351:2351): Esperando Mensaje
[INFO] 16:57:10:564 ProcesoNivel/(2351:2351): Recibi REQUEST_MOVIMIENTO
[INFO] 16:57:10:564 ProcesoNivel/(2351:2351): Modifico posicion personaje: @ en posicion (4,20)
[INFO] 16:57:10:564 ProcesoNivel/(2351:2351): Movi el personaje: @ a la posicion:(4,20)
[INFO] 16:57:10:564 ProcesoNivel/(2351:2351): ----------------------------------------------
[INFO] 16:57:10:564 ProcesoNivel/(2351:2351): Esperando Mensaje
[INFO] 16:57:10:565 ProcesoNivel/(2351:2351): Recibi REQUEST_MOVIMIENTO
[INFO] 16:57:10:565 ProcesoNivel/(2351:2351): Modifico posicion personaje: @ en posicion (4,21)
[INFO] 16:57:10:565 ProcesoNivel/(2351:2351): Movi el personaje: @ a la posicion:(4,21)
[INFO] 16:57:10:565 ProcesoNivel/(2351:2351): ----------------------------------------------
[INFO] 16:57:10:566 ProcesoNivel/(2351:2351): Esperando Mensaje
[INFO] 16:57:10:566 ProcesoNivel/(2351:2351): Recibi REQUEST_MOVIMIENTO
[INFO] 16:57:10:566 ProcesoNivel/(2351:2351): Modifico posicion personaje: @ en posicion (4,22)
[INFO] 16:57:10:566 ProcesoNivel/(2351:2351): Movi el personaje: @ a la posicion:(4,22)
[INFO] 16:57:10:566 ProcesoNivel/(2351:2351): ----------------------------------------------
[INFO] 16:57:10:566 ProcesoNivel/(2351:2351): Esperando Mensaje
[INFO] 16:57:10:769 ProcesoNivel/(2351:2351): Recibi REQUEST_MOVIMIENTO
[INFO] 16:57:10:769 ProcesoNivel/(2351:2351): Modifico posicion personaje: # en posicion (14,1)
[INFO] 16:57:10:769 ProcesoNivel/(2351:2351): Movi el personaje: # a la posicion:(14,1)
[INFO] 16:57:10:769 ProcesoNivel/(2351:2351): ----------------------------------------------
[INFO] 16:57:10:770 ProcesoNivel/(2351:2351): Esperando Mensaje
[INFO] 16:57:10:772 ProcesoNivel/(2351:2351): Recibi REQUEST_MOVIMIENTO
[INFO] 16:57:10:772 ProcesoNivel/(2351:2351): Modifico posicion personaje: # en posicion (15,1)
[INFO] 16:57:10:772 ProcesoNivel/(2351:2351): Movi el personaje: # a la posicion:(15,1)
[INFO] 16:57:10:772 ProcesoNivel/(2351:2351): ----------------------------------------------
[INFO] 16:57:10:772 ProcesoNivel/(2351:2351): Esperando Mensaje
[INFO] 16:57:10:772 ProcesoNivel/(2351:2351): Recibi REQUEST_MOVIMIENTO
[INFO] 16:57:10:772 ProcesoNivel/(2351:2351): Modifico posicion personaje: # en posicion (16,1)
[INFO] 16:57:10:773 ProcesoNivel/(2351:2351): Movi el personaje: # a la posicion:(16,1)
[INFO] 16:57:10:773 ProcesoNivel/(2351:2351): ----------------------------------------------
[INFO] 16:57:10:773 ProcesoNivel/(2351:2351): Esperando Mensaje
[INFO] 16:57:10:974 ProcesoNivel/(2351:2351): Recibi REQUEST_MOVIMIENTO
[INFO] 16:57:10:974 ProcesoNivel/(2351:2351): Modifico posicion personaje: @ en posicion (4,23)
[INFO] 16:57:10:974 ProcesoNivel/(2351:2351): Movi el personaje: @ a la posicion:(4,23)
[INFO] 16:57:10:974 ProcesoNivel/(2351:2351): ----------------------------------------------
[INFO] 16:57:10:974 ProcesoNivel/(2351:2351): Esperando Mensaje
[INFO] 16:57:10:974 ProcesoNivel/(2351:2351): Recibi REQUEST_RECURSO
[INFO] 16:57:10:974 ProcesoNivel/(2351:2351): El personaje: @ me pidio el recurso:H
[INFO] 16:57:10:975 ProcesoNivel/(2351:2351): La posicion del personaje: @ es:(4,23) y la posicion del recurso: H es:(4,23) y su cantidad: 1
[INFO] 16:57:10:975 ProcesoNivel/(2351:2351): El personaje puede tomar el recurso
[INFO] 16:57:10:975 ProcesoNivel/(2351:2351): El personaje:@ pudo obtener el recurso:H
[INFO] 16:57:10:975 ProcesoNivel/(2351:2351): Resto el recurso: H de ListaItems
[INFO] 16:57:10:975 ProcesoNivel/(2351:2351): El personaje no tenia recursos.El recurso: H se agrega al personaje: @
[INFO] 16:57:10:975 ProcesoNivel/(2351:2351): Se agrega recurso: H al personaje: @
[INFO] 16:57:10:977 ProcesoNivel/(2351:2351): ----------------------------------------------
[INFO] 16:57:10:977 ProcesoNivel/(2351:2351): Esperando Mensaje
[INFO] 16:57:10:977 ProcesoNivel/(2351:2351): Recibi REQUEST_POS_RECURSO
[INFO] 16:57:10:977 ProcesoNivel/(2351:2351): El recurso pedido es: F
[INFO] 16:57:10:977 ProcesoNivel/(2351:2351): Mando la posicion del recurso F: (23,4)
[INFO] 16:57:10:978 ProcesoNivel/(2351:2351): Mande la posicion del recurso: F al personaje: @
[INFO] 16:57:10:978 ProcesoNivel/(2351:2351): ----------------------------------------------
[INFO] 16:57:10:978 ProcesoNivel/(2351:2351): Esperando Mensaje
[INFO] 16:57:10:978 ProcesoNivel/(2351:2351): Recibi REQUEST_MOVIMIENTO
[INFO] 16:57:10:978 ProcesoNivel/(2351:2351): Modifico posicion personaje: @ en posicion (5,23)
[INFO] 16:57:10:978 ProcesoNivel/(2351:2351): Movi el personaje: @ a la posicion:(5,23)
[INFO] 16:57:10:978 ProcesoNivel/(2351:2351): ----------------------------------------------
[INFO] 16:57:10:978 ProcesoNivel/(2351:2351): Esperando Mensaje
[INFO] 16:57:11:16 ProcesoNivel/(2351:2351): Recibi REQUEST_MOVIMIENTO
[INFO] 16:57:11:16 ProcesoNivel/(2351:2351): Modifico posicion personaje: @ en posicion (6,23)
[INFO] 16:57:11:16 ProcesoNivel/(2351:2351): Movi el personaje: @ a la posicion:(6,23)
[INFO] 16:57:11:16 ProcesoNivel/(2351:2351): ----------------------------------------------
[INFO] 16:57:11:17 ProcesoNivel/(2351:2351): Esperando Mensaje
[INFO] 16:57:11:185 ProcesoNivel/(2351:2351): Recibi REQUEST_MOVIMIENTO
[INFO] 16:57:11:185 ProcesoNivel/(2351:2351): Modifico posicion personaje: # en posicion (17,1)
[INFO] 16:57:11:185 ProcesoNivel/(2351:2351): Movi el personaje: # a la posicion:(17,1)
[INFO] 16:57:11:185 ProcesoNivel/(2351:2351): ----------------------------------------------
[INFO] 16:57:11:185 ProcesoNivel/(2351:2351): Esperando Mensaje
[INFO] 16:57:11:186 ProcesoNivel/(2351:2351): Recibi REQUEST_MOVIMIENTO
[INFO] 16:57:11:186 ProcesoNivel/(2351:2351): Modifico posicion personaje: # en posicion (18,1)
[INFO] 16:57:11:186 ProcesoNivel/(2351:2351): Movi el personaje: # a la posicion:(18,1)
[INFO] 16:57:11:186 ProcesoNivel/(2351:2351): ----------------------------------------------
[INFO] 16:57:11:186 ProcesoNivel/(2351:2351): Esperando Mensaje
[INFO] 16:57:11:187 ProcesoNivel/(2351:2351): Recibi REQUEST_MOVIMIENTO
[INFO] 16:57:11:187 ProcesoNivel/(2351:2351): Modifico posicion personaje: # en posicion (19,1)
[INFO] 16:57:11:187 ProcesoNivel/(2351:2351): Movi el personaje: # a la posicion:(19,1)
[INFO] 16:57:11:187 ProcesoNivel/(2351:2351): ----------------------------------------------
[INFO] 16:57:11:187 ProcesoNivel/(2351:2351): Esperando Mensaje
[INFO] 16:57:11:388 ProcesoNivel/(2351:2351): Recibi REQUEST_MOVIMIENTO
[INFO] 16:57:11:389 ProcesoNivel/(2351:2351): Modifico posicion personaje: @ en posicion (7,23)
[INFO] 16:57:11:389 ProcesoNivel/(2351:2351): Movi el personaje: @ a la posicion:(7,23)
[INFO] 16:57:11:389 ProcesoNivel/(2351:2351): ----------------------------------------------
[INFO] 16:57:11:389 ProcesoNivel/(2351:2351): Esperando Mensaje
[INFO] 16:57:11:390 ProcesoNivel/(2351:2351): Recibi REQUEST_MOVIMIENTO
[INFO] 16:57:11:390 ProcesoNivel/(2351:2351): Modifico posicion personaje: @ en posicion (8,23)
[INFO] 16:57:11:390 ProcesoNivel/(2351:2351): Movi el personaje: @ a la posicion:(8,23)
[INFO] 16:57:11:390 ProcesoNivel/(2351:2351): ----------------------------------------------
[INFO] 16:57:11:390 ProcesoNivel/(2351:2351): Esperando Mensaje
[INFO] 16:57:11:391 ProcesoNivel/(2351:2351): Recibi REQUEST_MOVIMIENTO
[INFO] 16:57:11:391 ProcesoNivel/(2351:2351): Modifico posicion personaje: @ en posicion (9,23)
[INFO] 16:57:11:391 ProcesoNivel/(2351:2351): Movi el personaje: @ a la posicion:(9,23)
[INFO] 16:57:11:392 ProcesoNivel/(2351:2351): ----------------------------------------------
[INFO] 16:57:11:392 ProcesoNivel/(2351:2351): Esperando Mensaje
[INFO] 16:57:11:593 ProcesoNivel/(2351:2351): Recibi REQUEST_MOVIMIENTO
[INFO] 16:57:11:593 ProcesoNivel/(2351:2351): Modifico posicion personaje: # en posicion (20,1)
[INFO] 16:57:11:593 ProcesoNivel/(2351:2351): Movi el personaje: # a la posicion:(20,1)
[INFO] 16:57:11:593 ProcesoNivel/(2351:2351): ----------------------------------------------
[INFO] 16:57:11:593 ProcesoNivel/(2351:2351): Esperando Mensaje
[INFO] 16:57:11:594 ProcesoNivel/(2351:2351): Recibi REQUEST_MOVIMIENTO
[INFO] 16:57:11:594 ProcesoNivel/(2351:2351): Modifico posicion personaje: # en posicion (21,1)
[INFO] 16:57:11:594 ProcesoNivel/(2351:2351): Movi el personaje: # a la posicion:(21,1)
[INFO] 16:57:11:594 ProcesoNivel/(2351:2351): ----------------------------------------------
[INFO] 16:57:11:594 ProcesoNivel/(2351:2351): Esperando Mensaje
[INFO] 16:57:11:595 ProcesoNivel/(2351:2351): Recibi REQUEST_MOVIMIENTO
[INFO] 16:57:11:595 ProcesoNivel/(2351:2351): Modifico posicion personaje: # en posicion (22,1)
[INFO] 16:57:11:595 ProcesoNivel/(2351:2351): Movi el personaje: # a la posicion:(22,1)
[INFO] 16:57:11:595 ProcesoNivel/(2351:2351): ----------------------------------------------
[INFO] 16:57:11:595 ProcesoNivel/(2351:2351): Esperando Mensaje
[INFO] 16:57:11:797 ProcesoNivel/(2351:2351): Recibi REQUEST_MOVIMIENTO
[INFO] 16:57:11:797 ProcesoNivel/(2351:2351): Modifico posicion personaje: @ en posicion (10,23)
[INFO] 16:57:11:797 ProcesoNivel/(2351:2351): Movi el personaje: @ a la posicion:(10,23)
[INFO] 16:57:11:798 ProcesoNivel/(2351:2351): ----------------------------------------------
[INFO] 16:57:11:798 ProcesoNivel/(2351:2351): Esperando Mensaje
[INFO] 16:57:11:798 ProcesoNivel/(2351:2351): Recibi REQUEST_MOVIMIENTO
[INFO] 16:57:11:798 ProcesoNivel/(2351:2351): Modifico posicion personaje: @ en posicion (11,23)
[INFO] 16:57:11:798 ProcesoNivel/(2351:2351): Movi el personaje: @ a la posicion:(11,23)
[INFO] 16:57:11:798 ProcesoNivel/(2351:2351): ----------------------------------------------
[INFO] 16:57:11:798 ProcesoNivel/(2351:2351): Esperando Mensaje
[INFO] 16:57:11:799 ProcesoNivel/(2351:2351): Recibi REQUEST_MOVIMIENTO
[INFO] 16:57:11:799 ProcesoNivel/(2351:2351): Modifico posicion personaje: @ en posicion (12,23)
[INFO] 16:57:11:799 ProcesoNivel/(2351:2351): Movi el personaje: @ a la posicion:(12,23)
[INFO] 16:57:11:799 ProcesoNivel/(2351:2351): ----------------------------------------------
[INFO] 16:57:11:799 ProcesoNivel/(2351:2351): Esperando Mensaje
[INFO] 16:57:11:1 ProcesoNivel/(2351:2351): Recibi REQUEST_MOVIMIENTO
[INFO] 16:57:11:1 ProcesoNivel/(2351:2351): Modifico posicion personaje: # en posicion (23,1)
[INFO] 16:57:11:1 ProcesoNivel/(2351:2351): Movi el personaje: # a la posicion:(23,1)
[INFO] 16:57:11:1 ProcesoNivel/(2351:2351): ----------------------------------------------
[INFO] 16:57:11:1 ProcesoNivel/(2351:2351): Esperando Mensaje
[INFO] 16:57:11:2 ProcesoNivel/(2351:2351): Recibi REQUEST_MOVIMIENTO
[INFO] 16:57:11:2 ProcesoNivel/(2351:2351): Modifico posicion personaje: # en posicion (23,2)
[INFO] 16:57:11:2 ProcesoNivel/(2351:2351): Movi el personaje: # a la posicion:(23,2)
[INFO] 16:57:11:2 ProcesoNivel/(2351:2351): ----------------------------------------------
[INFO] 16:57:11:2 ProcesoNivel/(2351:2351): Esperando Mensaje
[INFO] 16:57:11:3 ProcesoNivel/(2351:2351): Recibi REQUEST_MOVIMIENTO
[INFO] 16:57:11:3 ProcesoNivel/(2351:2351): Modifico posicion personaje: # en posicion (23,3)
[INFO] 16:57:11:3 ProcesoNivel/(2351:2351): Movi el personaje: # a la posicion:(23,3)
[INFO] 16:57:11:3 ProcesoNivel/(2351:2351): ----------------------------------------------
[INFO] 16:57:11:3 ProcesoNivel/(2351:2351): Esperando Mensaje
[INFO] 16:57:12:205 ProcesoNivel/(2351:2351): Recibi REQUEST_MOVIMIENTO
[INFO] 16:57:12:205 ProcesoNivel/(2351:2351): Modifico posicion personaje: @ en posicion (13,23)
[INFO] 16:57:12:205 ProcesoNivel/(2351:2351): Movi el personaje: @ a la posicion:(13,23)
[INFO] 16:57:12:205 ProcesoNivel/(2351:2351): ----------------------------------------------
[INFO] 16:57:12:205 ProcesoNivel/(2351:2351): Esperando Mensaje
[INFO] 16:57:12:206 ProcesoNivel/(2351:2351): Recibi REQUEST_MOVIMIENTO
[INFO] 16:57:12:206 ProcesoNivel/(2351:2351): Modifico posicion personaje: @ en posicion (14,23)
[INFO] 16:57:12:206 ProcesoNivel/(2351:2351): Movi el personaje: @ a la posicion:(14,23)
[INFO] 16:57:12:206 ProcesoNivel/(2351:2351): ----------------------------------------------
[INFO] 16:57:12:206 ProcesoNivel/(2351:2351): Esperando Mensaje
[INFO] 16:57:12:207 ProcesoNivel/(2351:2351): Recibi REQUEST_MOVIMIENTO
[INFO] 16:57:12:207 ProcesoNivel/(2351:2351): Modifico posicion personaje: @ en posicion (15,23)
[INFO] 16:57:12:207 ProcesoNivel/(2351:2351): Movi el personaje: @ a la posicion:(15,23)
[INFO] 16:57:12:207 ProcesoNivel/(2351:2351): ----------------------------------------------
[INFO] 16:57:12:207 ProcesoNivel/(2351:2351): Esperando Mensaje
[INFO] 16:57:12:409 ProcesoNivel/(2351:2351): Recibi REQUEST_MOVIMIENTO
[INFO] 16:57:12:409 ProcesoNivel/(2351:2351): Modifico posicion personaje: # en posicion (23,4)
[INFO] 16:57:12:409 ProcesoNivel/(2351:2351): Movi el personaje: # a la posicion:(23,4)
[INFO] 16:57:12:409 ProcesoNivel/(2351:2351): ----------------------------------------------
[INFO] 16:57:12:409 ProcesoNivel/(2351:2351): Esperando Mensaje
[INFO] 16:57:12:409 ProcesoNivel/(2351:2351): Recibi REQUEST_RECURSO
[INFO] 16:57:12:409 ProcesoNivel/(2351:2351): El personaje: # me pidio el recurso:F
[INFO] 16:57:12:409 ProcesoNivel/(2351:2351): La posicion del personaje: # es:(23,4) y la posicion del recurso: F es:(23,4) y su cantidad: 1
[INFO] 16:57:12:409 ProcesoNivel/(2351:2351): El personaje puede tomar el recurso
[INFO] 16:57:12:409 ProcesoNivel/(2351:2351): El personaje:# pudo obtener el recurso:F
[INFO] 16:57:12:409 ProcesoNivel/(2351:2351): Resto el recurso: F de ListaItems
[INFO] 16:57:12:409 ProcesoNivel/(2351:2351): El personaje no tenia recursos.El recurso: F se agrega al personaje: #
[INFO] 16:57:12:409 ProcesoNivel/(2351:2351): Se agrega recurso: F al personaje: #
[INFO] 16:57:12:410 ProcesoNivel/(2351:2351): ----------------------------------------------
[INFO] 16:57:12:410 ProcesoNivel/(2351:2351): Esperando Mensaje
[INFO] 16:57:12:411 ProcesoNivel/(2351:2351): Recibi REQUEST_POS_RECURSO
[INFO] 16:57:12:411 ProcesoNivel/(2351:2351): El recurso pedido es: H
[INFO] 16:57:12:411 ProcesoNivel/(2351:2351): Mando la posicion del recurso H: (4,23)
[INFO] 16:57:12:411 ProcesoNivel/(2351:2351): Mande la posicion del recurso: H al personaje: #
[INFO] 16:57:12:412 ProcesoNivel/(2351:2351): ----------------------------------------------
[INFO] 16:57:12:412 ProcesoNivel/(2351:2351): Esperando Mensaje
[INFO] 16:57:12:412 ProcesoNivel/(2351:2351): Recibi REQUEST_MOVIMIENTO
[INFO] 16:57:12:412 ProcesoNivel/(2351:2351): Modifico posicion personaje: # en posicion (22,4)
[INFO] 16:57:12:412 ProcesoNivel/(2351:2351): Movi el personaje: # a la posicion:(22,4)
[INFO] 16:57:12:412 ProcesoNivel/(2351:2351): ----------------------------------------------
[INFO] 16:57:12:412 ProcesoNivel/(2351:2351): Esperando Mensaje
[INFO] 16:57:12:452 ProcesoNivel/(2351:2351): Recibi REQUEST_MOVIMIENTO
[INFO] 16:57:12:452 ProcesoNivel/(2351:2351): Modifico posicion personaje: # en posicion (21,4)
[INFO] 16:57:12:452 ProcesoNivel/(2351:2351): Movi el personaje: # a la posicion:(21,4)
[INFO] 16:57:12:452 ProcesoNivel/(2351:2351): ----------------------------------------------
[INFO] 16:57:12:452 ProcesoNivel/(2351:2351): Esperando Mensaje
[INFO] 16:57:12:615 ProcesoNivel/(2351:2351): Recibi REQUEST_MOVIMIENTO
[INFO] 16:57:12:615 ProcesoNivel/(2351:2351): Modifico posicion personaje: @ en posicion (16,23)
[INFO] 16:57:12:615 ProcesoNivel/(2351:2351): Movi el personaje: @ a la posicion:(16,23)
[INFO] 16:57:12:615 ProcesoNivel/(2351:2351): ----------------------------------------------
[INFO] 16:57:12:615 ProcesoNivel/(2351:2351): Esperando Mensaje
[INFO] 16:57:12:618 ProcesoNivel/(2351:2351): Recibi REQUEST_MOVIMIENTO
[INFO] 16:57:12:618 ProcesoNivel/(2351:2351): Modifico posicion personaje: @ en posicion (17,23)
[INFO] 16:57:12:618 ProcesoNivel/(2351:2351): Movi el personaje: @ a la posicion:(17,23)
[INFO] 16:57:12:618 ProcesoNivel/(2351:2351): ----------------------------------------------
[INFO] 16:57:12:618 ProcesoNivel/(2351:2351): Esperando Mensaje
[INFO] 16:57:12:619 ProcesoNivel/(2351:2351): Recibi REQUEST_MOVIMIENTO
[INFO] 16:57:12:619 ProcesoNivel/(2351:2351): Modifico posicion personaje: @ en posicion (18,23)
[INFO] 16:57:12:619 ProcesoNivel/(2351:2351): Movi el personaje: @ a la posicion:(18,23)
[INFO] 16:57:12:619 ProcesoNivel/(2351:2351): ----------------------------------------------
[INFO] 16:57:12:619 ProcesoNivel/(2351:2351): Esperando Mensaje
[INFO] 16:57:12:822 ProcesoNivel/(2351:2351): Recibi REQUEST_MOVIMIENTO
[INFO] 16:57:12:822 ProcesoNivel/(2351:2351): Modifico posicion personaje: # en posicion (20,4)
[INFO] 16:57:12:822 ProcesoNivel/(2351:2351): Movi el personaje: # a la posicion:(20,4)
[INFO] 16:57:12:822 ProcesoNivel/(2351:2351): ----------------------------------------------
[INFO] 16:57:12:822 ProcesoNivel/(2351:2351): Esperando Mensaje
[INFO] 16:57:12:823 ProcesoNivel/(2351:2351): Recibi REQUEST_MOVIMIENTO
[INFO] 16:57:12:823 ProcesoNivel/(2351:2351): Modifico posicion personaje: # en posicion (19,4)
[INFO] 16:57:12:823 ProcesoNivel/(2351:2351): Movi el personaje: # a la posicion:(19,4)
[INFO] 16:57:12:823 ProcesoNivel/(2351:2351): ----------------------------------------------
[INFO] 16:57:12:823 ProcesoNivel/(2351:2351): Esperando Mensaje
[INFO] 16:57:12:824 ProcesoNivel/(2351:2351): Recibi REQUEST_MOVIMIENTO
[INFO] 16:57:12:824 ProcesoNivel/(2351:2351): Modifico posicion personaje: # en posicion (18,4)
[INFO] 16:57:12:824 ProcesoNivel/(2351:2351): Movi el personaje: # a la posicion:(18,4)
[INFO] 16:57:12:824 ProcesoNivel/(2351:2351): ----------------------------------------------
[INFO] 16:57:12:824 ProcesoNivel/(2351:2351): Esperando Mensaje
[INFO] 16:57:13:26 ProcesoNivel/(2351:2351): Recibi REQUEST_MOVIMIENTO
[INFO] 16:57:13:27 ProcesoNivel/(2351:2351): Modifico posicion personaje: @ en posicion (19,23)
[INFO] 16:57:13:27 ProcesoNivel/(2351:2351): Movi el personaje: @ a la posicion:(19,23)
[INFO] 16:57:13:27 ProcesoNivel/(2351:2351): ----------------------------------------------
[INFO] 16:57:13:27 ProcesoNivel/(2351:2351): Esperando Mensaje
[INFO] 16:57:13:27 ProcesoNivel/(2351:2351): Recibi REQUEST_MOVIMIENTO
[INFO] 16:57:13:28 ProcesoNivel/(2351:2351): Modifico posicion personaje: @ en posicion (20,23)
[INFO] 16:57:13:28 ProcesoNivel/(2351:2351): Movi el personaje: @ a la posicion:(20,23)
[INFO] 16:57:13:28 ProcesoNivel/(2351:2351): ----------------------------------------------
[INFO] 16:57:13:28 ProcesoNivel/(2351:2351): Esperando Mensaje
[INFO] 16:57:13:28 ProcesoNivel/(2351:2351): Recibi REQUEST_MOVIMIENTO
[INFO] 16:57:13:28 ProcesoNivel/(2351:2351): Modifico posicion personaje: @ en posicion (21,23)
[INFO] 16:57:13:28 ProcesoNivel/(2351:2351): Movi el personaje: @ a la posicion:(21,23)
[INFO] 16:57:13:28 ProcesoNivel/(2351:2351): ----------------------------------------------
[INFO] 16:57:13:28 ProcesoNivel/(2351:2351): Esperando Mensaje
[INFO] 16:57:13:230 ProcesoNivel/(2351:2351): Recibi REQUEST_MOVIMIENTO
[INFO] 16:57:13:230 ProcesoNivel/(2351:2351): Modifico posicion personaje: # en posicion (17,4)
[INFO] 16:57:13:230 ProcesoNivel/(2351:2351): Movi el personaje: # a la posicion:(17,4)
[INFO] 16:57:13:230 ProcesoNivel/(2351:2351): ----------------------------------------------
[INFO] 16:57:13:230 ProcesoNivel/(2351:2351): Esperando Mensaje
[INFO] 16:57:13:231 ProcesoNivel/(2351:2351): Recibi REQUEST_MOVIMIENTO
[INFO] 16:57:13:231 ProcesoNivel/(2351:2351): Modifico posicion personaje: # en posicion (16,4)
[INFO] 16:57:13:231 ProcesoNivel/(2351:2351): Movi el personaje: # a la posicion:(16,4)
[INFO] 16:57:13:231 ProcesoNivel/(2351:2351): ----------------------------------------------
[INFO] 16:57:13:231 ProcesoNivel/(2351:2351): Esperando Mensaje
[INFO] 16:57:13:231 ProcesoNivel/(2351:2351): Recibi REQUEST_MOVIMIENTO
[INFO] 16:57:13:232 ProcesoNivel/(2351:2351): Modifico posicion personaje: # en posicion (15,4)
[INFO] 16:57:13:232 ProcesoNivel/(2351:2351): Movi el personaje: # a la posicion:(15,4)
[INFO] 16:57:13:232 ProcesoNivel/(2351:2351): ----------------------------------------------
[INFO] 16:57:13:232 ProcesoNivel/(2351:2351): Esperando Mensaje
[INFO] 16:57:13:435 ProcesoNivel/(2351:2351): Recibi REQUEST_MOVIMIENTO
[INFO] 16:57:13:435 ProcesoNivel/(2351:2351): Modifico posicion personaje: @ en posicion (22,23)
[INFO] 16:57:13:435 ProcesoNivel/(2351:2351): Movi el personaje: @ a la posicion:(22,23)
[INFO] 16:57:13:435 ProcesoNivel/(2351:2351): ----------------------------------------------
[INFO] 16:57:13:435 ProcesoNivel/(2351:2351): Esperando Mensaje
[INFO] 16:57:13:436 ProcesoNivel/(2351:2351): Recibi REQUEST_MOVIMIENTO
[INFO] 16:57:13:436 ProcesoNivel/(2351:2351): Modifico posicion personaje: @ en posicion (23,23)
[INFO] 16:57:13:436 ProcesoNivel/(2351:2351): Movi el personaje: @ a la posicion:(23,23)
[INFO] 16:57:13:436 ProcesoNivel/(2351:2351): ----------------------------------------------
[INFO] 16:57:13:437 ProcesoNivel/(2351:2351): Esperando Mensaje
[INFO] 16:57:13:437 ProcesoNivel/(2351:2351): Recibi REQUEST_MOVIMIENTO
[INFO] 16:57:13:437 ProcesoNivel/(2351:2351): Modifico posicion personaje: @ en posicion (23,22)
[INFO] 16:57:13:437 ProcesoNivel/(2351:2351): Movi el personaje: @ a la posicion:(23,22)
[INFO] 16:57:13:437 ProcesoNivel/(2351:2351): ----------------------------------------------
[INFO] 16:57:13:437 ProcesoNivel/(2351:2351): Esperando Mensaje
[INFO] 16:57:13:639 ProcesoNivel/(2351:2351): Recibi REQUEST_MOVIMIENTO
[INFO] 16:57:13:641 ProcesoNivel/(2351:2351): Modifico posicion personaje: # en posicion (14,4)
[INFO] 16:57:13:641 ProcesoNivel/(2351:2351): Movi el personaje: # a la posicion:(14,4)
[INFO] 16:57:13:641 ProcesoNivel/(2351:2351): ----------------------------------------------
[INFO] 16:57:13:641 ProcesoNivel/(2351:2351): Esperando Mensaje
[INFO] 16:57:13:642 ProcesoNivel/(2351:2351): Recibi REQUEST_MOVIMIENTO
[INFO] 16:57:13:642 ProcesoNivel/(2351:2351): Modifico posicion personaje: # en posicion (13,4)
[INFO] 16:57:13:642 ProcesoNivel/(2351:2351): Movi el personaje: # a la posicion:(13,4)
[INFO] 16:57:13:642 ProcesoNivel/(2351:2351): ----------------------------------------------
[INFO] 16:57:13:642 ProcesoNivel/(2351:2351): Esperando Mensaje
[INFO] 16:57:13:643 ProcesoNivel/(2351:2351): Recibi REQUEST_MOVIMIENTO
[INFO] 16:57:13:643 ProcesoNivel/(2351:2351): Modifico posicion personaje: # en posicion (12,4)
[INFO] 16:57:13:643 ProcesoNivel/(2351:2351): Movi el personaje: # a la posicion:(12,4)
[INFO] 16:57:13:643 ProcesoNivel/(2351:2351): ----------------------------------------------
[INFO] 16:57:13:643 ProcesoNivel/(2351:2351): Esperando Mensaje
[INFO] 16:57:13:846 ProcesoNivel/(2351:2351): Recibi REQUEST_MOVIMIENTO
[INFO] 16:57:13:846 ProcesoNivel/(2351:2351): Modifico posicion personaje: @ en posicion (23,21)
[INFO] 16:57:13:846 ProcesoNivel/(2351:2351): Movi el personaje: @ a la posicion:(23,21)
[INFO] 16:57:13:846 ProcesoNivel/(2351:2351): ----------------------------------------------
[INFO] 16:57:13:846 ProcesoNivel/(2351:2351): Esperando Mensaje
[INFO] 16:57:13:847 ProcesoNivel/(2351:2351): Recibi REQUEST_MOVIMIENTO
[INFO] 16:57:13:847 ProcesoNivel/(2351:2351): Modifico posicion personaje: @ en posicion (23,20)
[INFO] 16:57:13:847 ProcesoNivel/(2351:2351): Movi el personaje: @ a la posicion:(23,20)
[INFO] 16:57:13:847 ProcesoNivel/(2351:2351): ----------------------------------------------
[INFO] 16:57:13:847 ProcesoNivel/(2351:2351): Esperando Mensaje
[INFO] 16:57:13:849 ProcesoNivel/(2351:2351): Recibi REQUEST_MOVIMIENTO
[INFO] 16:57:13:849 ProcesoNivel/(2351:2351): Modifico posicion personaje: @ en posicion (23,19)
[INFO] 16:57:13:849 ProcesoNivel/(2351:2351): Movi el personaje: @ a la posicion:(23,19)
[INFO] 16:57:13:849 ProcesoNivel/(2351:2351): ----------------------------------------------
[INFO] 16:57:13:849 ProcesoNivel/(2351:2351): Esperando Mensaje
[INFO] 16:57:14:51 ProcesoNivel/(2351:2351): Recibi REQUEST_MOVIMIENTO
[INFO] 16:57:14:51 ProcesoNivel/(2351:2351): Modifico posicion personaje: # en posicion (11,4)
[INFO] 16:57:14:51 ProcesoNivel/(2351:2351): Movi el personaje: # a la posicion:(11,4)
[INFO] 16:57:14:51 ProcesoNivel/(2351:2351): ----------------------------------------------
[INFO] 16:57:14:51 ProcesoNivel/(2351:2351): Esperando Mensaje
[INFO] 16:57:14:52 ProcesoNivel/(2351:2351): Recibi REQUEST_MOVIMIENTO
[INFO] 16:57:14:52 ProcesoNivel/(2351:2351): Modifico posicion personaje: # en posicion (10,4)
[INFO] 16:57:14:52 ProcesoNivel/(2351:2351): Movi el personaje: # a la posicion:(10,4)
[INFO] 16:57:14:52 ProcesoNivel/(2351:2351): ----------------------------------------------
[INFO] 16:57:14:52 ProcesoNivel/(2351:2351): Esperando Mensaje
[INFO] 16:57:14:53 ProcesoNivel/(2351:2351): Recibi REQUEST_MOVIMIENTO
[INFO] 16:57:14:53 ProcesoNivel/(2351:2351): Modifico posicion personaje: # en posicion (9,4)
[INFO] 16:57:14:53 ProcesoNivel/(2351:2351): Movi el personaje: # a la posicion:(9,4)
[INFO] 16:57:14:53 ProcesoNivel/(2351:2351): ----------------------------------------------
[INFO] 16:57:14:54 ProcesoNivel/(2351:2351): Esperando Mensaje
[INFO] 16:57:14:699 ProcesoNivel/(2351:2351): Recibi REQUEST_MOVIMIENTO
[INFO] 16:57:14:699 ProcesoNivel/(2351:2351): Modifico posicion personaje: @ en posicion (23,18)
[INFO] 16:57:14:699 ProcesoNivel/(2351:2351): Movi el personaje: @ a la posicion:(23,18)
[INFO] 16:57:14:699 ProcesoNivel/(2351:2351): ----------------------------------------------
[INFO] 16:57:14:699 ProcesoNivel/(2351:2351): Esperando Mensaje
[INFO] 16:57:14:700 ProcesoNivel/(2351:2351): Recibi REQUEST_MOVIMIENTO
[INFO] 16:57:14:701 ProcesoNivel/(2351:2351): Modifico posicion personaje: @ en posicion (23,17)
[INFO] 16:57:14:701 ProcesoNivel/(2351:2351): Movi el personaje: @ a la posicion:(23,17)
[INFO] 16:57:14:701 ProcesoNivel/(2351:2351): ----------------------------------------------
[INFO] 16:57:14:701 ProcesoNivel/(2351:2351): Esperando Mensaje
[INFO] 16:57:14:703 ProcesoNivel/(2351:2351): Recibi REQUEST_MOVIMIENTO
[INFO] 16:57:14:703 ProcesoNivel/(2351:2351): Modifico posicion personaje: @ en posicion (23,16)
[INFO] 16:57:14:703 ProcesoNivel/(2351:2351): Movi el personaje: @ a la posicion:(23,16)
[INFO] 16:57:14:703 ProcesoNivel/(2351:2351): ----------------------------------------------
[INFO] 16:57:14:703 ProcesoNivel/(2351:2351): Esperando Mensaje
[INFO] 16:57:14:905 ProcesoNivel/(2351:2351): Recibi REQUEST_MOVIMIENTO
[INFO] 16:57:14:906 ProcesoNivel/(2351:2351): Modifico posicion personaje: # en posicion (8,4)
[INFO] 16:57:14:906 ProcesoNivel/(2351:2351): Movi el personaje: # a la posicion:(8,4)
[INFO] 16:57:14:906 ProcesoNivel/(2351:2351): ----------------------------------------------
[INFO] 16:57:14:906 ProcesoNivel/(2351:2351): Esperando Mensaje
[INFO] 16:57:14:906 ProcesoNivel/(2351:2351): Recibi REQUEST_MOVIMIENTO
[INFO] 16:57:14:907 ProcesoNivel/(2351:2351): Modifico posicion personaje: # en posicion (7,4)
[INFO] 16:57:14:907 ProcesoNivel/(2351:2351): Movi el personaje: # a la posicion:(7,4)
[INFO] 16:57:14:907 ProcesoNivel/(2351:2351): ----------------------------------------------
[INFO] 16:57:14:907 ProcesoNivel/(2351:2351): Esperando Mensaje
[INFO] 16:57:14:907 ProcesoNivel/(2351:2351): Recibi REQUEST_MOVIMIENTO
[INFO] 16:57:14:907 ProcesoNivel/(2351:2351): Modifico posicion personaje: # en posicion (6,4)
[INFO] 16:57:14:907 ProcesoNivel/(2351:2351): Movi el personaje: # a la posicion:(6,4)
[INFO] 16:57:14:907 ProcesoNivel/(2351:2351): ----------------------------------------------
[INFO] 16:57:14:907 ProcesoNivel/(2351:2351): Esperando Mensaje
[INFO] 16:57:15:110 ProcesoNivel/(2351:2351): Recibi REQUEST_MOVIMIENTO
[INFO] 16:57:15:110 ProcesoNivel/(2351:2351): Modifico posicion personaje: @ en posicion (23,15)
[INFO] 16:57:15:110 ProcesoNivel/(2351:2351): Movi el personaje: @ a la posicion:(23,15)
[INFO] 16:57:15:110 ProcesoNivel/(2351:2351): ----------------------------------------------
[INFO] 16:57:15:110 ProcesoNivel/(2351:2351): Esperando Mensaje
[INFO] 16:57:15:111 ProcesoNivel/(2351:2351): Recibi REQUEST_MOVIMIENTO
[INFO] 16:57:15:111 ProcesoNivel/(2351:2351): Modifico posicion personaje: @ en posicion (23,14)
[INFO] 16:57:15:111 ProcesoNivel/(2351:2351): Movi el personaje: @ a la posicion:(23,14)
[INFO] 16:57:15:111 ProcesoNivel/(2351:2351): ----------------------------------------------
[INFO] 16:57:15:111 ProcesoNivel/(2351:2351): Esperando Mensaje
[INFO] 16:57:15:112 ProcesoNivel/(2351:2351): Recibi REQUEST_MOVIMIENTO
[INFO] 16:57:15:112 ProcesoNivel/(2351:2351): Modifico posicion personaje: @ en posicion (23,13)
[INFO] 16:57:15:112 ProcesoNivel/(2351:2351): Movi el personaje: @ a la posicion:(23,13)
[INFO] 16:57:15:112 ProcesoNivel/(2351:2351): ----------------------------------------------
[INFO] 16:57:15:112 ProcesoNivel/(2351:2351): Esperando Mensaje
[INFO] 16:57:15:315 ProcesoNivel/(2351:2351): Recibi REQUEST_MOVIMIENTO
[INFO] 16:57:15:315 ProcesoNivel/(2351:2351): Modifico posicion personaje: # en posicion (5,4)
[INFO] 16:57:15:315 ProcesoNivel/(2351:2351): Movi el personaje: # a la posicion:(5,4)
[INFO] 16:57:15:315 ProcesoNivel/(2351:2351): ----------------------------------------------
[INFO] 16:57:15:315 ProcesoNivel/(2351:2351): Esperando Mensaje
[INFO] 16:57:15:316 ProcesoNivel/(2351:2351): Recibi REQUEST_MOVIMIENTO
[INFO] 16:57:15:316 ProcesoNivel/(2351:2351): Modifico posicion personaje: # en posicion (4,4)
[INFO] 16:57:15:316 ProcesoNivel/(2351:2351): Movi el personaje: # a la posicion:(4,4)
[INFO] 16:57:15:316 ProcesoNivel/(2351:2351): ----------------------------------------------
[INFO] 16:57:15:316 ProcesoNivel/(2351:2351): Esperando Mensaje
[INFO] 16:57:15:317 ProcesoNivel/(2351:2351): Recibi REQUEST_MOVIMIENTO
[INFO] 16:57:15:317 ProcesoNivel/(2351:2351): Modifico posicion personaje: # en posicion (4,5)
[INFO] 16:57:15:317 ProcesoNivel/(2351:2351): Movi el personaje: # a la posicion:(4,5)
[INFO] 16:57:15:317 ProcesoNivel/(2351:2351): ----------------------------------------------
[INFO] 16:57:15:317 ProcesoNivel/(2351:2351): Esperando Mensaje
[INFO] 16:57:15:519 ProcesoNivel/(2351:2351): Recibi REQUEST_MOVIMIENTO
[INFO] 16:57:15:519 ProcesoNivel/(2351:2351): Modifico posicion personaje: @ en posicion (23,12)
[INFO] 16:57:15:519 ProcesoNivel/(2351:2351): Movi el personaje: @ a la posicion:(23,12)
[INFO] 16:57:15:519 ProcesoNivel/(2351:2351): ----------------------------------------------
[INFO] 16:57:15:519 ProcesoNivel/(2351:2351): Esperando Mensaje
[INFO] 16:57:15:520 ProcesoNivel/(2351:2351): Recibi REQUEST_MOVIMIENTO
[INFO] 16:57:15:520 ProcesoNivel/(2351:2351): Modifico posicion personaje: @ en posicion (23,11)
[INFO] 16:57:15:520 ProcesoNivel/(2351:2351): Movi el personaje: @ a la posicion:(23,11)
[INFO] 16:57:15:520 ProcesoNivel/(2351:2351): ----------------------------------------------
[INFO] 16:57:15:520 ProcesoNivel/(2351:2351): Esperando Mensaje
[INFO] 16:57:15:521 ProcesoNivel/(2351:2351): Recibi REQUEST_MOVIMIENTO
[INFO] 16:57:15:521 ProcesoNivel/(2351:2351): Modifico posicion personaje: @ en posicion (23,10)
[INFO] 16:57:15:521 ProcesoNivel/(2351:2351): Movi el personaje: @ a la posicion:(23,10)
[INFO] 16:57:15:521 ProcesoNivel/(2351:2351): ----------------------------------------------
[INFO] 16:57:15:521 ProcesoNivel/(2351:2351): Esperando Mensaje
[INFO] 16:57:15:723 ProcesoNivel/(2351:2351): Recibi REQUEST_MOVIMIENTO
[INFO] 16:57:15:723 ProcesoNivel/(2351:2351): Modifico posicion personaje: # en posicion (4,6)
[INFO] 16:57:15:723 ProcesoNivel/(2351:2351): Movi el personaje: # a la posicion:(4,6)
[INFO] 16:57:15:723 ProcesoNivel/(2351:2351): ----------------------------------------------
[INFO] 16:57:15:723 ProcesoNivel/(2351:2351): Esperando Mensaje
[INFO] 16:57:15:724 ProcesoNivel/(2351:2351): Recibi REQUEST_MOVIMIENTO
[INFO] 16:57:15:724 ProcesoNivel/(2351:2351): Modifico posicion personaje: # en posicion (4,7)
[INFO] 16:57:15:724 ProcesoNivel/(2351:2351): Movi el personaje: # a la posicion:(4,7)
[INFO] 16:57:15:724 ProcesoNivel/(2351:2351): ----------------------------------------------
[INFO] 16:57:15:724 ProcesoNivel/(2351:2351): Esperando Mensaje
[INFO] 16:57:15:725 ProcesoNivel/(2351:2351): Recibi REQUEST_MOVIMIENTO
[INFO] 16:57:15:725 ProcesoNivel/(2351:2351): Modifico posicion personaje: # en posicion (4,8)
[INFO] 16:57:15:725 ProcesoNivel/(2351:2351): Movi el personaje: # a la posicion:(4,8)
[INFO] 16:57:15:725 ProcesoNivel/(2351:2351): ----------------------------------------------
[INFO] 16:57:15:725 ProcesoNivel/(2351:2351): Esperando Mensaje
[INFO] 16:57:15:927 ProcesoNivel/(2351:2351): Recibi REQUEST_MOVIMIENTO
[INFO] 16:57:15:927 ProcesoNivel/(2351:2351): Modifico posicion personaje: @ en posicion (23,9)
[INFO] 16:57:15:927 ProcesoNivel/(2351:2351): Movi el personaje: @ a la posicion:(23,9)
[INFO] 16:57:15:927 ProcesoNivel/(2351:2351): ----------------------------------------------
[INFO] 16:57:15:927 ProcesoNivel/(2351:2351): Esperando Mensaje
[INFO] 16:57:15:928 ProcesoNivel/(2351:2351): Recibi REQUEST_MOVIMIENTO
[INFO] 16:57:15:928 ProcesoNivel/(2351:2351): Modifico posicion personaje: @ en posicion (23,8)
[INFO] 16:57:15:928 ProcesoNivel/(2351:2351): Movi el personaje: @ a la posicion:(23,8)
[INFO] 16:57:15:928 ProcesoNivel/(2351:2351): ----------------------------------------------
[INFO] 16:57:15:928 ProcesoNivel/(2351:2351): Esperando Mensaje
[INFO] 16:57:15:929 ProcesoNivel/(2351:2351): Recibi REQUEST_MOVIMIENTO
[INFO] 16:57:15:929 ProcesoNivel/(2351:2351): Modifico posicion personaje: @ en posicion (23,7)
[INFO] 16:57:15:929 ProcesoNivel/(2351:2351): Movi el personaje: @ a la posicion:(23,7)
[INFO] 16:57:15:929 ProcesoNivel/(2351:2351): ----------------------------------------------
[INFO] 16:57:15:929 ProcesoNivel/(2351:2351): Esperando Mensaje
[INFO] 16:57:16:130 ProcesoNivel/(2351:2351): Recibi REQUEST_MOVIMIENTO
[INFO] 16:57:16:131 ProcesoNivel/(2351:2351): Modifico posicion personaje: # en posicion (4,9)
[INFO] 16:57:16:131 ProcesoNivel/(2351:2351): Movi el personaje: # a la posicion:(4,9)
[INFO] 16:57:16:131 ProcesoNivel/(2351:2351): ----------------------------------------------
[INFO] 16:57:16:131 ProcesoNivel/(2351:2351): Esperando Mensaje
[INFO] 16:57:16:132 ProcesoNivel/(2351:2351): Recibi REQUEST_MOVIMIENTO
[INFO] 16:57:16:132 ProcesoNivel/(2351:2351): Modifico posicion personaje: # en posicion (4,10)
[INFO] 16:57:16:132 ProcesoNivel/(2351:2351): Movi el personaje: # a la posicion:(4,10)
[INFO] 16:57:16:132 ProcesoNivel/(2351:2351): ----------------------------------------------
[INFO] 16:57:16:132 ProcesoNivel/(2351:2351): Esperando Mensaje
[INFO] 16:57:16:133 ProcesoNivel/(2351:2351): Recibi REQUEST_MOVIMIENTO
[INFO] 16:57:16:133 ProcesoNivel/(2351:2351): Modifico posicion personaje: # en posicion (4,11)
[INFO] 16:57:16:133 ProcesoNivel/(2351:2351): Movi el personaje: # a la posicion:(4,11)
[INFO] 16:57:16:133 ProcesoNivel/(2351:2351): ----------------------------------------------
[INFO] 16:57:16:133 ProcesoNivel/(2351:2351): Esperando Mensaje
[INFO] 16:57:16:335 ProcesoNivel/(2351:2351): Recibi REQUEST_MOVIMIENTO
[INFO] 16:57:16:335 ProcesoNivel/(2351:2351): Modifico posicion personaje: @ en posicion (23,6)
[INFO] 16:57:16:335 ProcesoNivel/(2351:2351): Movi el personaje: @ a la posicion:(23,6)
[INFO] 16:57:16:335 ProcesoNivel/(2351:2351): ----------------------------------------------
[INFO] 16:57:16:335 ProcesoNivel/(2351:2351): Esperando Mensaje
[INFO] 16:57:16:336 ProcesoNivel/(2351:2351): Recibi REQUEST_MOVIMIENTO
[INFO] 16:57:16:336 ProcesoNivel/(2351:2351): Modifico posicion personaje: @ en posicion (23,5)
[INFO] 16:57:16:336 ProcesoNivel/(2351:2351): Movi el personaje: @ a la posicion:(23,5)
[INFO] 16:57:16:336 ProcesoNivel/(2351:2351): ----------------------------------------------
[INFO] 16:57:16:336 ProcesoNivel/(2351:2351): Esperando Mensaje
[INFO] 16:57:16:337 ProcesoNivel/(2351:2351): Recibi REQUEST_MOVIMIENTO
[INFO] 16:57:16:337 ProcesoNivel/(2351:2351): Modifico posicion personaje: @ en posicion (23,4)
[INFO] 16:57:16:337 ProcesoNivel/(2351:2351): Movi el personaje: @ a la posicion:(23,4)
[INFO] 16:57:16:337 ProcesoNivel/(2351:2351): ----------------------------------------------
[INFO] 16:57:16:337 ProcesoNivel/(2351:2351): Esperando Mensaje
[INFO] 16:57:16:337 ProcesoNivel/(2351:2351): Recibi REQUEST_RECURSO
[INFO] 16:57:16:338 ProcesoNivel/(2351:2351): El personaje: @ me pidio el recurso:F
[INFO] 16:57:16:338 ProcesoNivel/(2351:2351): La posicion del personaje: @ es:(23,4) y la posicion del recurso: F es:(23,4) y su cantidad: 0
[INFO] 16:57:16:338 ProcesoNivel/(2351:2351): El personaje no puede tomar el recurso
[INFO] 16:57:16:338 ProcesoNivel/(2351:2351): El personaje:@ no pudo obtener el recurso:F
[INFO] 16:57:16:338 ProcesoNivel/(2351:2351): Se agrego la solicitud del recurso:F del personaje:@ a solicitudes pendientes
[INFO] 16:57:16:338 ProcesoNivel/(2351:2351): ----------------------------------------------
[INFO] 16:57:16:338 ProcesoNivel/(2351:2351): Esperando Mensaje
[INFO] 16:57:16:540 ProcesoNivel/(2351:2351): Recibi REQUEST_MOVIMIENTO
[INFO] 16:57:16:541 ProcesoNivel/(2351:2351): Modifico posicion personaje: # en posicion (4,12)
[INFO] 16:57:16:541 ProcesoNivel/(2351:2351): Movi el personaje: # a la posicion:(4,12)
[INFO] 16:57:16:541 ProcesoNivel/(2351:2351): ----------------------------------------------
[INFO] 16:57:16:541 ProcesoNivel/(2351:2351): Esperando Mensaje
[INFO] 16:57:16:541 ProcesoNivel/(2351:2351): Recibi REQUEST_MOVIMIENTO
[INFO] 16:57:16:541 ProcesoNivel/(2351:2351): Modifico posicion personaje: # en posicion (4,13)
[INFO] 16:57:16:541 ProcesoNivel/(2351:2351): Movi el personaje: # a la posicion:(4,13)
[INFO] 16:57:16:542 ProcesoNivel/(2351:2351): ----------------------------------------------
[INFO] 16:57:16:542 ProcesoNivel/(2351:2351): Esperando Mensaje
[INFO] 16:57:16:542 ProcesoNivel/(2351:2351): Recibi REQUEST_MOVIMIENTO
[INFO] 16:57:16:542 ProcesoNivel/(2351:2351): Modifico posicion personaje: # en posicion (4,14)
[INFO] 16:57:16:542 ProcesoNivel/(2351:2351): Movi el personaje: # a la posicion:(4,14)
[INFO] 16:57:16:542 ProcesoNivel/(2351:2351): ----------------------------------------------
[INFO] 16:57:16:543 ProcesoNivel/(2351:2351): Esperando Mensaje
[INFO] 16:57:16:744 ProcesoNivel/(2351:2351): Recibi REQUEST_MOVIMIENTO
[INFO] 16:57:16:744 ProcesoNivel/(2351:2351): Modifico posicion personaje: # en posicion (4,15)
[INFO] 16:57:16:744 ProcesoNivel/(2351:2351): Movi el personaje: # a la posicion:(4,15)
[INFO] 16:57:16:744 ProcesoNivel/(2351:2351): ----------------------------------------------
[INFO] 16:57:16:744 ProcesoNivel/(2351:2351): Esperando Mensaje
[INFO] 16:57:16:745 ProcesoNivel/(2351:2351): Recibi REQUEST_MOVIMIENTO
[INFO] 16:57:16:745 ProcesoNivel/(2351:2351): Modifico posicion personaje: # en posicion (4,16)
[INFO] 16:57:16:745 ProcesoNivel/(2351:2351): Movi el personaje: # a la posicion:(4,16)
[INFO] 16:57:16:745 ProcesoNivel/(2351:2351): ----------------------------------------------
[INFO] 16:57:16:745 ProcesoNivel/(2351:2351): Esperando Mensaje
[INFO] 16:57:16:746 ProcesoNivel/(2351:2351): Recibi REQUEST_MOVIMIENTO
[INFO] 16:57:16:746 ProcesoNivel/(2351:2351): Modifico posicion personaje: # en posicion (4,17)
[INFO] 16:57:16:746 ProcesoNivel/(2351:2351): Movi el personaje: # a la posicion:(4,17)
[INFO] 16:57:16:746 ProcesoNivel/(2351:2351): ----------------------------------------------
[INFO] 16:57:16:746 ProcesoNivel/(2351:2351): Esperando Mensaje
[INFO] 16:57:16:950 ProcesoNivel/(2351:2351): Recibi REQUEST_MOVIMIENTO
[INFO] 16:57:16:950 ProcesoNivel/(2351:2351): Modifico posicion personaje: # en posicion (4,18)
[INFO] 16:57:16:950 ProcesoNivel/(2351:2351): Movi el personaje: # a la posicion:(4,18)
[INFO] 16:57:16:950 ProcesoNivel/(2351:2351): ----------------------------------------------
[INFO] 16:57:16:950 ProcesoNivel/(2351:2351): Esperando Mensaje
[INFO] 16:57:16:951 ProcesoNivel/(2351:2351): Recibi REQUEST_MOVIMIENTO
[INFO] 16:57:16:951 ProcesoNivel/(2351:2351): Modifico posicion personaje: # en posicion (4,19)
[INFO] 16:57:16:951 ProcesoNivel/(2351:2351): Movi el personaje: # a la posicion:(4,19)
[INFO] 16:57:16:951 ProcesoNivel/(2351:2351): ----------------------------------------------
[INFO] 16:57:16:951 ProcesoNivel/(2351:2351): Esperando Mensaje
[INFO] 16:57:16:952 ProcesoNivel/(2351:2351): Recibi REQUEST_MOVIMIENTO
[INFO] 16:57:16:952 ProcesoNivel/(2351:2351): Modifico posicion personaje: # en posicion (4,20)
[INFO] 16:57:16:952 ProcesoNivel/(2351:2351): Movi el personaje: # a la posicion:(4,20)
[INFO] 16:57:16:952 ProcesoNivel/(2351:2351): ----------------------------------------------
[INFO] 16:57:16:952 ProcesoNivel/(2351:2351): Esperando Mensaje
[INFO] 16:57:17:154 ProcesoNivel/(2351:2351): Recibi REQUEST_MOVIMIENTO
[INFO] 16:57:17:154 ProcesoNivel/(2351:2351): Modifico posicion personaje: # en posicion (4,21)
[INFO] 16:57:17:154 ProcesoNivel/(2351:2351): Movi el personaje: # a la posicion:(4,21)
[INFO] 16:57:17:154 ProcesoNivel/(2351:2351): ----------------------------------------------
[INFO] 16:57:17:154 ProcesoNivel/(2351:2351): Esperando Mensaje
[INFO] 16:57:17:155 ProcesoNivel/(2351:2351): Recibi REQUEST_MOVIMIENTO
[INFO] 16:57:17:155 ProcesoNivel/(2351:2351): Modifico posicion personaje: # en posicion (4,22)
[INFO] 16:57:17:155 ProcesoNivel/(2351:2351): Movi el personaje: # a la posicion:(4,22)
[INFO] 16:57:17:155 ProcesoNivel/(2351:2351): ----------------------------------------------
[INFO] 16:57:17:155 ProcesoNivel/(2351:2351): Esperando Mensaje
[INFO] 16:57:17:156 ProcesoNivel/(2351:2351): Recibi REQUEST_MOVIMIENTO
[INFO] 16:57:17:156 ProcesoNivel/(2351:2351): Modifico posicion personaje: # en posicion (4,23)
[INFO] 16:57:17:156 ProcesoNivel/(2351:2351): Movi el personaje: # a la posicion:(4,23)
[INFO] 16:57:17:156 ProcesoNivel/(2351:2351): ----------------------------------------------
[INFO] 16:57:17:156 ProcesoNivel/(2351:2351): Esperando Mensaje
[INFO] 16:57:17:156 ProcesoNivel/(2351:2351): Recibi REQUEST_RECURSO
[INFO] 16:57:17:156 ProcesoNivel/(2351:2351): El personaje: # me pidio el recurso:H
[INFO] 16:57:17:156 ProcesoNivel/(2351:2351): La posicion del personaje: # es:(4,23) y la posicion del recurso: H es:(4,23) y su cantidad: 0
[INFO] 16:57:17:156 ProcesoNivel/(2351:2351): El personaje no puede tomar el recurso
[INFO] 16:57:17:156 ProcesoNivel/(2351:2351): El personaje:# no pudo obtener el recurso:H
[INFO] 16:57:17:156 ProcesoNivel/(2351:2351): Se agrego la solicitud del recurso:H del personaje:# a solicitudes pendientes
[INFO] 16:57:17:157 ProcesoNivel/(2351:2351): ----------------------------------------------
[INFO] 16:57:17:157 ProcesoNivel/(2351:2351): Esperando Mensaje
[INFO] 16:57:19:199 ProcesoNivel/(2351:2352): El recurso pendiente es: H
[INFO] 16:57:19:199 ProcesoNivel/(2351:2352): La pos del personaje es: 0
[INFO] 16:57:19:199 ProcesoNivel/(2351:2352): La pos del recurso es: 1
[INFO] 16:57:19:199 ProcesoNivel/(2351:2352): El recurso pendiente es: F
[INFO] 16:57:19:199 ProcesoNivel/(2351:2352): La pos del personaje es: 1
[INFO] 16:57:19:199 ProcesoNivel/(2351:2352): La pos del recurso es: 2
[INFO] 16:57:19:202 ProcesoNivel/(2351:2351): Recibi TERMINE_NIVEL
[INFO] 16:57:19:202 ProcesoNivel/(2351:2351): El personaje: # ha terminado el nivel
[INFO] 16:57:19:202 ProcesoNivel/(2351:2351): Tengo recursos a liberar por parte del personaje: # 
[INFO] 16:57:19:202 ProcesoNivel/(2351:2351): Reasigno a ListaItems el recurso: F con la cant: 1
[INFO] 16:57:19:202 ProcesoNivel/(2351:2351): La cantidad del recurso: F que sera liberado es: 1
[INFO] 16:57:19:202 ProcesoNivel/(2351:2351): Mando mensaje al orquestador con los recursos que libero
[INFO] 16:57:19:403 ProcesoNivel/(2351:2351): Es recurso pendiente
[INFO] 16:57:19:403 ProcesoNivel/(2351:2351): Reasigno el recurso: F al personaje: @
[INFO] 16:57:19:441 ProcesoNivel/(2351:2351): Mande recursos liberados
[INFO] 16:57:19:441 ProcesoNivel/(2351:2351): El personaje: # ha sido borrado del nivel
[INFO] 16:57:19:441 ProcesoNivel/(2351:2351): ----------------------------------------------
[INFO] 16:57:19:441 ProcesoNivel/(2351:2351): Esperando Mensaje
[INFO] 16:57:19:441 ProcesoNivel/(2351:2351): Recibi HANDSHAKE del personaje: P#
[INFO] 16:57:19:442 ProcesoNivel/(2351:2351): Se dibujo el personaje: # en la pos (0,0)
[INFO] 16:57:19:442 ProcesoNivel/(2351:2351): ----------------------------------------------
[INFO] 16:57:19:442 ProcesoNivel/(2351:2351): Esperando Mensaje
[INFO] 16:57:20:107 ProcesoNivel/(2351:2351): Recibi TERMINE_NIVEL
[INFO] 16:57:20:107 ProcesoNivel/(2351:2351): El personaje: @ ha terminado el nivel
[INFO] 16:57:20:107 ProcesoNivel/(2351:2351): Tengo recursos a liberar por parte del personaje: @ 
[INFO] 16:57:20:107 ProcesoNivel/(2351:2351): Reasigno a ListaItems el recurso: F con la cant: 1
[INFO] 16:57:20:107 ProcesoNivel/(2351:2351): Reasigno a ListaItems el recurso: H con la cant: 1
[INFO] 16:57:20:107 ProcesoNivel/(2351:2351): La cantidad del recurso: F que sera liberado es: 1
[INFO] 16:57:20:107 ProcesoNivel/(2351:2351): Mando mensaje al orquestador con los recursos que libero
[INFO] 16:57:20:110 ProcesoNivel/(2351:2351): La cantidad del recurso: H que sera liberado es: 1
[INFO] 16:57:20:110 ProcesoNivel/(2351:2351): Mando mensaje al orquestador con los recursos que libero
[INFO] 16:57:20:111 ProcesoNivel/(2351:2351): Mande recursos liberados
[INFO] 16:57:20:111 ProcesoNivel/(2351:2351): El personaje: @ ha sido borrado del nivel
[INFO] 16:57:20:111 ProcesoNivel/(2351:2351): ----------------------------------------------
[INFO] 16:57:20:111 ProcesoNivel/(2351:2351): Esperando Mensaje
[INFO] 16:57:20:813 ProcesoNivel/(2351:2351): Recibi REQUEST_POS_RECURSO
[INFO] 16:57:20:813 ProcesoNivel/(2351:2351): El recurso pedido es: F
[INFO] 16:57:20:814 ProcesoNivel/(2351:2351): Mando la posicion del recurso F: (23,4)
[INFO] 16:57:20:814 ProcesoNivel/(2351:2351): Mande la posicion del recurso: F al personaje: #
[INFO] 16:57:20:814 ProcesoNivel/(2351:2351): ----------------------------------------------
[INFO] 16:57:20:814 ProcesoNivel/(2351:2351): Esperando Mensaje
[INFO] 16:57:20:814 ProcesoNivel/(2351:2351): Recibi REQUEST_MOVIMIENTO
[INFO] 16:57:20:814 ProcesoNivel/(2351:2351): Modifico posicion personaje: # en posicion (1,0)
[INFO] 16:57:20:814 ProcesoNivel/(2351:2351): Movi el personaje: # a la posicion:(1,0)
[INFO] 16:57:20:814 ProcesoNivel/(2351:2351): ----------------------------------------------
[INFO] 16:57:20:814 ProcesoNivel/(2351:2351): Esperando Mensaje
[INFO] 16:57:20:852 ProcesoNivel/(2351:2351): Recibi REQUEST_MOVIMIENTO
[INFO] 16:57:20:852 ProcesoNivel/(2351:2351): Modifico posicion personaje: # en posicion (2,0)
[INFO] 16:57:20:852 ProcesoNivel/(2351:2351): Movi el personaje: # a la posicion:(2,0)
[INFO] 16:57:20:852 ProcesoNivel/(2351:2351): ----------------------------------------------
[INFO] 16:57:20:853 ProcesoNivel/(2351:2351): Esperando Mensaje
[INFO] 16:57:21:18 ProcesoNivel/(2351:2351): Recibi REQUEST_MOVIMIENTO
[INFO] 16:57:21:18 ProcesoNivel/(2351:2351): Modifico posicion personaje: # en posicion (3,0)
[INFO] 16:57:21:18 ProcesoNivel/(2351:2351): Movi el personaje: # a la posicion:(3,0)
[INFO] 16:57:21:18 ProcesoNivel/(2351:2351): ----------------------------------------------
[INFO] 16:57:21:18 ProcesoNivel/(2351:2351): Esperando Mensaje
[INFO] 16:57:21:19 ProcesoNivel/(2351:2351): Recibi REQUEST_MOVIMIENTO
[INFO] 16:57:21:19 ProcesoNivel/(2351:2351): Modifico posicion personaje: # en posicion (4,0)
[INFO] 16:57:21:19 ProcesoNivel/(2351:2351): Movi el personaje: # a la posicion:(4,0)
[INFO] 16:57:21:19 ProcesoNivel/(2351:2351): ----------------------------------------------
[INFO] 16:57:21:19 ProcesoNivel/(2351:2351): Esperando Mensaje
[INFO] 16:57:21:20 ProcesoNivel/(2351:2351): Recibi REQUEST_MOVIMIENTO
[INFO] 16:57:21:20 ProcesoNivel/(2351:2351): Modifico posicion personaje: # en posicion (5,0)
[INFO] 16:57:21:20 ProcesoNivel/(2351:2351): Movi el personaje: # a la posicion:(5,0)
[INFO] 16:57:21:21 ProcesoNivel/(2351:2351): ----------------------------------------------
[INFO] 16:57:21:21 ProcesoNivel/(2351:2351): Esperando Mensaje
[INFO] 16:57:21:221 ProcesoNivel/(2351:2351): Recibi REQUEST_MOVIMIENTO
[INFO] 16:57:21:222 ProcesoNivel/(2351:2351): Modifico posicion personaje: # en posicion (6,0)
[INFO] 16:57:21:222 ProcesoNivel/(2351:2351): Movi el personaje: # a la posicion:(6,0)
[INFO] 16:57:21:222 ProcesoNivel/(2351:2351): ----------------------------------------------
[INFO] 16:57:21:222 ProcesoNivel/(2351:2351): Esperando Mensaje
[INFO] 16:57:21:222 ProcesoNivel/(2351:2351): Recibi REQUEST_MOVIMIENTO
[INFO] 16:57:21:223 ProcesoNivel/(2351:2351): Modifico posicion personaje: # en posicion (7,0)
[INFO] 16:57:21:223 ProcesoNivel/(2351:2351): Movi el personaje: # a la posicion:(7,0)
[INFO] 16:57:21:223 ProcesoNivel/(2351:2351): ----------------------------------------------
[INFO] 16:57:21:223 ProcesoNivel/(2351:2351): Esperando Mensaje
[INFO] 16:57:21:223 ProcesoNivel/(2351:2351): Recibi REQUEST_MOVIMIENTO
[INFO] 16:57:21:223 ProcesoNivel/(2351:2351): Modifico posicion personaje: # en posicion (8,0)
[INFO] 16:57:21:223 ProcesoNivel/(2351:2351): Movi el personaje: # a la posicion:(8,0)
[INFO] 16:57:21:223 ProcesoNivel/(2351:2351): ----------------------------------------------
[INFO] 16:57:21:223 ProcesoNivel/(2351:2351): Esperando Mensaje
[INFO] 16:57:21:426 ProcesoNivel/(2351:2351): Recibi REQUEST_MOVIMIENTO
[INFO] 16:57:21:427 ProcesoNivel/(2351:2351): Modifico posicion personaje: # en posicion (9,0)
[INFO] 16:57:21:427 ProcesoNivel/(2351:2351): Movi el personaje: # a la posicion:(9,0)
[INFO] 16:57:21:427 ProcesoNivel/(2351:2351): ----------------------------------------------
[INFO] 16:57:21:427 ProcesoNivel/(2351:2351): Esperando Mensaje
[INFO] 16:57:21:427 ProcesoNivel/(2351:2351): Recibi REQUEST_MOVIMIENTO
[INFO] 16:57:21:428 ProcesoNivel/(2351:2351): Modifico posicion personaje: # en posicion (10,0)
[INFO] 16:57:21:428 ProcesoNivel/(2351:2351): Movi el personaje: # a la posicion:(10,0)
[INFO] 16:57:21:428 ProcesoNivel/(2351:2351): ----------------------------------------------
[INFO] 16:57:21:428 ProcesoNivel/(2351:2351): Esperando Mensaje
[INFO] 16:57:21:428 ProcesoNivel/(2351:2351): Recibi REQUEST_MOVIMIENTO
[INFO] 16:57:21:429 ProcesoNivel/(2351:2351): Modifico posicion personaje: # en posicion (11,0)
[INFO] 16:57:21:429 ProcesoNivel/(2351:2351): Movi el personaje: # a la posicion:(11,0)
[INFO] 16:57:21:429 ProcesoNivel/(2351:2351): ----------------------------------------------
[INFO] 16:57:21:429 ProcesoNivel/(2351:2351): Esperando Mensaje
[INFO] 16:57:21:631 ProcesoNivel/(2351:2351): Recibi REQUEST_MOVIMIENTO
[INFO] 16:57:21:631 ProcesoNivel/(2351:2351): Modifico posicion personaje: # en posicion (12,0)
[INFO] 16:57:21:631 ProcesoNivel/(2351:2351): Movi el personaje: # a la posicion:(12,0)
[INFO] 16:57:21:631 ProcesoNivel/(2351:2351): ----------------------------------------------
[INFO] 16:57:21:631 ProcesoNivel/(2351:2351): Esperando Mensaje
[INFO] 16:57:21:632 ProcesoNivel/(2351:2351): Recibi REQUEST_MOVIMIENTO
[INFO] 16:57:21:632 ProcesoNivel/(2351:2351): Modifico posicion personaje: # en posicion (13,0)
[INFO] 16:57:21:632 ProcesoNivel/(2351:2351): Movi el personaje: # a la posicion:(13,0)
[INFO] 16:57:21:632 ProcesoNivel/(2351:2351): ----------------------------------------------
[INFO] 16:57:21:632 ProcesoNivel/(2351:2351): Esperando Mensaje
[INFO] 16:57:21:633 ProcesoNivel/(2351:2351): Recibi REQUEST_MOVIMIENTO
[INFO] 16:57:21:633 ProcesoNivel/(2351:2351): Modifico posicion personaje: # en posicion (14,0)
[INFO] 16:57:21:633 ProcesoNivel/(2351:2351): Movi el personaje: # a la posicion:(14,0)
[INFO] 16:57:21:633 ProcesoNivel/(2351:2351): ----------------------------------------------
[INFO] 16:57:21:633 ProcesoNivel/(2351:2351): Esperando Mensaje
[INFO] 16:57:21:835 ProcesoNivel/(2351:2351): Recibi REQUEST_MOVIMIENTO
[INFO] 16:57:21:835 ProcesoNivel/(2351:2351): Modifico posicion personaje: # en posicion (15,0)
[INFO] 16:57:21:835 ProcesoNivel/(2351:2351): Movi el personaje: # a la posicion:(15,0)
[INFO] 16:57:21:835 ProcesoNivel/(2351:2351): ----------------------------------------------
[INFO] 16:57:21:835 ProcesoNivel/(2351:2351): Esperando Mensaje
[INFO] 16:57:21:840 ProcesoNivel/(2351:2351): Recibi REQUEST_MOVIMIENTO
[INFO] 16:57:21:840 ProcesoNivel/(2351:2351): Modifico posicion personaje: # en posicion (16,0)
[INFO] 16:57:21:840 ProcesoNivel/(2351:2351): Movi el personaje: # a la posicion:(16,0)
[INFO] 16:57:21:840 ProcesoNivel/(2351:2351): ----------------------------------------------
[INFO] 16:57:21:840 ProcesoNivel/(2351:2351): Esperando Mensaje
[INFO] 16:57:21:842 ProcesoNivel/(2351:2351): Recibi REQUEST_MOVIMIENTO
[INFO] 16:57:21:842 ProcesoNivel/(2351:2351): Modifico posicion personaje: # en posicion (17,0)
[INFO] 16:57:21:842 ProcesoNivel/(2351:2351): Movi el personaje: # a la posicion:(17,0)
[INFO] 16:57:21:842 ProcesoNivel/(2351:2351): ----------------------------------------------
[INFO] 16:57:21:842 ProcesoNivel/(2351:2351): Esperando Mensaje
[INFO] 16:57:22:44 ProcesoNivel/(2351:2351): Recibi REQUEST_MOVIMIENTO
[INFO] 16:57:22:44 ProcesoNivel/(2351:2351): Modifico posicion personaje: # en posicion (18,0)
[INFO] 16:57:22:44 ProcesoNivel/(2351:2351): Movi el personaje: # a la posicion:(18,0)
[INFO] 16:57:22:44 ProcesoNivel/(2351:2351): ----------------------------------------------
[INFO] 16:57:22:44 ProcesoNivel/(2351:2351): Esperando Mensaje
[INFO] 16:57:22:44 ProcesoNivel/(2351:2351): Recibi REQUEST_MOVIMIENTO
[INFO] 16:57:22:45 ProcesoNivel/(2351:2351): Modifico posicion personaje: # en posicion (19,0)
[INFO] 16:57:22:45 ProcesoNivel/(2351:2351): Movi el personaje: # a la posicion:(19,0)
[INFO] 16:57:22:45 ProcesoNivel/(2351:2351): ----------------------------------------------
[INFO] 16:57:22:45 ProcesoNivel/(2351:2351): Esperando Mensaje
[INFO] 16:57:22:46 ProcesoNivel/(2351:2351): Recibi REQUEST_MOVIMIENTO
[INFO] 16:57:22:46 ProcesoNivel/(2351:2351): Modifico posicion personaje: # en posicion (20,0)
[INFO] 16:57:22:46 ProcesoNivel/(2351:2351): Movi el personaje: # a la posicion:(20,0)
[INFO] 16:57:22:46 ProcesoNivel/(2351:2351): ----------------------------------------------
[INFO] 16:57:22:46 ProcesoNivel/(2351:2351): Esperando Mensaje
[INFO] 16:57:22:248 ProcesoNivel/(2351:2351): Recibi REQUEST_MOVIMIENTO
[INFO] 16:57:22:248 ProcesoNivel/(2351:2351): Modifico posicion personaje: # en posicion (21,0)
[INFO] 16:57:22:248 ProcesoNivel/(2351:2351): Movi el personaje: # a la posicion:(21,0)
[INFO] 16:57:22:248 ProcesoNivel/(2351:2351): ----------------------------------------------
[INFO] 16:57:22:248 ProcesoNivel/(2351:2351): Esperando Mensaje
[INFO] 16:57:22:249 ProcesoNivel/(2351:2351): Recibi REQUEST_MOVIMIENTO
[INFO] 16:57:22:249 ProcesoNivel/(2351:2351): Modifico posicion personaje: # en posicion (22,0)
[INFO] 16:57:22:249 ProcesoNivel/(2351:2351): Movi el personaje: # a la posicion:(22,0)
[INFO] 16:57:22:249 ProcesoNivel/(2351:2351): ----------------------------------------------
[INFO] 16:57:22:249 ProcesoNivel/(2351:2351): Esperando Mensaje
[INFO] 16:57:22:250 ProcesoNivel/(2351:2351): Recibi REQUEST_MOVIMIENTO
[INFO] 16:57:22:250 ProcesoNivel/(2351:2351): Modifico posicion personaje: # en posicion (23,0)
[INFO] 16:57:22:250 ProcesoNivel/(2351:2351): Movi el personaje: # a la posicion:(23,0)
[INFO] 16:57:22:250 ProcesoNivel/(2351:2351): ----------------------------------------------
[INFO] 16:57:22:250 ProcesoNivel/(2351:2351): Esperando Mensaje
[INFO] 16:57:22:453 ProcesoNivel/(2351:2351): Recibi REQUEST_MOVIMIENTO
[INFO] 16:57:22:453 ProcesoNivel/(2351:2351): Modifico posicion personaje: # en posicion (23,1)
[INFO] 16:57:22:453 ProcesoNivel/(2351:2351): Movi el personaje: # a la posicion:(23,1)
[INFO] 16:57:22:453 ProcesoNivel/(2351:2351): ----------------------------------------------
[INFO] 16:57:22:453 ProcesoNivel/(2351:2351): Esperando Mensaje
[INFO] 16:57:22:454 ProcesoNivel/(2351:2351): Recibi REQUEST_MOVIMIENTO
[INFO] 16:57:22:454 ProcesoNivel/(2351:2351): Modifico posicion personaje: # en posicion (23,2)
[INFO] 16:57:22:454 ProcesoNivel/(2351:2351): Movi el personaje: # a la posicion:(23,2)
[INFO] 16:57:22:454 ProcesoNivel/(2351:2351): ----------------------------------------------
[INFO] 16:57:22:454 ProcesoNivel/(2351:2351): Esperando Mensaje
[INFO] 16:57:22:456 ProcesoNivel/(2351:2351): Recibi REQUEST_MOVIMIENTO
[INFO] 16:57:22:456 ProcesoNivel/(2351:2351): Modifico posicion personaje: # en posicion (23,3)
[INFO] 16:57:22:456 ProcesoNivel/(2351:2351): Movi el personaje: # a la posicion:(23,3)
[INFO] 16:57:22:456 ProcesoNivel/(2351:2351): ----------------------------------------------
[INFO] 16:57:22:457 ProcesoNivel/(2351:2351): Esperando Mensaje
[INFO] 16:57:22:659 ProcesoNivel/(2351:2351): Recibi REQUEST_MOVIMIENTO
[INFO] 16:57:22:659 ProcesoNivel/(2351:2351): Modifico posicion personaje: # en posicion (23,4)
[INFO] 16:57:22:659 ProcesoNivel/(2351:2351): Movi el personaje: # a la posicion:(23,4)
[INFO] 16:57:22:659 ProcesoNivel/(2351:2351): ----------------------------------------------
[INFO] 16:57:22:659 ProcesoNivel/(2351:2351): Esperando Mensaje
[INFO] 16:57:22:660 ProcesoNivel/(2351:2351): Recibi REQUEST_RECURSO
[INFO] 16:57:22:660 ProcesoNivel/(2351:2351): El personaje: # me pidio el recurso:F
[INFO] 16:57:22:660 ProcesoNivel/(2351:2351): La posicion del personaje: # es:(23,4) y la posicion del recurso: F es:(23,4) y su cantidad: 1
[INFO] 16:57:22:660 ProcesoNivel/(2351:2351): El personaje puede tomar el recurso
[INFO] 16:57:22:660 ProcesoNivel/(2351:2351): El personaje:# pudo obtener el recurso:F
[INFO] 16:57:22:660 ProcesoNivel/(2351:2351): Resto el recurso: F de ListaItems
[INFO] 16:57:22:660 ProcesoNivel/(2351:2351): El personaje no tenia recursos.El recurso: F se agrega al personaje: #
[INFO] 16:57:22:660 ProcesoNivel/(2351:2351): Se agrega recurso: F al personaje: #
[INFO] 16:57:22:660 ProcesoNivel/(2351:2351): ----------------------------------------------
[INFO] 16:57:22:660 ProcesoNivel/(2351:2351): Esperando Mensaje
[INFO] 16:57:22:661 ProcesoNivel/(2351:2351): Recibi TERMINE_NIVEL
[INFO] 16:57:22:661 ProcesoNivel/(2351:2351): El personaje: # ha terminado el nivel
[INFO] 16:57:22:661 ProcesoNivel/(2351:2351): Tengo recursos a liberar por parte del personaje: # 
[INFO] 16:57:22:661 ProcesoNivel/(2351:2351): Reasigno a ListaItems el recurso: F con la cant: 1
[INFO] 16:57:22:661 ProcesoNivel/(2351:2351): La cantidad del recurso: F que sera liberado es: 1
[INFO] 16:57:22:662 ProcesoNivel/(2351:2351): Mando mensaje al orquestador con los recursos que libero
[INFO] 16:57:22:664 ProcesoNivel/(2351:2351): Mande recursos liberados
[INFO] 16:57:22:664 ProcesoNivel/(2351:2351): El personaje: # ha sido borrado del nivel
[INFO] 16:57:22:664 ProcesoNivel/(2351:2351): ----------------------------------------------
[INFO] 16:57:22:664 ProcesoNivel/(2351:2351): Esperando Mensaje
