[INFO] 14:28:24:967 ProcesoNivel/(3618:3618): El nivel se conecto al puerto: 5000
[INFO] 14:28:24:967 ProcesoNivel/(3618:3618): El nivel: nivel3 le hizo HANDSHAKE al socket: 7
[INFO] 14:28:24:967 ProcesoNivel/(3618:3618): El recovery esta activado
[INFO] 14:28:24:969 ProcesoNivel/(3618:3618): Esperando Mensaje
[INFO] 14:28:33:835 ProcesoNivel/(3618:3618): Recibi HANDSHAKE del personaje: P@
[INFO] 14:28:33:835 ProcesoNivel/(3618:3618): Se dibujo el personaje: @ en la pos (0,0)
[INFO] 14:28:33:835 ProcesoNivel/(3618:3618): ----------------------------------------------
[INFO] 14:28:33:835 ProcesoNivel/(3618:3618): Esperando Mensaje
[INFO] 14:28:34:740 ProcesoNivel/(3618:3618): Recibi REQUEST_POS_RECURSO
[INFO] 14:28:34:740 ProcesoNivel/(3618:3618): El recurso pedido es: M
[INFO] 14:28:34:740 ProcesoNivel/(3618:3618): Mando la posicion del recurso M: (15,8)
[INFO] 14:28:34:740 ProcesoNivel/(3618:3618): Mande la posicion del recurso: M al personaje: @
[INFO] 14:28:34:740 ProcesoNivel/(3618:3618): ----------------------------------------------
[INFO] 14:28:34:740 ProcesoNivel/(3618:3618): Esperando Mensaje
[INFO] 14:28:34:741 ProcesoNivel/(3618:3618): Recibi REQUEST_MOVIMIENTO
[INFO] 14:28:34:742 ProcesoNivel/(3618:3618): Modifico posicion personaje: @ en posicion (2,1)
[INFO] 14:28:34:742 ProcesoNivel/(3618:3618): Movi el personaje: @ a la posicion:(2,1)
[INFO] 14:28:34:742 ProcesoNivel/(3618:3618): ----------------------------------------------
[INFO] 14:28:34:742 ProcesoNivel/(3618:3618): Esperando Mensaje
[INFO] 14:28:34:778 ProcesoNivel/(3618:3618): Recibi REQUEST_MOVIMIENTO
[INFO] 14:28:34:779 ProcesoNivel/(3618:3618): Modifico posicion personaje: @ en posicion (3,1)
[INFO] 14:28:34:779 ProcesoNivel/(3618:3618): Movi el personaje: @ a la posicion:(3,1)
[INFO] 14:28:34:779 ProcesoNivel/(3618:3618): ----------------------------------------------
[INFO] 14:28:34:779 ProcesoNivel/(3618:3618): Esperando Mensaje
[INFO] 14:28:34:779 ProcesoNivel/(3618:3618): Recibi REQUEST_MOVIMIENTO
[INFO] 14:28:34:779 ProcesoNivel/(3618:3618): Modifico posicion personaje: @ en posicion (4,1)
[INFO] 14:28:34:779 ProcesoNivel/(3618:3618): Movi el personaje: @ a la posicion:(4,1)
[INFO] 14:28:34:779 ProcesoNivel/(3618:3618): ----------------------------------------------
[INFO] 14:28:34:779 ProcesoNivel/(3618:3618): Esperando Mensaje
[INFO] 14:28:34:945 ProcesoNivel/(3618:3618): Recibi REQUEST_MOVIMIENTO
[INFO] 14:28:34:946 ProcesoNivel/(3618:3618): Modifico posicion personaje: @ en posicion (5,1)
[INFO] 14:28:34:946 ProcesoNivel/(3618:3618): Movi el personaje: @ a la posicion:(5,1)
[INFO] 14:28:34:946 ProcesoNivel/(3618:3618): ----------------------------------------------
[INFO] 14:28:34:946 ProcesoNivel/(3618:3618): Esperando Mensaje
[INFO] 14:28:34:946 ProcesoNivel/(3618:3618): Recibi REQUEST_MOVIMIENTO
[INFO] 14:28:34:947 ProcesoNivel/(3618:3618): Modifico posicion personaje: @ en posicion (6,1)
[INFO] 14:28:34:947 ProcesoNivel/(3618:3618): Movi el personaje: @ a la posicion:(6,1)
[INFO] 14:28:34:947 ProcesoNivel/(3618:3618): ----------------------------------------------
[INFO] 14:28:34:947 ProcesoNivel/(3618:3618): Esperando Mensaje
[INFO] 14:28:34:948 ProcesoNivel/(3618:3618): Recibi REQUEST_MOVIMIENTO
[INFO] 14:28:34:948 ProcesoNivel/(3618:3618): Modifico posicion personaje: @ en posicion (7,1)
[INFO] 14:28:34:948 ProcesoNivel/(3618:3618): Movi el personaje: @ a la posicion:(7,1)
[INFO] 14:28:34:948 ProcesoNivel/(3618:3618): ----------------------------------------------
[INFO] 14:28:34:948 ProcesoNivel/(3618:3618): Esperando Mensaje
[INFO] 14:28:35:150 ProcesoNivel/(3618:3618): Recibi REQUEST_MOVIMIENTO
[INFO] 14:28:35:151 ProcesoNivel/(3618:3618): Modifico posicion personaje: @ en posicion (8,1)
[INFO] 14:28:35:151 ProcesoNivel/(3618:3618): Movi el personaje: @ a la posicion:(8,1)
[INFO] 14:28:35:151 ProcesoNivel/(3618:3618): ----------------------------------------------
[INFO] 14:28:35:151 ProcesoNivel/(3618:3618): Esperando Mensaje
[INFO] 14:28:35:152 ProcesoNivel/(3618:3618): Recibi REQUEST_MOVIMIENTO
[INFO] 14:28:35:152 ProcesoNivel/(3618:3618): Modifico posicion personaje: @ en posicion (9,1)
[INFO] 14:28:35:152 ProcesoNivel/(3618:3618): Movi el personaje: @ a la posicion:(9,1)
[INFO] 14:28:35:152 ProcesoNivel/(3618:3618): ----------------------------------------------
[INFO] 14:28:35:152 ProcesoNivel/(3618:3618): Esperando Mensaje
[INFO] 14:28:35:152 ProcesoNivel/(3618:3618): Recibi REQUEST_MOVIMIENTO
[INFO] 14:28:35:153 ProcesoNivel/(3618:3618): Modifico posicion personaje: @ en posicion (10,1)
[INFO] 14:28:35:153 ProcesoNivel/(3618:3618): Movi el personaje: @ a la posicion:(10,1)
[INFO] 14:28:35:153 ProcesoNivel/(3618:3618): ----------------------------------------------
[INFO] 14:28:35:153 ProcesoNivel/(3618:3618): Esperando Mensaje
[INFO] 14:28:35:355 ProcesoNivel/(3618:3618): Recibi REQUEST_MOVIMIENTO
[INFO] 14:28:35:355 ProcesoNivel/(3618:3618): Modifico posicion personaje: @ en posicion (11,1)
[INFO] 14:28:35:355 ProcesoNivel/(3618:3618): Movi el personaje: @ a la posicion:(11,1)
[INFO] 14:28:35:355 ProcesoNivel/(3618:3618): ----------------------------------------------
[INFO] 14:28:35:355 ProcesoNivel/(3618:3618): Esperando Mensaje
[INFO] 14:28:35:356 ProcesoNivel/(3618:3618): Recibi REQUEST_MOVIMIENTO
[INFO] 14:28:35:356 ProcesoNivel/(3618:3618): Modifico posicion personaje: @ en posicion (12,1)
[INFO] 14:28:35:356 ProcesoNivel/(3618:3618): Movi el personaje: @ a la posicion:(12,1)
[INFO] 14:28:35:356 ProcesoNivel/(3618:3618): ----------------------------------------------
[INFO] 14:28:35:356 ProcesoNivel/(3618:3618): Esperando Mensaje
[INFO] 14:28:35:357 ProcesoNivel/(3618:3618): Recibi REQUEST_MOVIMIENTO
[INFO] 14:28:35:357 ProcesoNivel/(3618:3618): Modifico posicion personaje: @ en posicion (13,1)
[INFO] 14:28:35:357 ProcesoNivel/(3618:3618): Movi el personaje: @ a la posicion:(13,1)
[INFO] 14:28:35:357 ProcesoNivel/(3618:3618): ----------------------------------------------
[INFO] 14:28:35:357 ProcesoNivel/(3618:3618): Esperando Mensaje
[INFO] 14:28:35:559 ProcesoNivel/(3618:3618): Recibi REQUEST_MOVIMIENTO
[INFO] 14:28:35:560 ProcesoNivel/(3618:3618): Modifico posicion personaje: @ en posicion (14,1)
[INFO] 14:28:35:560 ProcesoNivel/(3618:3618): Movi el personaje: @ a la posicion:(14,1)
[INFO] 14:28:35:560 ProcesoNivel/(3618:3618): ----------------------------------------------
[INFO] 14:28:35:560 ProcesoNivel/(3618:3618): Esperando Mensaje
[INFO] 14:28:35:560 ProcesoNivel/(3618:3618): Recibi REQUEST_MOVIMIENTO
[INFO] 14:28:35:561 ProcesoNivel/(3618:3618): Modifico posicion personaje: @ en posicion (15,1)
[INFO] 14:28:35:561 ProcesoNivel/(3618:3618): Movi el personaje: @ a la posicion:(15,1)
[INFO] 14:28:35:561 ProcesoNivel/(3618:3618): ----------------------------------------------
[INFO] 14:28:35:561 ProcesoNivel/(3618:3618): Esperando Mensaje
[INFO] 14:28:35:562 ProcesoNivel/(3618:3618): Recibi REQUEST_MOVIMIENTO
[INFO] 14:28:35:562 ProcesoNivel/(3618:3618): Modifico posicion personaje: @ en posicion (15,2)
[INFO] 14:28:35:562 ProcesoNivel/(3618:3618): Movi el personaje: @ a la posicion:(15,2)
[INFO] 14:28:35:562 ProcesoNivel/(3618:3618): ----------------------------------------------
[INFO] 14:28:35:562 ProcesoNivel/(3618:3618): Esperando Mensaje
[INFO] 14:28:35:764 ProcesoNivel/(3618:3618): Recibi REQUEST_MOVIMIENTO
[INFO] 14:28:35:764 ProcesoNivel/(3618:3618): Modifico posicion personaje: @ en posicion (15,3)
[INFO] 14:28:35:764 ProcesoNivel/(3618:3618): Movi el personaje: @ a la posicion:(15,3)
[INFO] 14:28:35:764 ProcesoNivel/(3618:3618): ----------------------------------------------
[INFO] 14:28:35:764 ProcesoNivel/(3618:3618): Esperando Mensaje
[INFO] 14:28:35:765 ProcesoNivel/(3618:3618): Recibi REQUEST_MOVIMIENTO
[INFO] 14:28:35:765 ProcesoNivel/(3618:3618): Modifico posicion personaje: @ en posicion (15,4)
[INFO] 14:28:35:765 ProcesoNivel/(3618:3618): Movi el personaje: @ a la posicion:(15,4)
[INFO] 14:28:35:765 ProcesoNivel/(3618:3618): ----------------------------------------------
[INFO] 14:28:35:765 ProcesoNivel/(3618:3618): Esperando Mensaje
[INFO] 14:28:35:766 ProcesoNivel/(3618:3618): Recibi REQUEST_MOVIMIENTO
[INFO] 14:28:35:767 ProcesoNivel/(3618:3618): Modifico posicion personaje: @ en posicion (15,5)
[INFO] 14:28:35:767 ProcesoNivel/(3618:3618): Movi el personaje: @ a la posicion:(15,5)
[INFO] 14:28:35:767 ProcesoNivel/(3618:3618): ----------------------------------------------
[INFO] 14:28:35:767 ProcesoNivel/(3618:3618): Esperando Mensaje
[INFO] 14:28:35:968 ProcesoNivel/(3618:3618): Recibi REQUEST_MOVIMIENTO
[INFO] 14:28:35:968 ProcesoNivel/(3618:3618): Modifico posicion personaje: @ en posicion (15,6)
[INFO] 14:28:35:968 ProcesoNivel/(3618:3618): Movi el personaje: @ a la posicion:(15,6)
[INFO] 14:28:35:968 ProcesoNivel/(3618:3618): ----------------------------------------------
[INFO] 14:28:35:968 ProcesoNivel/(3618:3618): Esperando Mensaje
[INFO] 14:28:35:969 ProcesoNivel/(3618:3618): Recibi REQUEST_MOVIMIENTO
[INFO] 14:28:35:969 ProcesoNivel/(3618:3618): Modifico posicion personaje: @ en posicion (15,7)
[INFO] 14:28:35:969 ProcesoNivel/(3618:3618): Movi el personaje: @ a la posicion:(15,7)
[INFO] 14:28:35:969 ProcesoNivel/(3618:3618): ----------------------------------------------
[INFO] 14:28:35:969 ProcesoNivel/(3618:3618): Esperando Mensaje
[INFO] 14:28:35:970 ProcesoNivel/(3618:3618): Recibi REQUEST_MOVIMIENTO
[INFO] 14:28:35:970 ProcesoNivel/(3618:3618): Modifico posicion personaje: @ en posicion (15,8)
[INFO] 14:28:35:970 ProcesoNivel/(3618:3618): Movi el personaje: @ a la posicion:(15,8)
[INFO] 14:28:35:970 ProcesoNivel/(3618:3618): ----------------------------------------------
[INFO] 14:28:35:970 ProcesoNivel/(3618:3618): Esperando Mensaje
[INFO] 14:28:35:970 ProcesoNivel/(3618:3618): Recibi REQUEST_RECURSO
[INFO] 14:28:35:970 ProcesoNivel/(3618:3618): El personaje: @ me pidio el recurso:M
[INFO] 14:28:35:970 ProcesoNivel/(3618:3618): La posicion del personaje: @ es:(15,8) y la posicion del recurso: M es:(15,8) y su cantidad: 4
[INFO] 14:28:35:970 ProcesoNivel/(3618:3618): El personaje puede tomar el recurso
[INFO] 14:28:35:970 ProcesoNivel/(3618:3618): El personaje:@ pudo obtener el recurso:M
[INFO] 14:28:35:970 ProcesoNivel/(3618:3618): Resto el recurso: M de ListaItems
[INFO] 14:28:35:971 ProcesoNivel/(3618:3618): El personaje no tenia recursos.El recurso: M se agrega al personaje: @
[INFO] 14:28:35:971 ProcesoNivel/(3618:3618): Se agrega recurso: M al personaje: @
[INFO] 14:28:35:971 ProcesoNivel/(3618:3618): ----------------------------------------------
[INFO] 14:28:35:971 ProcesoNivel/(3618:3618): Esperando Mensaje
[INFO] 14:28:36:173 ProcesoNivel/(3618:3618): Recibi REQUEST_POS_RECURSO
[INFO] 14:28:36:173 ProcesoNivel/(3618:3618): El recurso pedido es: H
[INFO] 14:28:36:173 ProcesoNivel/(3618:3618): Mando la posicion del recurso H: (4,20)
[INFO] 14:28:36:173 ProcesoNivel/(3618:3618): Mande la posicion del recurso: H al personaje: @
[INFO] 14:28:36:173 ProcesoNivel/(3618:3618): ----------------------------------------------
[INFO] 14:28:36:173 ProcesoNivel/(3618:3618): Esperando Mensaje
[INFO] 14:28:36:173 ProcesoNivel/(3618:3618): Recibi REQUEST_MOVIMIENTO
[INFO] 14:28:36:174 ProcesoNivel/(3618:3618): Modifico posicion personaje: @ en posicion (14,8)
[INFO] 14:28:36:174 ProcesoNivel/(3618:3618): Movi el personaje: @ a la posicion:(14,8)
[INFO] 14:28:36:174 ProcesoNivel/(3618:3618): ----------------------------------------------
[INFO] 14:28:36:174 ProcesoNivel/(3618:3618): Esperando Mensaje
[INFO] 14:28:36:214 ProcesoNivel/(3618:3618): Recibi REQUEST_MOVIMIENTO
[INFO] 14:28:36:214 ProcesoNivel/(3618:3618): Modifico posicion personaje: @ en posicion (13,8)
[INFO] 14:28:36:214 ProcesoNivel/(3618:3618): Movi el personaje: @ a la posicion:(13,8)
[INFO] 14:28:36:214 ProcesoNivel/(3618:3618): ----------------------------------------------
[INFO] 14:28:36:214 ProcesoNivel/(3618:3618): Esperando Mensaje
[INFO] 14:28:36:214 ProcesoNivel/(3618:3618): Recibi REQUEST_MOVIMIENTO
[INFO] 14:28:36:215 ProcesoNivel/(3618:3618): Modifico posicion personaje: @ en posicion (12,8)
[INFO] 14:28:36:215 ProcesoNivel/(3618:3618): Movi el personaje: @ a la posicion:(12,8)
[INFO] 14:28:36:215 ProcesoNivel/(3618:3618): ----------------------------------------------
[INFO] 14:28:36:215 ProcesoNivel/(3618:3618): Esperando Mensaje
[INFO] 14:28:36:377 ProcesoNivel/(3618:3618): Recibi REQUEST_MOVIMIENTO
[INFO] 14:28:36:377 ProcesoNivel/(3618:3618): Modifico posicion personaje: @ en posicion (11,8)
[INFO] 14:28:36:377 ProcesoNivel/(3618:3618): Movi el personaje: @ a la posicion:(11,8)
[INFO] 14:28:36:377 ProcesoNivel/(3618:3618): ----------------------------------------------
[INFO] 14:28:36:377 ProcesoNivel/(3618:3618): Esperando Mensaje
[INFO] 14:28:36:379 ProcesoNivel/(3618:3618): Recibi REQUEST_MOVIMIENTO
[INFO] 14:28:36:379 ProcesoNivel/(3618:3618): Modifico posicion personaje: @ en posicion (10,8)
[INFO] 14:28:36:379 ProcesoNivel/(3618:3618): Movi el personaje: @ a la posicion:(10,8)
[INFO] 14:28:36:379 ProcesoNivel/(3618:3618): ----------------------------------------------
[INFO] 14:28:36:379 ProcesoNivel/(3618:3618): Esperando Mensaje
[INFO] 14:28:36:380 ProcesoNivel/(3618:3618): Recibi REQUEST_MOVIMIENTO
[INFO] 14:28:36:380 ProcesoNivel/(3618:3618): Modifico posicion personaje: @ en posicion (9,8)
[INFO] 14:28:36:380 ProcesoNivel/(3618:3618): Movi el personaje: @ a la posicion:(9,8)
[INFO] 14:28:36:380 ProcesoNivel/(3618:3618): ----------------------------------------------
[INFO] 14:28:36:380 ProcesoNivel/(3618:3618): Esperando Mensaje
[INFO] 14:28:36:582 ProcesoNivel/(3618:3618): Recibi REQUEST_MOVIMIENTO
[INFO] 14:28:36:582 ProcesoNivel/(3618:3618): Modifico posicion personaje: @ en posicion (8,8)
[INFO] 14:28:36:582 ProcesoNivel/(3618:3618): Movi el personaje: @ a la posicion:(8,8)
[INFO] 14:28:36:582 ProcesoNivel/(3618:3618): ----------------------------------------------
[INFO] 14:28:36:582 ProcesoNivel/(3618:3618): Esperando Mensaje
[INFO] 14:28:36:583 ProcesoNivel/(3618:3618): Recibi REQUEST_MOVIMIENTO
[INFO] 14:28:36:583 ProcesoNivel/(3618:3618): Modifico posicion personaje: @ en posicion (7,8)
[INFO] 14:28:36:583 ProcesoNivel/(3618:3618): Movi el personaje: @ a la posicion:(7,8)
[INFO] 14:28:36:584 ProcesoNivel/(3618:3618): ----------------------------------------------
[INFO] 14:28:36:584 ProcesoNivel/(3618:3618): Esperando Mensaje
[INFO] 14:28:36:584 ProcesoNivel/(3618:3618): Recibi REQUEST_MOVIMIENTO
[INFO] 14:28:36:584 ProcesoNivel/(3618:3618): Modifico posicion personaje: @ en posicion (6,8)
[INFO] 14:28:36:584 ProcesoNivel/(3618:3618): Movi el personaje: @ a la posicion:(6,8)
[INFO] 14:28:36:584 ProcesoNivel/(3618:3618): ----------------------------------------------
[INFO] 14:28:36:584 ProcesoNivel/(3618:3618): Esperando Mensaje
[INFO] 14:28:36:786 ProcesoNivel/(3618:3618): Recibi REQUEST_MOVIMIENTO
[INFO] 14:28:36:786 ProcesoNivel/(3618:3618): Modifico posicion personaje: @ en posicion (5,8)
[INFO] 14:28:36:786 ProcesoNivel/(3618:3618): Movi el personaje: @ a la posicion:(5,8)
[INFO] 14:28:36:786 ProcesoNivel/(3618:3618): ----------------------------------------------
[INFO] 14:28:36:787 ProcesoNivel/(3618:3618): Esperando Mensaje
[INFO] 14:28:36:787 ProcesoNivel/(3618:3618): Recibi REQUEST_MOVIMIENTO
[INFO] 14:28:36:787 ProcesoNivel/(3618:3618): Modifico posicion personaje: @ en posicion (4,8)
[INFO] 14:28:36:787 ProcesoNivel/(3618:3618): Movi el personaje: @ a la posicion:(4,8)
[INFO] 14:28:36:787 ProcesoNivel/(3618:3618): ----------------------------------------------
[INFO] 14:28:36:787 ProcesoNivel/(3618:3618): Esperando Mensaje
[INFO] 14:28:36:788 ProcesoNivel/(3618:3618): Recibi REQUEST_MOVIMIENTO
[INFO] 14:28:36:788 ProcesoNivel/(3618:3618): Modifico posicion personaje: @ en posicion (4,9)
[INFO] 14:28:36:788 ProcesoNivel/(3618:3618): Movi el personaje: @ a la posicion:(4,9)
[INFO] 14:28:36:788 ProcesoNivel/(3618:3618): ----------------------------------------------
[INFO] 14:28:36:788 ProcesoNivel/(3618:3618): Esperando Mensaje
[INFO] 14:28:36:990 ProcesoNivel/(3618:3618): Recibi REQUEST_MOVIMIENTO
[INFO] 14:28:36:991 ProcesoNivel/(3618:3618): Modifico posicion personaje: @ en posicion (4,10)
[INFO] 14:28:36:991 ProcesoNivel/(3618:3618): Movi el personaje: @ a la posicion:(4,10)
[INFO] 14:28:36:991 ProcesoNivel/(3618:3618): ----------------------------------------------
[INFO] 14:28:36:991 ProcesoNivel/(3618:3618): Esperando Mensaje
[INFO] 14:28:36:991 ProcesoNivel/(3618:3618): Recibi REQUEST_MOVIMIENTO
[INFO] 14:28:36:992 ProcesoNivel/(3618:3618): Modifico posicion personaje: @ en posicion (4,11)
[INFO] 14:28:36:992 ProcesoNivel/(3618:3618): Movi el personaje: @ a la posicion:(4,11)
[INFO] 14:28:36:992 ProcesoNivel/(3618:3618): ----------------------------------------------
[INFO] 14:28:36:992 ProcesoNivel/(3618:3618): Esperando Mensaje
[INFO] 14:28:36:992 ProcesoNivel/(3618:3618): Recibi REQUEST_MOVIMIENTO
[INFO] 14:28:36:993 ProcesoNivel/(3618:3618): Modifico posicion personaje: @ en posicion (4,12)
[INFO] 14:28:36:993 ProcesoNivel/(3618:3618): Movi el personaje: @ a la posicion:(4,12)
[INFO] 14:28:36:993 ProcesoNivel/(3618:3618): ----------------------------------------------
[INFO] 14:28:36:993 ProcesoNivel/(3618:3618): Esperando Mensaje
[INFO] 14:28:37:195 ProcesoNivel/(3618:3618): Recibi REQUEST_MOVIMIENTO
[INFO] 14:28:37:195 ProcesoNivel/(3618:3618): Modifico posicion personaje: @ en posicion (4,13)
[INFO] 14:28:37:195 ProcesoNivel/(3618:3618): Movi el personaje: @ a la posicion:(4,13)
[INFO] 14:28:37:195 ProcesoNivel/(3618:3618): ----------------------------------------------
[INFO] 14:28:37:195 ProcesoNivel/(3618:3618): Esperando Mensaje
[INFO] 14:28:37:196 ProcesoNivel/(3618:3618): Recibi REQUEST_MOVIMIENTO
[INFO] 14:28:37:196 ProcesoNivel/(3618:3618): Modifico posicion personaje: @ en posicion (4,14)
[INFO] 14:28:37:196 ProcesoNivel/(3618:3618): Movi el personaje: @ a la posicion:(4,14)
[INFO] 14:28:37:196 ProcesoNivel/(3618:3618): ----------------------------------------------
[INFO] 14:28:37:196 ProcesoNivel/(3618:3618): Esperando Mensaje
[INFO] 14:28:37:197 ProcesoNivel/(3618:3618): Recibi REQUEST_MOVIMIENTO
[INFO] 14:28:37:197 ProcesoNivel/(3618:3618): Modifico posicion personaje: @ en posicion (4,15)
[INFO] 14:28:37:197 ProcesoNivel/(3618:3618): Movi el personaje: @ a la posicion:(4,15)
[INFO] 14:28:37:198 ProcesoNivel/(3618:3618): ----------------------------------------------
[INFO] 14:28:37:198 ProcesoNivel/(3618:3618): Esperando Mensaje
[INFO] 14:28:37:401 ProcesoNivel/(3618:3618): Recibi REQUEST_MOVIMIENTO
[INFO] 14:28:37:401 ProcesoNivel/(3618:3618): Modifico posicion personaje: @ en posicion (4,16)
[INFO] 14:28:37:401 ProcesoNivel/(3618:3618): Movi el personaje: @ a la posicion:(4,16)
[INFO] 14:28:37:401 ProcesoNivel/(3618:3618): ----------------------------------------------
[INFO] 14:28:37:401 ProcesoNivel/(3618:3618): Esperando Mensaje
[INFO] 14:28:37:402 ProcesoNivel/(3618:3618): Recibi REQUEST_MOVIMIENTO
[INFO] 14:28:37:402 ProcesoNivel/(3618:3618): Modifico posicion personaje: @ en posicion (4,17)
[INFO] 14:28:37:402 ProcesoNivel/(3618:3618): Movi el personaje: @ a la posicion:(4,17)
[INFO] 14:28:37:402 ProcesoNivel/(3618:3618): ----------------------------------------------
[INFO] 14:28:37:402 ProcesoNivel/(3618:3618): Esperando Mensaje
[INFO] 14:28:37:403 ProcesoNivel/(3618:3618): Recibi REQUEST_MOVIMIENTO
[INFO] 14:28:37:403 ProcesoNivel/(3618:3618): Modifico posicion personaje: @ en posicion (4,18)
[INFO] 14:28:37:403 ProcesoNivel/(3618:3618): Movi el personaje: @ a la posicion:(4,18)
[INFO] 14:28:37:403 ProcesoNivel/(3618:3618): ----------------------------------------------
[INFO] 14:28:37:403 ProcesoNivel/(3618:3618): Esperando Mensaje
[INFO] 14:28:37:604 ProcesoNivel/(3618:3618): Recibi REQUEST_MOVIMIENTO
[INFO] 14:28:37:605 ProcesoNivel/(3618:3618): Modifico posicion personaje: @ en posicion (4,19)
[INFO] 14:28:37:605 ProcesoNivel/(3618:3618): Movi el personaje: @ a la posicion:(4,19)
[INFO] 14:28:37:605 ProcesoNivel/(3618:3618): ----------------------------------------------
[INFO] 14:28:37:605 ProcesoNivel/(3618:3618): Esperando Mensaje
[INFO] 14:28:37:606 ProcesoNivel/(3618:3618): Recibi REQUEST_MOVIMIENTO
[INFO] 14:28:37:606 ProcesoNivel/(3618:3618): Modifico posicion personaje: @ en posicion (4,20)
[INFO] 14:28:37:606 ProcesoNivel/(3618:3618): Movi el personaje: @ a la posicion:(4,20)
[INFO] 14:28:37:606 ProcesoNivel/(3618:3618): ----------------------------------------------
[INFO] 14:28:37:606 ProcesoNivel/(3618:3618): Esperando Mensaje
[INFO] 14:28:37:606 ProcesoNivel/(3618:3618): Recibi REQUEST_RECURSO
[INFO] 14:28:37:606 ProcesoNivel/(3618:3618): El personaje: @ me pidio el recurso:H
[INFO] 14:28:37:606 ProcesoNivel/(3618:3618): La posicion del personaje: @ es:(4,20) y la posicion del recurso: H es:(4,20) y su cantidad: 1
[INFO] 14:28:37:606 ProcesoNivel/(3618:3618): El personaje puede tomar el recurso
[INFO] 14:28:37:606 ProcesoNivel/(3618:3618): El personaje:@ pudo obtener el recurso:H
[INFO] 14:28:37:606 ProcesoNivel/(3618:3618): Resto el recurso: H de ListaItems
[INFO] 14:28:37:607 ProcesoNivel/(3618:3618): Se agrega recurso: H al personaje: @
[INFO] 14:28:37:608 ProcesoNivel/(3618:3618): ----------------------------------------------
[INFO] 14:28:37:608 ProcesoNivel/(3618:3618): Esperando Mensaje
[INFO] 14:28:37:608 ProcesoNivel/(3618:3618): Recibi REQUEST_POS_RECURSO
[INFO] 14:28:37:608 ProcesoNivel/(3618:3618): El recurso pedido es: F
[INFO] 14:28:37:608 ProcesoNivel/(3618:3618): Mando la posicion del recurso F: (2,5)
[INFO] 14:28:37:608 ProcesoNivel/(3618:3618): Mande la posicion del recurso: F al personaje: @
[INFO] 14:28:37:608 ProcesoNivel/(3618:3618): ----------------------------------------------
[INFO] 14:28:37:608 ProcesoNivel/(3618:3618): Esperando Mensaje
[INFO] 14:28:37:609 ProcesoNivel/(3618:3618): Recibi REQUEST_MOVIMIENTO
[INFO] 14:28:37:609 ProcesoNivel/(3618:3618): Modifico posicion personaje: @ en posicion (3,20)
[INFO] 14:28:37:609 ProcesoNivel/(3618:3618): Movi el personaje: @ a la posicion:(3,20)
[INFO] 14:28:37:609 ProcesoNivel/(3618:3618): ----------------------------------------------
[INFO] 14:28:37:609 ProcesoNivel/(3618:3618): Esperando Mensaje
[INFO] 14:28:37:811 ProcesoNivel/(3618:3618): Recibi REQUEST_MOVIMIENTO
[INFO] 14:28:37:811 ProcesoNivel/(3618:3618): Modifico posicion personaje: @ en posicion (2,20)
[INFO] 14:28:37:811 ProcesoNivel/(3618:3618): Movi el personaje: @ a la posicion:(2,20)
[INFO] 14:28:37:811 ProcesoNivel/(3618:3618): ----------------------------------------------
[INFO] 14:28:37:811 ProcesoNivel/(3618:3618): Esperando Mensaje
[INFO] 14:28:37:811 ProcesoNivel/(3618:3618): Recibi REQUEST_MOVIMIENTO
[INFO] 14:28:37:812 ProcesoNivel/(3618:3618): Modifico posicion personaje: @ en posicion (2,19)
[INFO] 14:28:37:812 ProcesoNivel/(3618:3618): Movi el personaje: @ a la posicion:(2,19)
[INFO] 14:28:37:812 ProcesoNivel/(3618:3618): ----------------------------------------------
[INFO] 14:28:37:812 ProcesoNivel/(3618:3618): Esperando Mensaje
[INFO] 14:28:37:812 ProcesoNivel/(3618:3618): Recibi REQUEST_MOVIMIENTO
[INFO] 14:28:37:812 ProcesoNivel/(3618:3618): Modifico posicion personaje: @ en posicion (2,18)
[INFO] 14:28:37:812 ProcesoNivel/(3618:3618): Movi el personaje: @ a la posicion:(2,18)
[INFO] 14:28:37:812 ProcesoNivel/(3618:3618): ----------------------------------------------
[INFO] 14:28:37:812 ProcesoNivel/(3618:3618): Esperando Mensaje
[INFO] 14:28:38:13 ProcesoNivel/(3618:3618): Recibi REQUEST_MOVIMIENTO
[INFO] 14:28:38:13 ProcesoNivel/(3618:3618): Modifico posicion personaje: @ en posicion (2,17)
[INFO] 14:28:38:13 ProcesoNivel/(3618:3618): Movi el personaje: @ a la posicion:(2,17)
[INFO] 14:28:38:13 ProcesoNivel/(3618:3618): ----------------------------------------------
[INFO] 14:28:38:13 ProcesoNivel/(3618:3618): Esperando Mensaje
[INFO] 14:28:38:14 ProcesoNivel/(3618:3618): Recibi REQUEST_MOVIMIENTO
[INFO] 14:28:38:15 ProcesoNivel/(3618:3618): Modifico posicion personaje: @ en posicion (2,16)
[INFO] 14:28:38:15 ProcesoNivel/(3618:3618): Movi el personaje: @ a la posicion:(2,16)
[INFO] 14:28:38:15 ProcesoNivel/(3618:3618): ----------------------------------------------
[INFO] 14:28:38:15 ProcesoNivel/(3618:3618): Esperando Mensaje
[INFO] 14:28:38:15 ProcesoNivel/(3618:3618): Recibi REQUEST_MOVIMIENTO
[INFO] 14:28:38:16 ProcesoNivel/(3618:3618): Modifico posicion personaje: @ en posicion (2,15)
[INFO] 14:28:38:16 ProcesoNivel/(3618:3618): Movi el personaje: @ a la posicion:(2,15)
[INFO] 14:28:38:16 ProcesoNivel/(3618:3618): ----------------------------------------------
[INFO] 14:28:38:16 ProcesoNivel/(3618:3618): Esperando Mensaje
[INFO] 14:28:38:218 ProcesoNivel/(3618:3618): Recibi REQUEST_MOVIMIENTO
[INFO] 14:28:38:219 ProcesoNivel/(3618:3618): Modifico posicion personaje: @ en posicion (2,14)
[INFO] 14:28:38:219 ProcesoNivel/(3618:3618): Movi el personaje: @ a la posicion:(2,14)
[INFO] 14:28:38:219 ProcesoNivel/(3618:3618): ----------------------------------------------
[INFO] 14:28:38:219 ProcesoNivel/(3618:3618): Esperando Mensaje
[INFO] 14:28:38:220 ProcesoNivel/(3618:3618): Recibi REQUEST_MOVIMIENTO
[INFO] 14:28:38:220 ProcesoNivel/(3618:3618): Modifico posicion personaje: @ en posicion (2,13)
[INFO] 14:28:38:220 ProcesoNivel/(3618:3618): Movi el personaje: @ a la posicion:(2,13)
[INFO] 14:28:38:220 ProcesoNivel/(3618:3618): ----------------------------------------------
[INFO] 14:28:38:220 ProcesoNivel/(3618:3618): Esperando Mensaje
[INFO] 14:28:38:220 ProcesoNivel/(3618:3618): Recibi REQUEST_MOVIMIENTO
[INFO] 14:28:38:220 ProcesoNivel/(3618:3618): Modifico posicion personaje: @ en posicion (2,12)
[INFO] 14:28:38:220 ProcesoNivel/(3618:3618): Movi el personaje: @ a la posicion:(2,12)
[INFO] 14:28:38:220 ProcesoNivel/(3618:3618): ----------------------------------------------
[INFO] 14:28:38:220 ProcesoNivel/(3618:3618): Esperando Mensaje
[INFO] 14:28:38:422 ProcesoNivel/(3618:3618): Recibi REQUEST_MOVIMIENTO
[INFO] 14:28:38:423 ProcesoNivel/(3618:3618): Modifico posicion personaje: @ en posicion (2,11)
[INFO] 14:28:38:423 ProcesoNivel/(3618:3618): Movi el personaje: @ a la posicion:(2,11)
[INFO] 14:28:38:423 ProcesoNivel/(3618:3618): ----------------------------------------------
[INFO] 14:28:38:423 ProcesoNivel/(3618:3618): Esperando Mensaje
[INFO] 14:28:38:423 ProcesoNivel/(3618:3618): Recibi REQUEST_MOVIMIENTO
[INFO] 14:28:38:424 ProcesoNivel/(3618:3618): Modifico posicion personaje: @ en posicion (2,10)
[INFO] 14:28:38:424 ProcesoNivel/(3618:3618): Movi el personaje: @ a la posicion:(2,10)
[INFO] 14:28:38:424 ProcesoNivel/(3618:3618): ----------------------------------------------
[INFO] 14:28:38:424 ProcesoNivel/(3618:3618): Esperando Mensaje
[INFO] 14:28:38:424 ProcesoNivel/(3618:3618): Recibi REQUEST_MOVIMIENTO
[INFO] 14:28:38:425 ProcesoNivel/(3618:3618): Modifico posicion personaje: @ en posicion (2,9)
[INFO] 14:28:38:425 ProcesoNivel/(3618:3618): Movi el personaje: @ a la posicion:(2,9)
[INFO] 14:28:38:425 ProcesoNivel/(3618:3618): ----------------------------------------------
[INFO] 14:28:38:425 ProcesoNivel/(3618:3618): Esperando Mensaje
[INFO] 14:28:38:626 ProcesoNivel/(3618:3618): Recibi REQUEST_MOVIMIENTO
[INFO] 14:28:38:626 ProcesoNivel/(3618:3618): Modifico posicion personaje: @ en posicion (2,8)
[INFO] 14:28:38:626 ProcesoNivel/(3618:3618): Movi el personaje: @ a la posicion:(2,8)
[INFO] 14:28:38:626 ProcesoNivel/(3618:3618): ----------------------------------------------
[INFO] 14:28:38:626 ProcesoNivel/(3618:3618): Esperando Mensaje
[INFO] 14:28:38:628 ProcesoNivel/(3618:3618): Recibi REQUEST_MOVIMIENTO
[INFO] 14:28:38:628 ProcesoNivel/(3618:3618): Modifico posicion personaje: @ en posicion (2,7)
[INFO] 14:28:38:628 ProcesoNivel/(3618:3618): Movi el personaje: @ a la posicion:(2,7)
[INFO] 14:28:38:628 ProcesoNivel/(3618:3618): ----------------------------------------------
[INFO] 14:28:38:628 ProcesoNivel/(3618:3618): Esperando Mensaje
[INFO] 14:28:38:629 ProcesoNivel/(3618:3618): Recibi REQUEST_MOVIMIENTO
[INFO] 14:28:38:629 ProcesoNivel/(3618:3618): Modifico posicion personaje: @ en posicion (2,6)
[INFO] 14:28:38:629 ProcesoNivel/(3618:3618): Movi el personaje: @ a la posicion:(2,6)
[INFO] 14:28:38:629 ProcesoNivel/(3618:3618): ----------------------------------------------
[INFO] 14:28:38:629 ProcesoNivel/(3618:3618): Esperando Mensaje
[INFO] 14:28:38:830 ProcesoNivel/(3618:3618): Recibi REQUEST_MOVIMIENTO
[INFO] 14:28:38:830 ProcesoNivel/(3618:3618): Modifico posicion personaje: @ en posicion (2,5)
[INFO] 14:28:38:830 ProcesoNivel/(3618:3618): Movi el personaje: @ a la posicion:(2,5)
[INFO] 14:28:38:831 ProcesoNivel/(3618:3618): ----------------------------------------------
[INFO] 14:28:38:831 ProcesoNivel/(3618:3618): Esperando Mensaje
[INFO] 14:28:38:831 ProcesoNivel/(3618:3618): Recibi REQUEST_RECURSO
[INFO] 14:28:38:831 ProcesoNivel/(3618:3618): El personaje: @ me pidio el recurso:F
[INFO] 14:28:38:831 ProcesoNivel/(3618:3618): La posicion del personaje: @ es:(2,5) y la posicion del recurso: F es:(2,5) y su cantidad: 2
[INFO] 14:28:38:831 ProcesoNivel/(3618:3618): El personaje puede tomar el recurso
[INFO] 14:28:38:831 ProcesoNivel/(3618:3618): El personaje:@ pudo obtener el recurso:F
[INFO] 14:28:38:831 ProcesoNivel/(3618:3618): Resto el recurso: F de ListaItems
[INFO] 14:28:38:831 ProcesoNivel/(3618:3618): Se agrega recurso: F al personaje: @
[INFO] 14:28:38:831 ProcesoNivel/(3618:3618): ----------------------------------------------
[INFO] 14:28:38:831 ProcesoNivel/(3618:3618): Esperando Mensaje
[INFO] 14:28:38:832 ProcesoNivel/(3618:3618): Recibi REQUEST_POS_RECURSO
[INFO] 14:28:38:832 ProcesoNivel/(3618:3618): El recurso pedido es: M
[INFO] 14:28:38:832 ProcesoNivel/(3618:3618): Mando la posicion del recurso M: (15,8)
[INFO] 14:28:38:832 ProcesoNivel/(3618:3618): Mande la posicion del recurso: M al personaje: @
[INFO] 14:28:38:833 ProcesoNivel/(3618:3618): ----------------------------------------------
[INFO] 14:28:38:833 ProcesoNivel/(3618:3618): Esperando Mensaje
[INFO] 14:28:38:833 ProcesoNivel/(3618:3618): Recibi REQUEST_MOVIMIENTO
[INFO] 14:28:38:833 ProcesoNivel/(3618:3618): Modifico posicion personaje: @ en posicion (3,5)
[INFO] 14:28:38:833 ProcesoNivel/(3618:3618): Movi el personaje: @ a la posicion:(3,5)
[INFO] 14:28:38:833 ProcesoNivel/(3618:3618): ----------------------------------------------
[INFO] 14:28:38:833 ProcesoNivel/(3618:3618): Esperando Mensaje
[INFO] 14:28:38:870 ProcesoNivel/(3618:3618): Recibi REQUEST_MOVIMIENTO
[INFO] 14:28:38:870 ProcesoNivel/(3618:3618): Modifico posicion personaje: @ en posicion (4,5)
[INFO] 14:28:38:870 ProcesoNivel/(3618:3618): Movi el personaje: @ a la posicion:(4,5)
[INFO] 14:28:38:870 ProcesoNivel/(3618:3618): ----------------------------------------------
[INFO] 14:28:38:870 ProcesoNivel/(3618:3618): Esperando Mensaje
[INFO] 14:28:39:36 ProcesoNivel/(3618:3618): Recibi REQUEST_MOVIMIENTO
[INFO] 14:28:39:36 ProcesoNivel/(3618:3618): Modifico posicion personaje: @ en posicion (5,5)
[INFO] 14:28:39:36 ProcesoNivel/(3618:3618): Movi el personaje: @ a la posicion:(5,5)
[INFO] 14:28:39:36 ProcesoNivel/(3618:3618): ----------------------------------------------
[INFO] 14:28:39:36 ProcesoNivel/(3618:3618): Esperando Mensaje
[INFO] 14:28:39:38 ProcesoNivel/(3618:3618): Recibi REQUEST_MOVIMIENTO
[INFO] 14:28:39:38 ProcesoNivel/(3618:3618): Modifico posicion personaje: @ en posicion (6,5)
[INFO] 14:28:39:38 ProcesoNivel/(3618:3618): Movi el personaje: @ a la posicion:(6,5)
[INFO] 14:28:39:39 ProcesoNivel/(3618:3618): ----------------------------------------------
[INFO] 14:28:39:39 ProcesoNivel/(3618:3618): Esperando Mensaje
[INFO] 14:28:39:40 ProcesoNivel/(3618:3618): Recibi REQUEST_MOVIMIENTO
[INFO] 14:28:39:40 ProcesoNivel/(3618:3618): Modifico posicion personaje: @ en posicion (7,5)
[INFO] 14:28:39:40 ProcesoNivel/(3618:3618): Movi el personaje: @ a la posicion:(7,5)
[INFO] 14:28:39:40 ProcesoNivel/(3618:3618): ----------------------------------------------
[INFO] 14:28:39:40 ProcesoNivel/(3618:3618): Esperando Mensaje
[INFO] 14:28:39:243 ProcesoNivel/(3618:3618): Recibi REQUEST_MOVIMIENTO
[INFO] 14:28:39:243 ProcesoNivel/(3618:3618): Modifico posicion personaje: @ en posicion (8,5)
[INFO] 14:28:39:243 ProcesoNivel/(3618:3618): Movi el personaje: @ a la posicion:(8,5)
[INFO] 14:28:39:243 ProcesoNivel/(3618:3618): ----------------------------------------------
[INFO] 14:28:39:243 ProcesoNivel/(3618:3618): Esperando Mensaje
[INFO] 14:28:39:244 ProcesoNivel/(3618:3618): Recibi REQUEST_MOVIMIENTO
[INFO] 14:28:39:244 ProcesoNivel/(3618:3618): Modifico posicion personaje: @ en posicion (9,5)
[INFO] 14:28:39:244 ProcesoNivel/(3618:3618): Movi el personaje: @ a la posicion:(9,5)
[INFO] 14:28:39:244 ProcesoNivel/(3618:3618): ----------------------------------------------
[INFO] 14:28:39:244 ProcesoNivel/(3618:3618): Esperando Mensaje
[INFO] 14:28:39:245 ProcesoNivel/(3618:3618): Recibi REQUEST_MOVIMIENTO
[INFO] 14:28:39:245 ProcesoNivel/(3618:3618): Modifico posicion personaje: @ en posicion (10,5)
[INFO] 14:28:39:245 ProcesoNivel/(3618:3618): Movi el personaje: @ a la posicion:(10,5)
[INFO] 14:28:39:245 ProcesoNivel/(3618:3618): ----------------------------------------------
[INFO] 14:28:39:245 ProcesoNivel/(3618:3618): Esperando Mensaje
[INFO] 14:28:39:447 ProcesoNivel/(3618:3618): Recibi REQUEST_MOVIMIENTO
[INFO] 14:28:39:447 ProcesoNivel/(3618:3618): Modifico posicion personaje: @ en posicion (11,5)
[INFO] 14:28:39:447 ProcesoNivel/(3618:3618): Movi el personaje: @ a la posicion:(11,5)
[INFO] 14:28:39:447 ProcesoNivel/(3618:3618): ----------------------------------------------
[INFO] 14:28:39:447 ProcesoNivel/(3618:3618): Esperando Mensaje
[INFO] 14:28:39:448 ProcesoNivel/(3618:3618): Recibi REQUEST_MOVIMIENTO
[INFO] 14:28:39:448 ProcesoNivel/(3618:3618): Modifico posicion personaje: @ en posicion (12,5)
[INFO] 14:28:39:448 ProcesoNivel/(3618:3618): Movi el personaje: @ a la posicion:(12,5)
[INFO] 14:28:39:448 ProcesoNivel/(3618:3618): ----------------------------------------------
[INFO] 14:28:39:448 ProcesoNivel/(3618:3618): Esperando Mensaje
[INFO] 14:28:39:449 ProcesoNivel/(3618:3618): Recibi REQUEST_MOVIMIENTO
[INFO] 14:28:39:450 ProcesoNivel/(3618:3618): Modifico posicion personaje: @ en posicion (13,5)
[INFO] 14:28:39:450 ProcesoNivel/(3618:3618): Movi el personaje: @ a la posicion:(13,5)
[INFO] 14:28:39:450 ProcesoNivel/(3618:3618): ----------------------------------------------
[INFO] 14:28:39:450 ProcesoNivel/(3618:3618): Esperando Mensaje
[INFO] 14:28:39:651 ProcesoNivel/(3618:3618): Recibi REQUEST_MOVIMIENTO
[INFO] 14:28:39:652 ProcesoNivel/(3618:3618): Modifico posicion personaje: @ en posicion (14,5)
[INFO] 14:28:39:652 ProcesoNivel/(3618:3618): Movi el personaje: @ a la posicion:(14,5)
[INFO] 14:28:39:652 ProcesoNivel/(3618:3618): ----------------------------------------------
[INFO] 14:28:39:652 ProcesoNivel/(3618:3618): Esperando Mensaje
[INFO] 14:28:39:653 ProcesoNivel/(3618:3618): Recibi REQUEST_MOVIMIENTO
[INFO] 14:28:39:653 ProcesoNivel/(3618:3618): Modifico posicion personaje: @ en posicion (15,5)
[INFO] 14:28:39:653 ProcesoNivel/(3618:3618): Movi el personaje: @ a la posicion:(15,5)
[INFO] 14:28:39:653 ProcesoNivel/(3618:3618): ----------------------------------------------
[INFO] 14:28:39:653 ProcesoNivel/(3618:3618): Esperando Mensaje
[INFO] 14:28:39:653 ProcesoNivel/(3618:3618): Recibi REQUEST_MOVIMIENTO
[INFO] 14:28:39:654 ProcesoNivel/(3618:3618): Modifico posicion personaje: @ en posicion (15,6)
[INFO] 14:28:39:654 ProcesoNivel/(3618:3618): Movi el personaje: @ a la posicion:(15,6)
[INFO] 14:28:39:654 ProcesoNivel/(3618:3618): ----------------------------------------------
[INFO] 14:28:39:654 ProcesoNivel/(3618:3618): Esperando Mensaje
[INFO] 14:28:39:855 ProcesoNivel/(3618:3618): Recibi REQUEST_MOVIMIENTO
[INFO] 14:28:39:856 ProcesoNivel/(3618:3618): Modifico posicion personaje: @ en posicion (15,7)
[INFO] 14:28:39:856 ProcesoNivel/(3618:3618): Movi el personaje: @ a la posicion:(15,7)
[INFO] 14:28:39:856 ProcesoNivel/(3618:3618): ----------------------------------------------
[INFO] 14:28:39:856 ProcesoNivel/(3618:3618): Esperando Mensaje
[INFO] 14:28:39:856 ProcesoNivel/(3618:3618): Recibi REQUEST_MOVIMIENTO
[INFO] 14:28:39:856 ProcesoNivel/(3618:3618): Modifico posicion personaje: @ en posicion (15,8)
[INFO] 14:28:39:856 ProcesoNivel/(3618:3618): Movi el personaje: @ a la posicion:(15,8)
[INFO] 14:28:39:856 ProcesoNivel/(3618:3618): ----------------------------------------------
[INFO] 14:28:39:856 ProcesoNivel/(3618:3618): Esperando Mensaje
[INFO] 14:28:39:857 ProcesoNivel/(3618:3618): Recibi REQUEST_RECURSO
[INFO] 14:28:39:857 ProcesoNivel/(3618:3618): El personaje: @ me pidio el recurso:M
[INFO] 14:28:39:857 ProcesoNivel/(3618:3618): La posicion del personaje: @ es:(15,8) y la posicion del recurso: M es:(15,8) y su cantidad: 3
[INFO] 14:28:39:857 ProcesoNivel/(3618:3618): El personaje puede tomar el recurso
[INFO] 14:28:39:857 ProcesoNivel/(3618:3618): El personaje:@ pudo obtener el recurso:M
[INFO] 14:28:39:857 ProcesoNivel/(3618:3618): Resto el recurso: M de ListaItems
[INFO] 14:28:39:857 ProcesoNivel/(3618:3618): El recurso: M se agrega al personaje: @
[INFO] 14:28:39:857 ProcesoNivel/(3618:3618): El recurso: M tiene: 2 recursos
[INFO] 14:28:39:857 ProcesoNivel/(3618:3618): Se agrega recurso: M al personaje: @
[INFO] 14:28:39:857 ProcesoNivel/(3618:3618): ----------------------------------------------
[INFO] 14:28:39:857 ProcesoNivel/(3618:3618): Esperando Mensaje
[INFO] 14:28:39:859 ProcesoNivel/(3618:3618): Recibi REQUEST_POS_RECURSO
[INFO] 14:28:39:859 ProcesoNivel/(3618:3618): El recurso pedido es: F
[INFO] 14:28:39:859 ProcesoNivel/(3618:3618): Mando la posicion del recurso F: (2,5)
[INFO] 14:28:39:859 ProcesoNivel/(3618:3618): Mande la posicion del recurso: F al personaje: @
[INFO] 14:28:39:859 ProcesoNivel/(3618:3618): ----------------------------------------------
[INFO] 14:28:39:859 ProcesoNivel/(3618:3618): Esperando Mensaje
[INFO] 14:28:39:859 ProcesoNivel/(3618:3618): Recibi REQUEST_MOVIMIENTO
[INFO] 14:28:39:860 ProcesoNivel/(3618:3618): Modifico posicion personaje: @ en posicion (14,8)
[INFO] 14:28:39:860 ProcesoNivel/(3618:3618): Movi el personaje: @ a la posicion:(14,8)
[INFO] 14:28:39:860 ProcesoNivel/(3618:3618): ----------------------------------------------
[INFO] 14:28:39:860 ProcesoNivel/(3618:3618): Esperando Mensaje
[INFO] 14:28:40:61 ProcesoNivel/(3618:3618): Recibi REQUEST_MOVIMIENTO
[INFO] 14:28:40:62 ProcesoNivel/(3618:3618): Modifico posicion personaje: @ en posicion (13,8)
[INFO] 14:28:40:62 ProcesoNivel/(3618:3618): Movi el personaje: @ a la posicion:(13,8)
[INFO] 14:28:40:62 ProcesoNivel/(3618:3618): ----------------------------------------------
[INFO] 14:28:40:62 ProcesoNivel/(3618:3618): Esperando Mensaje
[INFO] 14:28:40:62 ProcesoNivel/(3618:3618): Recibi REQUEST_MOVIMIENTO
[INFO] 14:28:40:62 ProcesoNivel/(3618:3618): Modifico posicion personaje: @ en posicion (12,8)
[INFO] 14:28:40:62 ProcesoNivel/(3618:3618): Movi el personaje: @ a la posicion:(12,8)
[INFO] 14:28:40:62 ProcesoNivel/(3618:3618): ----------------------------------------------
[INFO] 14:28:40:62 ProcesoNivel/(3618:3618): Esperando Mensaje
[INFO] 14:28:40:63 ProcesoNivel/(3618:3618): Recibi REQUEST_MOVIMIENTO
[INFO] 14:28:40:63 ProcesoNivel/(3618:3618): Modifico posicion personaje: @ en posicion (11,8)
[INFO] 14:28:40:63 ProcesoNivel/(3618:3618): Movi el personaje: @ a la posicion:(11,8)
[INFO] 14:28:40:64 ProcesoNivel/(3618:3618): ----------------------------------------------
[INFO] 14:28:40:64 ProcesoNivel/(3618:3618): Esperando Mensaje
[INFO] 14:28:40:265 ProcesoNivel/(3618:3618): Recibi REQUEST_MOVIMIENTO
[INFO] 14:28:40:265 ProcesoNivel/(3618:3618): Modifico posicion personaje: @ en posicion (10,8)
[INFO] 14:28:40:265 ProcesoNivel/(3618:3618): Movi el personaje: @ a la posicion:(10,8)
[INFO] 14:28:40:265 ProcesoNivel/(3618:3618): ----------------------------------------------
[INFO] 14:28:40:265 ProcesoNivel/(3618:3618): Esperando Mensaje
[INFO] 14:28:40:265 ProcesoNivel/(3618:3618): Recibi REQUEST_MOVIMIENTO
[INFO] 14:28:40:266 ProcesoNivel/(3618:3618): Modifico posicion personaje: @ en posicion (9,8)
[INFO] 14:28:40:266 ProcesoNivel/(3618:3618): Movi el personaje: @ a la posicion:(9,8)
[INFO] 14:28:40:266 ProcesoNivel/(3618:3618): ----------------------------------------------
[INFO] 14:28:40:266 ProcesoNivel/(3618:3618): Esperando Mensaje
[INFO] 14:28:40:266 ProcesoNivel/(3618:3618): Recibi REQUEST_MOVIMIENTO
[INFO] 14:28:40:267 ProcesoNivel/(3618:3618): Modifico posicion personaje: @ en posicion (8,8)
[INFO] 14:28:40:267 ProcesoNivel/(3618:3618): Movi el personaje: @ a la posicion:(8,8)
[INFO] 14:28:40:267 ProcesoNivel/(3618:3618): ----------------------------------------------
[INFO] 14:28:40:267 ProcesoNivel/(3618:3618): Esperando Mensaje
[INFO] 14:28:40:469 ProcesoNivel/(3618:3618): Recibi REQUEST_MOVIMIENTO
[INFO] 14:28:40:469 ProcesoNivel/(3618:3618): Modifico posicion personaje: @ en posicion (7,8)
[INFO] 14:28:40:469 ProcesoNivel/(3618:3618): Movi el personaje: @ a la posicion:(7,8)
[INFO] 14:28:40:469 ProcesoNivel/(3618:3618): ----------------------------------------------
[INFO] 14:28:40:469 ProcesoNivel/(3618:3618): Esperando Mensaje
[INFO] 14:28:40:470 ProcesoNivel/(3618:3618): Recibi REQUEST_MOVIMIENTO
[INFO] 14:28:40:470 ProcesoNivel/(3618:3618): Modifico posicion personaje: @ en posicion (6,8)
[INFO] 14:28:40:470 ProcesoNivel/(3618:3618): Movi el personaje: @ a la posicion:(6,8)
[INFO] 14:28:40:470 ProcesoNivel/(3618:3618): ----------------------------------------------
[INFO] 14:28:40:470 ProcesoNivel/(3618:3618): Esperando Mensaje
[INFO] 14:28:40:470 ProcesoNivel/(3618:3618): Recibi REQUEST_MOVIMIENTO
[INFO] 14:28:40:471 ProcesoNivel/(3618:3618): Modifico posicion personaje: @ en posicion (5,8)
[INFO] 14:28:40:471 ProcesoNivel/(3618:3618): Movi el personaje: @ a la posicion:(5,8)
[INFO] 14:28:40:471 ProcesoNivel/(3618:3618): ----------------------------------------------
[INFO] 14:28:40:471 ProcesoNivel/(3618:3618): Esperando Mensaje
[INFO] 14:28:40:673 ProcesoNivel/(3618:3618): Recibi REQUEST_MOVIMIENTO
[INFO] 14:28:40:674 ProcesoNivel/(3618:3618): Modifico posicion personaje: @ en posicion (4,8)
[INFO] 14:28:40:674 ProcesoNivel/(3618:3618): Movi el personaje: @ a la posicion:(4,8)
[INFO] 14:28:40:674 ProcesoNivel/(3618:3618): ----------------------------------------------
[INFO] 14:28:40:674 ProcesoNivel/(3618:3618): Esperando Mensaje
[INFO] 14:28:40:674 ProcesoNivel/(3618:3618): Recibi REQUEST_MOVIMIENTO
[INFO] 14:28:40:675 ProcesoNivel/(3618:3618): Modifico posicion personaje: @ en posicion (3,8)
[INFO] 14:28:40:675 ProcesoNivel/(3618:3618): Movi el personaje: @ a la posicion:(3,8)
[INFO] 14:28:40:675 ProcesoNivel/(3618:3618): ----------------------------------------------
[INFO] 14:28:40:675 ProcesoNivel/(3618:3618): Esperando Mensaje
[INFO] 14:28:40:675 ProcesoNivel/(3618:3618): Recibi REQUEST_MOVIMIENTO
[INFO] 14:28:40:676 ProcesoNivel/(3618:3618): Modifico posicion personaje: @ en posicion (2,8)
[INFO] 14:28:40:676 ProcesoNivel/(3618:3618): Movi el personaje: @ a la posicion:(2,8)
[INFO] 14:28:40:676 ProcesoNivel/(3618:3618): ----------------------------------------------
[INFO] 14:28:40:676 ProcesoNivel/(3618:3618): Esperando Mensaje
[INFO] 14:28:40:878 ProcesoNivel/(3618:3618): Recibi REQUEST_MOVIMIENTO
[INFO] 14:28:40:878 ProcesoNivel/(3618:3618): Modifico posicion personaje: @ en posicion (2,7)
[INFO] 14:28:40:878 ProcesoNivel/(3618:3618): Movi el personaje: @ a la posicion:(2,7)
[INFO] 14:28:40:878 ProcesoNivel/(3618:3618): ----------------------------------------------
[INFO] 14:28:40:878 ProcesoNivel/(3618:3618): Esperando Mensaje
[INFO] 14:28:40:879 ProcesoNivel/(3618:3618): Recibi REQUEST_MOVIMIENTO
[INFO] 14:28:40:879 ProcesoNivel/(3618:3618): Modifico posicion personaje: @ en posicion (2,6)
[INFO] 14:28:40:879 ProcesoNivel/(3618:3618): Movi el personaje: @ a la posicion:(2,6)
[INFO] 14:28:40:879 ProcesoNivel/(3618:3618): ----------------------------------------------
[INFO] 14:28:40:879 ProcesoNivel/(3618:3618): Esperando Mensaje
[INFO] 14:28:40:879 ProcesoNivel/(3618:3618): Recibi REQUEST_MOVIMIENTO
[INFO] 14:28:40:879 ProcesoNivel/(3618:3618): Modifico posicion personaje: @ en posicion (2,5)
[INFO] 14:28:40:879 ProcesoNivel/(3618:3618): Movi el personaje: @ a la posicion:(2,5)
[INFO] 14:28:40:879 ProcesoNivel/(3618:3618): ----------------------------------------------
[INFO] 14:28:40:880 ProcesoNivel/(3618:3618): Esperando Mensaje
[INFO] 14:28:40:880 ProcesoNivel/(3618:3618): Recibi REQUEST_RECURSO
[INFO] 14:28:40:880 ProcesoNivel/(3618:3618): El personaje: @ me pidio el recurso:F
[INFO] 14:28:40:880 ProcesoNivel/(3618:3618): La posicion del personaje: @ es:(2,5) y la posicion del recurso: F es:(2,5) y su cantidad: 1
[INFO] 14:28:40:880 ProcesoNivel/(3618:3618): El personaje puede tomar el recurso
[INFO] 14:28:40:880 ProcesoNivel/(3618:3618): El personaje:@ pudo obtener el recurso:F
[INFO] 14:28:40:880 ProcesoNivel/(3618:3618): Resto el recurso: F de ListaItems
[INFO] 14:28:40:880 ProcesoNivel/(3618:3618): El recurso: F se agrega al personaje: @
[INFO] 14:28:40:880 ProcesoNivel/(3618:3618): El recurso: F tiene: 2 recursos
[INFO] 14:28:40:880 ProcesoNivel/(3618:3618): Se agrega recurso: F al personaje: @
[INFO] 14:28:40:880 ProcesoNivel/(3618:3618): ----------------------------------------------
[INFO] 14:28:40:880 ProcesoNivel/(3618:3618): Esperando Mensaje
[INFO] 14:28:40:880 ProcesoNivel/(3618:3618): Recibi TERMINE_NIVEL
[INFO] 14:28:40:880 ProcesoNivel/(3618:3618): El personaje: @ ha terminado el nivel
[INFO] 14:28:40:880 ProcesoNivel/(3618:3618): Tengo recursos a liberar por parte del personaje: @ 
[INFO] 14:28:40:881 ProcesoNivel/(3618:3618): Reasigno a ListaItems el recurso: F con la cant: 2
[INFO] 14:28:40:881 ProcesoNivel/(3618:3618): Reasigno a ListaItems el recurso: H con la cant: 1
[INFO] 14:28:40:881 ProcesoNivel/(3618:3618): Reasigno a ListaItems el recurso: M con la cant: 2
[INFO] 14:28:40:881 ProcesoNivel/(3618:3618): La cantidad del recurso: F que sera liberado es: 2
[INFO] 14:28:40:883 ProcesoNivel/(3618:3618): Mando mensaje al orquestador con los recursos que libero
[INFO] 14:28:40:883 ProcesoNivel/(3618:3618): La cantidad del recurso: H que sera liberado es: 1
[INFO] 14:28:40:883 ProcesoNivel/(3618:3618): Mando mensaje al orquestador con los recursos que libero
[INFO] 14:28:40:885 ProcesoNivel/(3618:3618): La cantidad del recurso: M que sera liberado es: 2
[INFO] 14:28:40:885 ProcesoNivel/(3618:3618): Mando mensaje al orquestador con los recursos que libero
