13:16:23 **** Incremental Build of configuration Debug for project Test Client-Server ****
make all 
make: No se hace nada para «all».
13:16:29 **** Incremental Build of configuration Debug for project Test Client-Server ****
make all 
make: No se hace nada para «all».
13:17:07 **** Incremental Build of configuration Debug for project Test Client-Server ****
make all 
make: No se hace nada para «all».
13:17:27 **** Incremental Build of configuration Debug for project CommonsLibrary ****
make all 
make: No se hace nada para «all».
13:17:28 **** Incremental Build of configuration Debug for project Test Client-Server ****
make all 
make: No se hace nada para «all».
13:17:32 **** Incremental Build of configuration Debug for project CommonsLibrary ****
make all 
make: No se hace nada para «all».
13:17:34 **** Incremental Build of configuration Debug for project CommonsLibrary ****
make all 
make: No se hace nada para «all».
13:17:35 **** Incremental Build of configuration Debug for project Test Client-Server ****
make all 
make: No se hace nada para «all».
13:18:15 **** Incremental Build of configuration Debug for project CommonsLibrary ****
make all 
make: No se hace nada para «all».
13:18:16 **** Incremental Build of configuration Debug for project Test Client-Server ****
make all 
make: No se hace nada para «all».
13:18:30 **** Incremental Build of configuration Debug for project CommonsLibrary ****
make all 
make: No se hace nada para «all».
13:18:31 **** Incremental Build of configuration Debug for project Test Client-Server ****
make all 
make: No se hace nada para «all».
13:18:51 **** Incremental Build of configuration Debug for project CommonsLibrary ****
make all 
make: No se hace nada para «all».
13:18:52 **** Incremental Build of configuration Debug for project Test Client-Server ****
make all 
Building file: ../src/Test Client-Server.c
Invoking: GCC C Compiler
gcc -I"/home/utnso/Escritorio/TP/tp-20131c-mario-killers/lib/commons" -O0 -g3 -Wall -c -fmessage-length=0 -MMD -MP -MF"src/Test Client-Server.d" -MT"src/Test\ Client-Server.d" -o "src/Test Client-Server.o" "../src/Test Client-Server.c"
Finished building: ../src/Test Client-Server.c
 
Building target: Test Client-Server
Invoking: GCC C Linker
gcc -L"/home/utnso/Escritorio/TP/tp-20131c-mario-killers/lib/commons/Debug" -o "Test Client-Server"  ./src/Test\ Client-Server.o   -lCommonsLibrary
Finished building target: Test Client-Server
 
13:19:02 **** Incremental Build of configuration Debug for project CommonsLibrary ****
make all 
make: No se hace nada para «all».
13:19:03 **** Incremental Build of configuration Debug for project Test Client-Server ****
make all 
make: No se hace nada para «all».
13:21:09 **** Incremental Build of configuration Debug for project CommonsLibrary ****
make all 
make: No se hace nada para «all».
13:21:10 **** Incremental Build of configuration Debug for project Test Client-Server ****
make all 
Building file: ../src/Test Client-Server.c
Invoking: GCC C Compiler
gcc -I"/home/utnso/Escritorio/TP/tp-20131c-mario-killers/lib/commons" -O0 -g3 -Wall -c -fmessage-length=0 -MMD -MP -MF"src/Test Client-Server.d" -MT"src/Test\ Client-Server.d" -o "src/Test Client-Server.o" "../src/Test Client-Server.c"
Finished building: ../src/Test Client-Server.c
 
Building target: Test Client-Server
Invoking: GCC C Linker
gcc -L"/home/utnso/Escritorio/TP/tp-20131c-mario-killers/lib/commons/Debug" -o "Test Client-Server"  ./src/Test\ Client-Server.o   -lCommonsLibrary
Finished building target: Test Client-Server
 
13:21:18 **** Incremental Build of configuration Debug for project CommonsLibrary ****
make all 
make: No se hace nada para «all».
13:21:20 **** Incremental Build of configuration Debug for project CommonsLibrary ****
make all 
make: No se hace nada para «all».
13:21:21 **** Incremental Build of configuration Debug for project Test Client-Server ****
make all 
make: No se hace nada para «all».
13:22:01 **** Incremental Build of configuration Debug for project CommonsLibrary ****
make all 
make: No se hace nada para «all».
13:22:02 **** Incremental Build of configuration Debug for project Test Client-Server ****
make all 
make: No se hace nada para «all».
13:26:29 **** Incremental Build of configuration Debug for project CommonsLibrary ****
make all 
make: No se hace nada para «all».
13:26:30 **** Incremental Build of configuration Debug for project Test Client-Server ****
make all 
make: No se hace nada para «all».
13:39:37 **** Incremental Build of configuration Debug for project CommonsLibrary ****
make all 
make: No se hace nada para «all».
13:39:38 **** Incremental Build of configuration Debug for project Test Client-Server ****
make all 
make: No se hace nada para «all».
13:42:13 **** Incremental Build of configuration Debug for project CommonsLibrary ****
make all 
make: No se hace nada para «all».
13:42:14 **** Incremental Build of configuration Debug for project Test Client-Server ****
make all 
make: No se hace nada para «all».
13:52:16 **** Incremental Build of configuration Debug for project CommonsLibrary ****
make all 
Building file: ../Connections/Client.c
Invoking: GCC C Compiler
gcc -O0 -g3 -Wall -c -fmessage-length=0 -fPIC -MMD -MP -MF"Connections/Client.d" -MT"Connections/Client.d" -o "Connections/Client.o" "../Connections/Client.c"
Finished building: ../Connections/Client.c
 
Building target: libCommonsLibrary.so
Invoking: GCC C Linker
gcc -shared -o "libCommonsLibrary.so"  ./collections/dictionary.o ./collections/list.o ./collections/queue.o ./collections/stack.o  ./Connections/Client.o ./Connections/Mensajes.o ./Connections/Server.o  ./bitarray.o ./config.o ./error.o ./log.o ./process.o ./string.o ./temporal.o ./txt.o   
Finished building target: libCommonsLibrary.so
 
13:52:21 **** Incremental Build of configuration Debug for project Test Client-Server ****
make all 
Building target: Test Client-Server
Invoking: GCC C Linker
gcc -L"/home/utnso/Escritorio/TP/tp-20131c-mario-killers/lib/commons/Debug" -o "Test Client-Server"  ./src/Test\ Client-Server.o   -lCommonsLibrary
Finished building target: Test Client-Server
 
13:52:31 **** Incremental Build of configuration Debug for project CommonsLibrary ****
make all 
make: No se hace nada para «all».
13:52:33 **** Incremental Build of configuration Debug for project Test Client-Server ****
make all 
make: No se hace nada para «all».
13:52:38 **** Incremental Build of configuration Debug for project CommonsLibrary ****
make all 
make: No se hace nada para «all».
13:52:39 **** Incremental Build of configuration Debug for project CommonsLibrary ****
make all 
make: No se hace nada para «all».
13:52:40 **** Incremental Build of configuration Debug for project Test Client-Server ****
make all 
make: No se hace nada para «all».
13:53:26 **** Incremental Build of configuration Debug for project CommonsLibrary ****
make all 
make: No se hace nada para «all».
13:53:27 **** Incremental Build of configuration Debug for project Test Client-Server ****
make all 
make: No se hace nada para «all».
14:04:44 **** Incremental Build of configuration Debug for project CommonsLibrary ****
make all 
Building file: ../Connections/Client.c
Invoking: GCC C Compiler
gcc -O0 -g3 -Wall -c -fmessage-length=0 -fPIC -MMD -MP -MF"Connections/Client.d" -MT"Connections/Client.d" -o "Connections/Client.o" "../Connections/Client.c"
Finished building: ../Connections/Client.c
 
Building file: ../Connections/Mensajes.c
Invoking: GCC C Compiler
gcc -O0 -g3 -Wall -c -fmessage-length=0 -fPIC -MMD -MP -MF"Connections/Mensajes.d" -MT"Connections/Mensajes.d" -o "Connections/Mensajes.o" "../Connections/Mensajes.c"
Finished building: ../Connections/Mensajes.c
 
Building file: ../Connections/Server.c
Invoking: GCC C Compiler
gcc -O0 -g3 -Wall -c -fmessage-length=0 -fPIC -MMD -MP -MF"Connections/Server.d" -MT"Connections/Server.d" -o "Connections/Server.o" "../Connections/Server.c"
Finished building: ../Connections/Server.c
 
Building target: libCommonsLibrary.so
Invoking: GCC C Linker
gcc -shared -o "libCommonsLibrary.so"  ./collections/dictionary.o ./collections/list.o ./collections/queue.o ./collections/stack.o  ./Connections/Client.o ./Connections/Mensajes.o ./Connections/Server.o  ./bitarray.o ./config.o ./error.o ./log.o ./process.o ./string.o ./temporal.o ./txt.o   
Finished building target: libCommonsLibrary.so
 
14:04:51 **** Incremental Build of configuration Debug for project Test Client-Server ****
make all 
Building target: Test Client-Server
Invoking: GCC C Linker
gcc -L"/home/utnso/Escritorio/TP/tp-20131c-mario-killers/lib/commons/Debug" -o "Test Client-Server"  ./src/Test\ Client-Server.o   -lCommonsLibrary
Finished building target: Test Client-Server
 
14:04:57 **** Incremental Build of configuration Debug for project CommonsLibrary ****
make all 
make: No se hace nada para «all».
14:04:59 **** Incremental Build of configuration Debug for project CommonsLibrary ****
make all 
make: No se hace nada para «all».
14:05:00 **** Incremental Build of configuration Debug for project Test Client-Server ****
make all 
make: No se hace nada para «all».
14:35:18 **** Incremental Build of configuration Debug for project CommonsLibrary ****
make all 
make: No se hace nada para «all».
14:35:19 **** Incremental Build of configuration Debug for project Test Client-Server ****
make all 
make: No se hace nada para «all».
14:35:50 **** Incremental Build of configuration Debug for project CommonsLibrary ****
make all 
make: No se hace nada para «all».
14:35:51 **** Incremental Build of configuration Debug for project Test Client-Server ****
make all 
make: No se hace nada para «all».
14:36:08 **** Incremental Build of configuration Debug for project CommonsLibrary ****
make all 
make: No se hace nada para «all».
14:36:09 **** Incremental Build of configuration Debug for project Test Client-Server ****
make all 
make: No se hace nada para «all».
14:36:26 **** Incremental Build of configuration Debug for project CommonsLibrary ****
make all 
make: No se hace nada para «all».
14:36:28 **** Incremental Build of configuration Debug for project Test Client-Server ****
make all 
make: No se hace nada para «all».
14:36:34 **** Incremental Build of configuration Debug for project CommonsLibrary ****
make all 
make: No se hace nada para «all».
14:36:35 **** Incremental Build of configuration Debug for project Test Client-Server ****
make all 
make: No se hace nada para «all».
14:36:50 **** Incremental Build of configuration Debug for project CommonsLibrary ****
make all 
make: No se hace nada para «all».
14:36:52 **** Incremental Build of configuration Debug for project Test Client-Server ****
make all 
make: No se hace nada para «all».
14:38:05 **** Incremental Build of configuration Debug for project CommonsLibrary ****
make all 
Building file: ../Connections/Mensajes.c
Invoking: GCC C Compiler
gcc -O0 -g3 -Wall -c -fmessage-length=0 -fPIC -MMD -MP -MF"Connections/Mensajes.d" -MT"Connections/Mensajes.d" -o "Connections/Mensajes.o" "../Connections/Mensajes.c"
Finished building: ../Connections/Mensajes.c
 
Building target: libCommonsLibrary.so
Invoking: GCC C Linker
gcc -shared -o "libCommonsLibrary.so"  ./collections/dictionary.o ./collections/list.o ./collections/queue.o ./collections/stack.o  ./Connections/Client.o ./Connections/Mensajes.o ./Connections/Server.o  ./bitarray.o ./config.o ./error.o ./log.o ./process.o ./string.o ./temporal.o ./txt.o   
Finished building target: libCommonsLibrary.so
 
14:38:12 **** Incremental Build of configuration Debug for project Test Client-Server ****
make all 
Building target: Test Client-Server
Invoking: GCC C Linker
gcc -L"/home/utnso/Escritorio/TP/tp-20131c-mario-killers/lib/commons/Debug" -o "Test Client-Server"  ./src/Test\ Client-Server.o   -lCommonsLibrary
Finished building target: Test Client-Server
 
14:38:18 **** Incremental Build of configuration Debug for project CommonsLibrary ****
make all 
make: No se hace nada para «all».
14:38:19 **** Incremental Build of configuration Debug for project Test Client-Server ****
make all 
make: No se hace nada para «all».
