12:28:49 **** Incremental Build of configuration Debug for project Proceso Plataforma ****
make all 
Building file: ../Proceso_Plataforma.c
Invoking: GCC C Compiler
gcc -I"/home/utnso/Escritorio/TP/tp-20131c-mario-killers/lib/commons" -O0 -g3 -Wall -c -fmessage-length=0 -MMD -MP -MF"Proceso_Plataforma.d" -MT"Proceso_Plataforma.d" -o "Proceso_Plataforma.o" "../Proceso_Plataforma.c"
In file included from ../Proceso_Plataforma.h:24:0,
                 from ../Proceso_Plataforma.c:2:
/home/utnso/Escritorio/TP/tp-20131c-mario-killers/lib/commons/Connections/EstructurasMensajes.h:30:1: aviso: no hay punto y coma al final del struct o union [activado por defecto]
In file included from ../Proceso_Plataforma.c:2:0:
../Proceso_Plataforma.h:45:1: error: nombre de tipo ‘Elemento_personaje’ desconocido
../Proceso_Plataforma.c:5:1: error: el elemento inicializador no es una constante
../Proceso_Plataforma.c:6:1: error: el elemento inicializador no es una constante
../Proceso_Plataforma.c:7:1: error: el elemento inicializador no es una constante
../Proceso_Plataforma.c:8:1: error: el elemento inicializador no es una constante
../Proceso_Plataforma.c:9:1: error: el elemento inicializador no es una constante
../Proceso_Plataforma.c:10:1: error: el elemento inicializador no es una constante
../Proceso_Plataforma.c: En la función ‘main’:
../Proceso_Plataforma.c:14:2: aviso: el paso del argumento 3 de ‘pthread_create’ crea un puntero desde un entero sin una conversión [activado por defecto]
In file included from ../Proceso_Plataforma.h:19:0,
                 from ../Proceso_Plataforma.c:2:
/usr/include/pthread.h:225:12: nota: se esperaba ‘void * (*)(void *)’ pero el argumento es de tipo ‘pthread_t’
../Proceso_Plataforma.c: En el nivel principal:
../Proceso_Plataforma.c:20:1: error: nombre de tipo ‘Elemento_personaje’ desconocido
../Proceso_Plataforma.c: En la función ‘personaje_crear’:
../Proceso_Plataforma.c:21:2: error: nombre de tipo ‘Elemento_personaje’ desconocido
../Proceso_Plataforma.c:21:48: error: ‘Elemento_personaje’ no se declaró aquí (primer uso en esta función)
../Proceso_Plataforma.c:21:48: nota: cada identificador sin declarar se reporta sólo una vez para cada función en el que aparece
../Proceso_Plataforma.c:22:2: aviso: declaración implícita de la función ‘strncpy’ [-Wimplicit-function-declaration]
../Proceso_Plataforma.c:22:2: aviso: declaración implícita incompatible de la función interna ‘strncpy’ [activado por defecto]
../Proceso_Plataforma.c:22:19: error: petición del miembro ‘nombre’ en algo que no es una estructura o unión
../Proceso_Plataforma.c: En la función ‘initPanif’:
../Proceso_Plataforma.c:33:54: aviso: comparación entre puntero y entero [activado por defecto]
../Proceso_Plataforma.c:37:2: aviso: declaración implícita de la función ‘strcpy’ [-Wimplicit-function-declaration]
../Proceso_Plataforma.c:37:2: aviso: declaración implícita incompatible de la función interna ‘strcpy’ [activado por defecto]
../Proceso_Plataforma.c:41:23: error: tipos incompatible en la asignación al tipo ‘char[20]’ del tipo ‘char *’
../Proceso_Plataforma.c:44:30: error: petición del miembro ‘PORT’ en algo que no es una estructura o unión
../Proceso_Plataforma.c:30:6: aviso: variable ‘error’ sin usar [-Wunused-variable]
../Proceso_Plataforma.c: En la función ‘initOrq’:
../Proceso_Plataforma.c:56:2: aviso: el paso del argumento 1 de ‘initServer’ crea un entero desde un puntero sin una conversión [activado por defecto]
In file included from ../Proceso_Plataforma.h:21:0,
                 from ../Proceso_Plataforma.c:2:
/home/utnso/Escritorio/TP/tp-20131c-mario-killers/lib/commons/Connections/Server.h:17:18: nota: se esperaba ‘int’ pero el argumento es de tipo ‘char *’
../Proceso_Plataforma.c:56:2: error: demasiados argumentos para la función ‘initServer’
In file included from ../Proceso_Plataforma.h:21:0,
                 from ../Proceso_Plataforma.c:2:
/home/utnso/Escritorio/TP/tp-20131c-mario-killers/lib/commons/Connections/Server.h:17:18: nota: se declara aquí
../Proceso_Plataforma.c: En la función ‘orq’:
../Proceso_Plataforma.c:75:27: aviso: deferenciando el puntero ‘void *’ [activado por defecto]
../Proceso_Plataforma.c:75:8: error: no se descarta el valor void como debería de ser
../Proceso_Plataforma.c:81:9: aviso: declaración implícita incompatible de la función interna ‘strcpy’ [activado por defecto]
../Proceso_Plataforma.c:80:21: aviso: la asignación crea un entero desde un puntero sin una conversión [activado por defecto]
../Proceso_Plataforma.c:85:9: aviso: se pasa el argumento 1 de ‘list_add’ desde un tipo de puntero incompatible [activado por defecto]
In file included from ../Proceso_Plataforma.h:15:0,
                 from ../Proceso_Plataforma.c:2:
/home/utnso/Escritorio/TP/tp-20131c-mario-killers/lib/commons/collections/list.h:33:6: nota: se esperaba ‘struct t_list *’ pero el argumento es de tipo ‘struct Nivel *’
../Proceso_Plataforma.c:85:9: error: faltan argumentos para la función ‘list_add’
In file included from ../Proceso_Plataforma.h:15:0,
                 from ../Proceso_Plataforma.c:2:
/home/utnso/Escritorio/TP/tp-20131c-mario-killers/lib/commons/collections/list.h:33:6: nota: se declara aquí
../Proceso_Plataforma.c:94:26: aviso: deferenciando el puntero ‘void *’ [activado por defecto]
../Proceso_Plataforma.c:94:8: error: no se descarta el valor void como debería de ser
../Proceso_Plataforma.c:96:9: aviso: declaración implícita incompatible de la función interna ‘strcpy’ [activado por defecto]
../Proceso_Plataforma.c:104:7: error: valor de case duplicado
../Proceso_Plataforma.c:73:7: error: se usó previamente aquí
make: *** [Proceso_Plataforma.o] Error 1

12:28:53 Build Finished (took 3s.888ms)

